2025-07-03 16:58:57 - main.php executado em /administrativo2/list-packages user_id=14 session_id=null
2025-07-03 16:58:59 - main.php executado em /administrativo2/list-groups-pages user_id=14 session_id=null
2025-07-03 16:59:01 - main.php executado em /administrativo2/list-pages user_id=14 session_id=null
2025-07-03 16:59:02 - main.php executado em /administrativo2/dashboard user_id=14 session_id=null
2025-07-03 17:00:21 - main.php executado em /administrativo2/dashboard user_id=14 session_id=null
2025-07-03 17:00:28 - main.php executado em /administrativo2/update-user/14 user_id=1 session_id=null
2025-07-03 17:00:36 - main.php executado em /administrativo2/dashboard user_id=1 session_id=null
2025-07-03 17:00:45 - main.php executado em /administrativo2/list-users user_id=1 session_id=37j22lq6lmjcatu6ov0jirnup7
2025-07-03 17:00:46 - main.php executado em /administrativo2/update-user/14 user_id=1 session_id=37j22lq6lmjcatu6ov0jirnup7
2025-07-03 17:00:49 - main.php executado em /administrativo2/view-user/14 user_id=1 session_id=37j22lq6lmjcatu6ov0jirnup7
2025-07-03 17:00:55 - main.php executado em /administrativo2/dashboard user_id=14 session_id=null
2025-07-03 17:00:58 - main.php executado em /administrativo2/list-groups-pages user_id=14 session_id=aa8af6cujbmegbqq14c4luls4g
2025-07-03 17:01:00 - main.php executado em /administrativo2/update-user/14 user_id=1 session_id=37j22lq6lmjcatu6ov0jirnup7
2025-07-03 17:01:03 - main.php executado em /administrativo2/view-user/14 user_id=1 session_id=37j22lq6lmjcatu6ov0jirnup7
2025-07-03 17:01:05 - main.php executado em /administrativo2/list-groups-pages user_id=14 session_id=aa8af6cujbmegbqq14c4luls4g
2025-07-03 17:01:11 - main.php executado em /administrativo2/list-users user_id=1 session_id=37j22lq6lmjcatu6ov0jirnup7
2025-07-03 17:01:20 - main.php executado em /administrativo2/update-user/14 user_id=1 session_id=37j22lq6lmjcatu6ov0jirnup7
2025-07-03 17:01:23 - main.php executado em /administrativo2/view-user/14 user_id=1 session_id=37j22lq6lmjcatu6ov0jirnup7
2025-07-03 17:01:31 - main.php executado em /administrativo2/dashboard user_id=14 session_id=null
2025-07-03 17:01:35 - main.php executado em /administrativo2/list-groups-pages user_id=14 session_id=aa8af6cujbmegbqq14c4luls4g
2025-07-03 17:01:45 - main.php executado em /administrativo2/password-policy/1 user_id=1 session_id=37j22lq6lmjcatu6ov0jirnup7
2025-07-03 17:01:54 - main.php executado em /administrativo2/password-policy/1 user_id=1 session_id=37j22lq6lmjcatu6ov0jirnup7
2025-07-03 17:02:03 - main.php executado em /administrativo2/dashboard user_id=14 session_id=null
2025-07-03 17:04:45 - main.php executado em /administrativo2/dashboard user_id=14 session_id=aa8af6cujbmegbqq14c4luls4g
2025-07-03 17:04:55 - main.php executado em /administrativo2/dashboard user_id=14 session_id=null
2025-07-03 17:05:00 - main.php executado em /administrativo2/dashboard user_id=1 session_id=37j22lq6lmjcatu6ov0jirnup7
2025-07-03 17:05:09 - main.php executado em /administrativo2/dashboard user_id=1 session_id=null
2025-07-03 17:05:15 - main.php executado em /administrativo2/password-policy/1 user_id=1 session_id=37j22lq6lmjcatu6ov0jirnup7
2025-07-03 17:05:19 - main.php executado em /administrativo2/password-policy/1 user_id=1 session_id=37j22lq6lmjcatu6ov0jirnup7
2025-07-03 17:05:24 - main.php executado em /administrativo2/password-policy/1 user_id=1 session_id=37j22lq6lmjcatu6ov0jirnup7
2025-07-03 17:05:26 - main.php executado em /administrativo2/dashboard user_id=1 session_id=37j22lq6lmjcatu6ov0jirnup7
2025-07-03 17:09:23 - main.php executado em /administrativo2/dashboard user_id=14 session_id=aa8af6cujbmegbqq14c4luls4g
2025-07-03 17:09:32 - main.php executado em /administrativo2/dashboard user_id=1 session_id=37j22lq6lmjcatu6ov0jirnup7
2025-07-03 17:16:05 - main.php executado em /administrativo2/password-policy/1 user_id=1 session_id=37j22lq6lmjcatu6ov0jirnup7
2025-07-03 17:24:44 - main.php executado em /administrativo2/password-policy/1 user_id=1 session_id=37j22lq6lmjcatu6ov0jirnup7
2025-07-03 17:24:46 - main.php executado em /administrativo2/list-users user_id=1 session_id=37j22lq6lmjcatu6ov0jirnup7
2025-07-03 17:24:48 - main.php executado em /administrativo2/update-user/14 user_id=1 session_id=37j22lq6lmjcatu6ov0jirnup7
2025-07-03 17:26:22 - main.php executado em /administrativo2/view-user/14 user_id=1 session_id=37j22lq6lmjcatu6ov0jirnup7
2025-07-03 17:26:34 - main.php executado em /administrativo2/update-user/14 user_id=1 session_id=37j22lq6lmjcatu6ov0jirnup7
2025-07-03 17:26:38 - main.php executado em /administrativo2/view-user/14 user_id=1 session_id=37j22lq6lmjcatu6ov0jirnup7
2025-07-03 17:26:40 - main.php executado em /administrativo2/dashboard user_id=14 session_id=null
2025-07-03 17:31:44 - main.php executado em /administrativo2/update-user/14 user_id=1 session_id=37j22lq6lmjcatu6ov0jirnup7
2025-07-03 17:31:47 - main.php executado em /administrativo2/view-user/14 user_id=1 session_id=37j22lq6lmjcatu6ov0jirnup7
2025-07-04 07:18:19 - main.php executado em /administrativo2/view-user/14 user_id=1 session_id=37j22lq6lmjcatu6ov0jirnup7
2025-07-04 07:22:38 - main.php executado em /administrativo2/dashboard user_id=14 session_id=null
2025-07-04 07:44:44 - main.php executado em /administrativo2/dashboard user_id=1 session_id=null
2025-07-04 07:44:49 - main.php executado em /administrativo2/list-users user_id=1 session_id=37j22lq6lmjcatu6ov0jirnup7
2025-07-04 07:54:06 - main.php executado em /administrativo2/password-policy/1 user_id=1 session_id=37j22lq6lmjcatu6ov0jirnup7
2025-07-04 07:54:34 - main.php executado em /administrativo2/password-policy/1 user_id=1 session_id=37j22lq6lmjcatu6ov0jirnup7
2025-07-04 07:55:27 - main.php executado em /administrativo2/list-users user_id=1 session_id=37j22lq6lmjcatu6ov0jirnup7
2025-07-04 07:55:30 - main.php executado em /administrativo2/update-user/14 user_id=1 session_id=37j22lq6lmjcatu6ov0jirnup7
2025-07-04 07:55:33 - main.php executado em /administrativo2/view-user/14 user_id=1 session_id=37j22lq6lmjcatu6ov0jirnup7
2025-07-04 07:55:38 - main.php executado em /administrativo2/dashboard user_id=14 session_id=null
2025-07-04 08:21:42 - main.php executado em /administrativo2/update-user/14 user_id=1 session_id=37j22lq6lmjcatu6ov0jirnup7
2025-07-04 08:21:48 - main.php executado em /administrativo2/dashboard user_id=1 session_id=null
2025-07-04 08:21:51 - main.php executado em /administrativo2/list-users user_id=1 session_id=37j22lq6lmjcatu6ov0jirnup7
2025-07-04 08:21:52 - main.php executado em /administrativo2/update-user/14 user_id=1 session_id=37j22lq6lmjcatu6ov0jirnup7
2025-07-04 08:21:56 - main.php executado em /administrativo2/view-user/14 user_id=1 session_id=37j22lq6lmjcatu6ov0jirnup7
2025-07-04 08:22:19 - main.php executado em /administrativo2/dashboard user_id=14 session_id=null
2025-07-04 08:32:42 - main.php executado em /administrativo2/list-users user_id=1 session_id=37j22lq6lmjcatu6ov0jirnup7
2025-07-04 08:32:44 - main.php executado em /administrativo2/update-user/14 user_id=1 session_id=37j22lq6lmjcatu6ov0jirnup7
2025-07-04 08:32:48 - main.php executado em /administrativo2/view-user/14 user_id=1 session_id=37j22lq6lmjcatu6ov0jirnup7
2025-07-04 08:33:13 - main.php executado em /administrativo2/dashboard user_id=14 session_id=null
2025-07-04 08:35:55 - main.php executado em /administrativo2/update-user/14 user_id=1 session_id=37j22lq6lmjcatu6ov0jirnup7
2025-07-04 08:35:59 - main.php executado em /administrativo2/view-user/14 user_id=1 session_id=37j22lq6lmjcatu6ov0jirnup7
2025-07-04 08:36:04 - main.php executado em /administrativo2/password-policy/1 user_id=1 session_id=37j22lq6lmjcatu6ov0jirnup7
2025-07-04 08:46:03 - main.php executado em /administrativo2/dashboard user_id=14 session_id=null
2025-07-04 08:59:40 - main.php executado em /administrativo2/update-user/14 user_id=1 session_id=37j22lq6lmjcatu6ov0jirnup7
2025-07-04 08:59:48 - main.php executado em /administrativo2/dashboard user_id=1 session_id=null
2025-07-04 08:59:51 - main.php executado em /administrativo2/password-policy/1 user_id=1 session_id=37j22lq6lmjcatu6ov0jirnup7
2025-07-04 08:59:55 - main.php executado em /administrativo2/list-users user_id=1 session_id=37j22lq6lmjcatu6ov0jirnup7
2025-07-04 08:59:58 - main.php executado em /administrativo2/update-user/14 user_id=1 session_id=37j22lq6lmjcatu6ov0jirnup7
2025-07-04 09:00:01 - main.php executado em /administrativo2/view-user/14 user_id=1 session_id=37j22lq6lmjcatu6ov0jirnup7
2025-07-04 09:00:11 - main.php executado em /administrativo2/dashboard user_id=14 session_id=null
2025-07-04 09:01:13 - main.php executado em /administrativo2/password-policy/1 user_id=1 session_id=37j22lq6lmjcatu6ov0jirnup7
2025-07-04 09:01:59 - main.php executado em /administrativo2/update-user/14 user_id=1 session_id=37j22lq6lmjcatu6ov0jirnup7
2025-07-04 09:02:02 - main.php executado em /administrativo2/view-user/14 user_id=1 session_id=37j22lq6lmjcatu6ov0jirnup7
2025-07-04 09:02:07 - main.php executado em /administrativo2/dashboard user_id=14 session_id=null
2025-07-04 09:04:25 - main.php executado em /administrativo2/dashboard user_id=14 session_id=null
2025-07-04 09:04:53 - main.php executado em /administrativo2/list-groups-pages user_id=14 session_id=aa8af6cujbmegbqq14c4luls4g
2025-07-04 09:09:17 - main.php executado em /administrativo2/dashboard user_id=14 session_id=null
2025-07-04 09:10:57 - main.php executado em /administrativo2/view-user/14 user_id=1 session_id=37j22lq6lmjcatu6ov0jirnup7
2025-07-04 09:11:03 - main.php executado em /administrativo2/dashboard user_id=1 session_id=null
2025-07-04 09:19:16 - main.php executado em /administrativo2/list-users user_id=1 session_id=37j22lq6lmjcatu6ov0jirnup7
2025-07-04 09:19:21 - main.php executado em /administrativo2/dashboard user_id=1 session_id=null
2025-07-04 09:19:24 - main.php executado em /administrativo2/list-users user_id=1 session_id=37j22lq6lmjcatu6ov0jirnup7
2025-07-04 09:19:26 - main.php executado em /administrativo2/update-user/14 user_id=1 session_id=37j22lq6lmjcatu6ov0jirnup7
2025-07-04 09:19:29 - main.php executado em /administrativo2/view-user/14 user_id=1 session_id=37j22lq6lmjcatu6ov0jirnup7
2025-07-04 09:22:35 - main.php executado em /administrativo2/dashboard user_id=14 session_id=aa8af6cujbmegbqq14c4luls4g
2025-07-04 09:22:41 - main.php executado em /administrativo2/dashboard user_id=14 session_id=null
2025-07-04 09:24:25 - main.php executado em /administrativo2/dashboard user_id=14 session_id=null
2025-07-04 09:37:45 - main.php executado em /administrativo2/view-user/14 user_id=1 session_id=37j22lq6lmjcatu6ov0jirnup7
2025-07-04 09:39:10 - main.php executado em /administrativo2/dashboard user_id=1 session_id=null
2025-07-04 09:39:13 - main.php executado em /administrativo2/list-users user_id=1 session_id=37j22lq6lmjcatu6ov0jirnup7
2025-07-04 09:39:16 - main.php executado em /administrativo2/update-user/14 user_id=1 session_id=37j22lq6lmjcatu6ov0jirnup7
2025-07-04 09:39:19 - main.php executado em /administrativo2/view-user/14 user_id=1 session_id=37j22lq6lmjcatu6ov0jirnup7
2025-07-04 09:39:34 - main.php executado em /administrativo2/dashboard user_id=14 session_id=null
2025-07-04 09:39:51 - main.php executado em /administrativo2/dashboard user_id=14 session_id=null
2025-07-04 09:41:23 - main.php executado em /administrativo2/dashboard user_id=14 session_id=null
2025-07-04 09:41:31 - main.php executado em /administrativo2/dashboard user_id=14 session_id=aa8af6cujbmegbqq14c4luls4g
2025-07-04 09:41:38 - main.php executado em /administrativo2/list-groups-pages user_id=14 session_id=aa8af6cujbmegbqq14c4luls4g
2025-07-04 09:42:25 - main.php executado em /administrativo2/update-user/14 user_id=1 session_id=37j22lq6lmjcatu6ov0jirnup7
2025-07-04 09:42:29 - main.php executado em /administrativo2/view-user/14 user_id=1 session_id=37j22lq6lmjcatu6ov0jirnup7
2025-07-04 09:42:34 - main.php executado em /administrativo2/dashboard user_id=14 session_id=null
2025-07-04 09:44:13 - main.php executado em /administrativo2/dashboard user_id=14 session_id=null
2025-07-04 09:46:21 - main.php executado em /administrativo2/dashboard user_id=14 session_id=aa8af6cujbmegbqq14c4luls4g
2025-07-04 09:46:40 - main.php executado em /administrativo2/password-policy/1 user_id=1 session_id=37j22lq6lmjcatu6ov0jirnup7
2025-07-04 09:47:02 - main.php executado em /administrativo2/password-policy/1 user_id=1 session_id=37j22lq6lmjcatu6ov0jirnup7
2025-07-04 09:47:40 - main.php executado em /administrativo2/update-user/14 user_id=1 session_id=37j22lq6lmjcatu6ov0jirnup7
2025-07-04 09:50:28 - main.php executado em /administrativo2/dashboard user_id=14 session_id=null
2025-07-04 09:50:51 - main.php executado em /administrativo2/password-policy/1 user_id=1 session_id=37j22lq6lmjcatu6ov0jirnup7
2025-07-04 09:54:23 - main.php executado em /administrativo2/dashboard user_id=14 session_id=null
2025-07-04 09:56:37 - main.php executado em /administrativo2/password-policy/1 user_id=1 session_id=37j22lq6lmjcatu6ov0jirnup7
2025-07-04 09:56:54 - main.php executado em /administrativo2/view-user/14 user_id=1 session_id=37j22lq6lmjcatu6ov0jirnup7
2025-07-04 09:57:37 - main.php executado em /administrativo2/update-user/14 user_id=1 session_id=37j22lq6lmjcatu6ov0jirnup7
2025-07-04 09:57:40 - main.php executado em /administrativo2/view-user/14 user_id=1 session_id=37j22lq6lmjcatu6ov0jirnup7
2025-07-04 09:57:40 - main.php executado em /administrativo2/update-user/14 user_id=1 session_id=37j22lq6lmjcatu6ov0jirnup7
2025-07-04 09:57:43 - main.php executado em /administrativo2/view-user/14 user_id=1 session_id=37j22lq6lmjcatu6ov0jirnup7
2025-07-04 09:57:50 - main.php executado em /administrativo2/dashboard user_id=14 session_id=null
2025-07-04 09:58:30 - main.php executado em /administrativo2/update-user/14 user_id=1 session_id=37j22lq6lmjcatu6ov0jirnup7
2025-07-04 09:58:33 - main.php executado em /administrativo2/view-user/14 user_id=1 session_id=37j22lq6lmjcatu6ov0jirnup7
2025-07-04 10:00:00 - main.php executado em /administrativo2/dashboard user_id=14 session_id=null
2025-07-04 10:00:50 - main.php executado em /administrativo2/update-user/14 user_id=1 session_id=37j22lq6lmjcatu6ov0jirnup7
2025-07-04 10:00:53 - main.php executado em /administrativo2/view-user/14 user_id=1 session_id=37j22lq6lmjcatu6ov0jirnup7
2025-07-04 10:01:13 - main.php executado em /administrativo2/dashboard user_id=14 session_id=null
2025-07-04 10:06:48 - main.php executado em /administrativo2/list-users user_id=1 session_id=37j22lq6lmjcatu6ov0jirnup7
2025-07-04 10:06:57 - main.php executado em /administrativo2/list-users?page=2&nome=&email=&per_page=10 user_id=1 session_id=37j22lq6lmjcatu6ov0jirnup7
2025-07-04 10:07:03 - main.php executado em /administrativo2/update-user/2 user_id=1 session_id=37j22lq6lmjcatu6ov0jirnup7
2025-07-04 10:07:50 - main.php executado em /administrativo2/view-user/2 user_id=1 session_id=37j22lq6lmjcatu6ov0jirnup7
2025-07-04 10:14:54 - main.php executado em /administrativo2/dashboard user_id=14 session_id=aa8af6cujbmegbqq14c4luls4g
2025-07-04 10:18:20 - main.php executado em /administrativo2/update-user/2 user_id=1 session_id=37j22lq6lmjcatu6ov0jirnup7
2025-07-04 10:18:25 - main.php executado em /administrativo2/dashboard user_id=1 session_id=null
2025-07-04 10:18:29 - main.php executado em /administrativo2/list-users user_id=1 session_id=37j22lq6lmjcatu6ov0jirnup7
2025-07-04 10:18:37 - main.php executado em /administrativo2/update-user/14 user_id=1 session_id=37j22lq6lmjcatu6ov0jirnup7
2025-07-04 10:18:40 - main.php executado em /administrativo2/view-user/14 user_id=1 session_id=37j22lq6lmjcatu6ov0jirnup7
2025-07-04 10:18:45 - main.php executado em /administrativo2/dashboard user_id=14 session_id=null
2025-07-04 10:19:49 - main.php executado em /administrativo2/password-policy/1 user_id=1 session_id=37j22lq6lmjcatu6ov0jirnup7
2025-07-04 10:19:57 - main.php executado em /administrativo2/update-user/14 user_id=1 session_id=37j22lq6lmjcatu6ov0jirnup7
2025-07-04 10:19:59 - main.php executado em /administrativo2/view-user/14 user_id=1 session_id=37j22lq6lmjcatu6ov0jirnup7
2025-07-04 10:20:01 - main.php executado em /administrativo2/update-user/14 user_id=1 session_id=37j22lq6lmjcatu6ov0jirnup7
2025-07-04 10:20:02 - main.php executado em /administrativo2/list-users user_id=1 session_id=37j22lq6lmjcatu6ov0jirnup7
2025-07-04 10:20:07 - main.php executado em /administrativo2/list-users?page=2&nome=&email=&per_page=10 user_id=1 session_id=37j22lq6lmjcatu6ov0jirnup7
2025-07-04 10:20:48 - main.php executado em /administrativo2/update-user/3 user_id=1 session_id=37j22lq6lmjcatu6ov0jirnup7
2025-07-04 10:20:53 - main.php executado em /administrativo2/view-user/3 user_id=1 session_id=37j22lq6lmjcatu6ov0jirnup7
2025-07-04 10:20:58 - main.php executado em /administrativo2/dashboard user_id=3 session_id=null
2025-07-04 10:21:08 - main.php executado em /administrativo2/dashboard user_id=3 session_id=null
2025-07-04 10:21:11 - main.php executado em /administrativo2/update-user/3 user_id=1 session_id=37j22lq6lmjcatu6ov0jirnup7
2025-07-04 10:21:15 - main.php executado em /administrativo2/view-user/3 user_id=1 session_id=37j22lq6lmjcatu6ov0jirnup7
2025-07-04 10:21:21 - main.php executado em /administrativo2/dashboard user_id=3 session_id=null
2025-07-04 10:21:24 - main.php executado em /administrativo2/update-password-user/3 user_id=1 session_id=37j22lq6lmjcatu6ov0jirnup7
2025-07-04 10:21:32 - main.php executado em /administrativo2/view-user/3 user_id=1 session_id=37j22lq6lmjcatu6ov0jirnup7
2025-07-04 10:21:41 - main.php executado em /administrativo2/dashboard user_id=3 session_id=null
2025-07-04 10:22:00 - main.php executado em /administrativo2/update-user/3 user_id=1 session_id=37j22lq6lmjcatu6ov0jirnup7
2025-07-04 10:22:49 - main.php executado em /administrativo2/view-user/3 user_id=1 session_id=37j22lq6lmjcatu6ov0jirnup7
2025-07-04 10:23:19 - main.php executado em /administrativo2/update-password-user/3 user_id=1 session_id=37j22lq6lmjcatu6ov0jirnup7
2025-07-04 10:23:38 - main.php executado em /administrativo2/view-user/3 user_id=1 session_id=37j22lq6lmjcatu6ov0jirnup7
2025-07-04 10:24:16 - main.php executado em /administrativo2/dashboard user_id=3 session_id=null
2025-07-04 10:24:31 - main.php executado em /administrativo2/update-user/3 user_id=1 session_id=37j22lq6lmjcatu6ov0jirnup7
2025-07-04 10:24:35 - main.php executado em /administrativo2/view-user/3 user_id=1 session_id=37j22lq6lmjcatu6ov0jirnup7
2025-07-04 10:24:36 - main.php executado em /administrativo2/update-user/3 user_id=1 session_id=37j22lq6lmjcatu6ov0jirnup7
2025-07-04 10:24:38 - main.php executado em /administrativo2/view-user/3 user_id=1 session_id=37j22lq6lmjcatu6ov0jirnup7
2025-07-04 10:24:46 - main.php executado em /administrativo2/update-password-user/3 user_id=1 session_id=37j22lq6lmjcatu6ov0jirnup7
2025-07-04 10:24:57 - main.php executado em /administrativo2/view-user/3 user_id=1 session_id=37j22lq6lmjcatu6ov0jirnup7
2025-07-04 10:25:13 - main.php executado em /administrativo2/dashboard user_id=3 session_id=null
2025-07-04 10:25:31 - main.php executado em /administrativo2/dashboard user_id=14 session_id=null
2025-07-04 10:25:50 - main.php executado em /administrativo2/dashboard user_id=2 session_id=null
2025-07-04 10:25:59 - main.php executado em /administrativo2/dashboard user_id=2 session_id=null
2025-07-04 10:26:06 - main.php executado em /administrativo2/dashboard user_id=1 session_id=null
2025-07-04 10:26:13 - main.php executado em /administrativo2/dashboard user_id=14 session_id=null
2025-07-04 10:26:33 - main.php executado em /administrativo2/dashboard user_id=3 session_id=null
2025-07-04 10:28:04 - main.php executado em /administrativo2/update-user/3 user_id=1 session_id=37j22lq6lmjcatu6ov0jirnup7
2025-07-04 10:28:11 - main.php executado em /administrativo2/dashboard user_id=1 session_id=null
2025-07-04 10:28:14 - main.php executado em /administrativo2/list-users user_id=1 session_id=37j22lq6lmjcatu6ov0jirnup7
2025-07-04 10:28:19 - main.php executado em /administrativo2/list-users?page=1&nome=&email=&per_page=10 user_id=1 session_id=37j22lq6lmjcatu6ov0jirnup7
2025-07-04 10:28:20 - main.php executado em /administrativo2/list-users?page=2&nome=&email=&per_page=10 user_id=1 session_id=37j22lq6lmjcatu6ov0jirnup7
2025-07-04 10:28:22 - main.php executado em /administrativo2/update-user/3 user_id=1 session_id=37j22lq6lmjcatu6ov0jirnup7
2025-07-04 10:28:26 - main.php executado em /administrativo2/view-user/3 user_id=1 session_id=37j22lq6lmjcatu6ov0jirnup7
2025-07-04 10:28:27 - main.php executado em /administrativo2/update-password-user/3 user_id=1 session_id=37j22lq6lmjcatu6ov0jirnup7
2025-07-04 10:28:37 - main.php executado em /administrativo2/view-user/3 user_id=1 session_id=37j22lq6lmjcatu6ov0jirnup7
2025-07-04 10:28:49 - main.php executado em /administrativo2/dashboard user_id=3 session_id=null
2025-07-04 10:31:49 - main.php executado em /administrativo2/update-user/3 user_id=1 session_id=37j22lq6lmjcatu6ov0jirnup7
2025-07-04 10:31:53 - main.php executado em /administrativo2/view-user/3 user_id=1 session_id=37j22lq6lmjcatu6ov0jirnup7
2025-07-04 10:32:20 - main.php executado em /administrativo2/password-policy/1 user_id=1 session_id=37j22lq6lmjcatu6ov0jirnup7
2025-07-04 10:33:17 - main.php executado em /administrativo2/password-policy/1 user_id=1 session_id=37j22lq6lmjcatu6ov0jirnup7
2025-07-04 10:33:19 - main.php executado em /administrativo2/update-user/3 user_id=1 session_id=37j22lq6lmjcatu6ov0jirnup7
2025-07-04 10:33:21 - main.php executado em /administrativo2/view-user/3 user_id=1 session_id=37j22lq6lmjcatu6ov0jirnup7
2025-07-04 10:34:03 - main.php executado em /administrativo2/dashboard user_id=3 session_id=null
2025-07-04 10:34:17 - main.php executado em /administrativo2/dashboard user_id=2 session_id=null
2025-07-04 10:36:37 - main.php executado em /administrativo2/dashboard user_id=3 session_id=null
2025-07-04 10:37:31 - main.php executado em /administrativo2/dashboard user_id=3 session_id=null
2025-07-04 10:39:14 - main.php executado em /administrativo2/dashboard user_id=3 session_id=2ikqdaapfc3ge730rafdtsav2v
2025-07-04 10:39:34 - main.php executado em /administrativo2/password-policy/1 user_id=1 session_id=37j22lq6lmjcatu6ov0jirnup7
2025-07-04 10:39:45 - main.php executado em /administrativo2/update-user/3 user_id=1 session_id=37j22lq6lmjcatu6ov0jirnup7
2025-07-04 10:42:08 - main.php executado em /administrativo2/dashboard user_id=3 session_id=null
2025-07-04 10:42:10 - main.php executado em /administrativo2/dashboard user_id=3 session_id=76ncve1589g4if6ob5n5un9h7i
2025-07-04 10:44:33 - main.php executado em /administrativo2/dashboard user_id=3 session_id=null
2025-07-04 10:49:07 - main.php executado em /administrativo2/list-users user_id=1 session_id=37j22lq6lmjcatu6ov0jirnup7
2025-07-04 10:49:11 - main.php executado em /administrativo2/list-users?page=2&nome=&email=&per_page=10 user_id=1 session_id=37j22lq6lmjcatu6ov0jirnup7
2025-07-04 10:49:18 - main.php executado em /administrativo2/update-user/3 user_id=1 session_id=37j22lq6lmjcatu6ov0jirnup7
2025-07-04 10:50:21 - main.php executado em /administrativo2/update-user/3 user_id=1 session_id=37j22lq6lmjcatu6ov0jirnup7
2025-07-04 10:53:36 - main.php executado em /administrativo2/dashboard user_id=3 session_id=null
2025-07-04 10:55:35 - main.php executado em /administrativo2/update-user/3 user_id=1 session_id=37j22lq6lmjcatu6ov0jirnup7
2025-07-04 11:04:41 - main.php executado em /administrativo2/update-user/3 user_id=1 session_id=37j22lq6lmjcatu6ov0jirnup7
2025-07-04 11:04:44 - main.php executado em /administrativo2/update-user/3 user_id=1 session_id=37j22lq6lmjcatu6ov0jirnup7
2025-07-04 11:04:54 - main.php executado em /administrativo2/password-policy/1 user_id=1 session_id=37j22lq6lmjcatu6ov0jirnup7
2025-07-04 11:06:44 - main.php executado em /administrativo2/dashboard user_id=1 session_id=37j22lq6lmjcatu6ov0jirnup7
2025-07-04 11:06:47 - main.php executado em /administrativo2/password-policy/1 user_id=1 session_id=37j22lq6lmjcatu6ov0jirnup7
2025-07-04 11:07:06 - main.php executado em /administrativo2/password-policy/1 user_id=1 session_id=37j22lq6lmjcatu6ov0jirnup7
2025-07-04 11:09:22 - main.php executado em /administrativo2/update-user/3 user_id=1 session_id=37j22lq6lmjcatu6ov0jirnup7
2025-07-04 11:10:02 - main.php executado em /administrativo2/update-user/3 user_id=1 session_id=37j22lq6lmjcatu6ov0jirnup7
2025-07-04 11:10:20 - main.php executado em /administrativo2/update-user/3 user_id=1 session_id=37j22lq6lmjcatu6ov0jirnup7
2025-07-04 11:11:11 - main.php executado em /administrativo2/list-users user_id=1 session_id=37j22lq6lmjcatu6ov0jirnup7
2025-07-04 11:11:15 - main.php executado em /administrativo2/list-users?page=2&nome=&email=&per_page=10 user_id=1 session_id=37j22lq6lmjcatu6ov0jirnup7
2025-07-04 11:11:20 - main.php executado em /administrativo2/update-user/3 user_id=1 session_id=37j22lq6lmjcatu6ov0jirnup7
2025-07-04 11:11:54 - main.php executado em /administrativo2/update-user/3 user_id=1 session_id=37j22lq6lmjcatu6ov0jirnup7
2025-07-04 11:12:55 - main.php executado em /administrativo2/view-user/3 user_id=1 session_id=37j22lq6lmjcatu6ov0jirnup7
2025-07-04 11:13:01 - main.php executado em /administrativo2/dashboard user_id=3 session_id=null
2025-07-04 11:13:19 - main.php executado em /administrativo2/view-user/3 user_id=1 session_id=37j22lq6lmjcatu6ov0jirnup7
2025-07-04 11:13:30 - main.php executado em /administrativo2/view-user/3 user_id=1 session_id=37j22lq6lmjcatu6ov0jirnup7
2025-07-04 11:13:31 - main.php executado em /administrativo2/view-user/3 user_id=1 session_id=37j22lq6lmjcatu6ov0jirnup7
2025-07-04 11:13:31 - main.php executado em /administrativo2/view-user/3 user_id=1 session_id=37j22lq6lmjcatu6ov0jirnup7
2025-07-04 11:14:01 - main.php executado em /administrativo2/view-user/3 user_id=1 session_id=37j22lq6lmjcatu6ov0jirnup7
2025-07-04 11:14:02 - main.php executado em /administrativo2/view-user/3 user_id=1 session_id=37j22lq6lmjcatu6ov0jirnup7
2025-07-04 11:14:02 - main.php executado em /administrativo2/view-user/3 user_id=1 session_id=37j22lq6lmjcatu6ov0jirnup7
2025-07-04 11:15:53 - main.php executado em /administrativo2/view-user/3 user_id=1 session_id=37j22lq6lmjcatu6ov0jirnup7
2025-07-04 11:15:54 - main.php executado em /administrativo2/view-user/3 user_id=1 session_id=37j22lq6lmjcatu6ov0jirnup7
2025-07-04 11:15:55 - main.php executado em /administrativo2/view-user/3 user_id=1 session_id=37j22lq6lmjcatu6ov0jirnup7
2025-07-04 11:15:56 - main.php executado em /administrativo2/view-user/3 user_id=1 session_id=37j22lq6lmjcatu6ov0jirnup7
2025-07-04 11:17:03 - main.php executado em /administrativo2/dashboard user_id=3 session_id=null
2025-07-04 11:17:07 - main.php executado em /administrativo2/view-user/3 user_id=1 session_id=37j22lq6lmjcatu6ov0jirnup7
2025-07-04 11:17:45 - main.php executado em /administrativo2/update-user/3 user_id=1 session_id=37j22lq6lmjcatu6ov0jirnup7
2025-07-04 11:18:31 - main.php executado em /administrativo2/list-users user_id=1 session_id=37j22lq6lmjcatu6ov0jirnup7
2025-07-04 11:18:33 - main.php executado em /administrativo2/update-user/14 user_id=1 session_id=37j22lq6lmjcatu6ov0jirnup7
2025-07-04 11:18:44 - main.php executado em /administrativo2/view-user/14 user_id=1 session_id=37j22lq6lmjcatu6ov0jirnup7
2025-07-04 11:18:53 - main.php executado em /administrativo2/dashboard user_id=14 session_id=null
2025-07-04 11:31:43 - main.php executado em /administrativo2/dashboard user_id=1 session_id=null
2025-07-04 11:31:46 - main.php executado em /administrativo2/dashboard user_id=14 session_id=57oai71t8ot7vah5dgq3nim35e
2025-07-04 11:31:58 - main.php executado em /administrativo2/list-users user_id=1 session_id=d2i1c2l7v7ongv6j6tc465shcr
2025-07-04 11:32:02 - main.php executado em /administrativo2/update-user/14 user_id=1 session_id=d2i1c2l7v7ongv6j6tc465shcr
2025-07-04 11:32:18 - main.php executado em /administrativo2/dashboard user_id=14 session_id=null
2025-07-04 11:32:22 - main.php executado em /administrativo2/dashboard user_id=14 session_id=3i02b6ark4uaunvpf2soqopcfh
2025-07-04 11:32:22 - main.php executado em /administrativo2/dashboard user_id=14 session_id=3i02b6ark4uaunvpf2soqopcfh
2025-07-04 11:32:22 - main.php executado em /administrativo2/dashboard user_id=14 session_id=3i02b6ark4uaunvpf2soqopcfh
2025-07-04 11:32:22 - main.php executado em /administrativo2/dashboard user_id=14 session_id=3i02b6ark4uaunvpf2soqopcfh
2025-07-04 11:32:23 - main.php executado em /administrativo2/dashboard user_id=14 session_id=3i02b6ark4uaunvpf2soqopcfh
2025-07-04 11:32:24 - main.php executado em /administrativo2/dashboard user_id=14 session_id=3i02b6ark4uaunvpf2soqopcfh
2025-07-04 11:32:24 - main.php executado em /administrativo2/dashboard user_id=14 session_id=3i02b6ark4uaunvpf2soqopcfh
2025-07-04 11:34:07 - main.php executado em /administrativo2/update-user/14 user_id=1 session_id=d2i1c2l7v7ongv6j6tc465shcr
2025-07-04 11:35:40 - main.php executado em /administrativo2/dashboard user_id=14 session_id=null
2025-07-04 11:35:46 - main.php executado em /administrativo2/update-user/14 user_id=1 session_id=d2i1c2l7v7ongv6j6tc465shcr
2025-07-04 11:38:11 - main.php executado em /administrativo2/update-user/14 user_id=1 session_id=d2i1c2l7v7ongv6j6tc465shcr
2025-07-04 11:38:12 - main.php executado em /administrativo2/update-user/14 user_id=1 session_id=d2i1c2l7v7ongv6j6tc465shcr
2025-07-04 11:38:13 - main.php executado em /administrativo2/update-user/14 user_id=1 session_id=d2i1c2l7v7ongv6j6tc465shcr
2025-07-04 11:38:20 - main.php executado em /administrativo2/update-user/14 user_id=1 session_id=d2i1c2l7v7ongv6j6tc465shcr
2025-07-04 11:40:12 - main.php executado em /administrativo2/update-user/14 user_id=1 session_id=d2i1c2l7v7ongv6j6tc465shcr
2025-07-04 11:40:18 - main.php executado em /administrativo2/update-user/14 user_id=1 session_id=d2i1c2l7v7ongv6j6tc465shcr
2025-07-04 11:40:20 - main.php executado em /administrativo2/update-user/14 user_id=1 session_id=d2i1c2l7v7ongv6j6tc465shcr
2025-07-04 11:41:49 - main.php executado em /administrativo2/view-user/14 user_id=1 session_id=d2i1c2l7v7ongv6j6tc465shcr
2025-07-04 11:41:53 - main.php executado em /administrativo2/update-user/14 user_id=1 session_id=d2i1c2l7v7ongv6j6tc465shcr
2025-07-04 11:41:56 - main.php executado em /administrativo2/view-user/14 user_id=1 session_id=d2i1c2l7v7ongv6j6tc465shcr
2025-07-04 11:42:04 - main.php executado em /administrativo2/dashboard user_id=14 session_id=null
2025-07-04 11:42:11 - main.php executado em /administrativo2/view-user/14 user_id=1 session_id=d2i1c2l7v7ongv6j6tc465shcr
2025-07-04 11:43:46 - main.php executado em /administrativo2/view-user/14 user_id=1 session_id=d2i1c2l7v7ongv6j6tc465shcr
2025-07-04 11:46:43 - main.php executado em /administrativo2/view-user/14 user_id=1 session_id=d2i1c2l7v7ongv6j6tc465shcr
2025-07-04 11:46:46 - main.php executado em /administrativo2/dashboard user_id=1 session_id=d2i1c2l7v7ongv6j6tc465shcr
2025-07-04 11:47:33 - main.php executado em /administrativo2/list-users user_id=1 session_id=d2i1c2l7v7ongv6j6tc465shcr
2025-07-04 11:49:17 - main.php executado em /administrativo2/update-user/14 user_id=1 session_id=d2i1c2l7v7ongv6j6tc465shcr
2025-07-04 11:49:27 - main.php executado em /administrativo2/dashboard user_id=14 session_id=null
2025-07-04 11:49:29 - main.php executado em /administrativo2/update-user/14 user_id=1 session_id=d2i1c2l7v7ongv6j6tc465shcr
2025-07-04 11:49:30 - main.php executado em /administrativo2/update-user/14 user_id=1 session_id=d2i1c2l7v7ongv6j6tc465shcr
2025-07-04 11:49:44 - main.php executado em /administrativo2/update-user/14 user_id=1 session_id=d2i1c2l7v7ongv6j6tc465shcr
2025-07-04 11:50:18 - main.php executado em /administrativo2/update-user/14 user_id=1 session_id=d2i1c2l7v7ongv6j6tc465shcr
