2025-07-04 16:09:41 - Início do método index
2025-07-04 16:09:41 - Sessão: {"user_id":14,"user_name":"teste1","user_email":"teste1@teste.com","user_username":"teste1","user_image":null,"user_department":"Comercial","user_position":"Analista","force_password_change":true}
2025-07-04 16:18:38 - Início do método index
2025-07-04 16:18:38 - Sessão: {"user_id":1,"user_name":"Manager","user_email":"manager@tiaraju.com.br","user_username":"manager","user_image":null,"user_department":"Tecnologia da Informa\u00e7\u00e3o","user_position":"Lider","session_id":"qomvokeakt6il4v3c44cs161s8","csrf_tokens":{"form_update_page":"1d9238c785a6a845ca8141b50209b3520cca08b1491055225e8b46b41d76fdd4","form_delete_user":"6e954743be9dc9d2da93b4bff99f3e41e2a350b4a1b20e08f5d10cf044962da6","form_update_access_level":"7f265538d27e0aab7bc88e4b5b1c9934b4a42399a232cb648d34034041d51cdd"}}
2025-07-04 16:20:03 - Início do método index
2025-07-04 16:20:03 - Sessão: {"user_id":14,"user_name":"teste1","user_email":"teste1@teste.com","user_username":"teste1","user_image":null,"user_department":"Comercial","user_position":"Analista","force_password_change":true}
2025-07-04 16:20:53 - Início do método index
2025-07-04 16:20:53 - Sessão: {"user_id":14,"user_name":"teste1","user_email":"teste1@teste.com","user_username":"teste1","user_image":null,"user_department":"Comercial","user_position":"Analista","session_id":"o3h5uiqm51dh2g0v1c5n15hhuc"}
2025-07-04 16:21:18 - Início do método index
2025-07-04 16:21:18 - Sessão: {"user_id":14,"user_name":"teste1","user_email":"teste1@teste.com","user_username":"teste1","user_image":null,"user_department":"Comercial","user_position":"Analista","session_id":"o3h5uiqm51dh2g0v1c5n15hhuc","csrf_tokens":{"form_force_password_change":"ff270ce2d78b3cdc720ed42ae99ae6774a2706622a912ed5c7be34a590498b9b"}}
2025-07-04 16:23:46 - Início do método index
2025-07-04 16:23:46 - Sessão: {"user_id":1,"user_name":"Manager","user_email":"manager@tiaraju.com.br","user_username":"manager","user_image":null,"user_department":"Tecnologia da Informa\u00e7\u00e3o","user_position":"Lider","session_id":"7cdj433cf1pus9qo81jcnn719l","csrf_tokens":{"form_delete_page":"aa155dfc750231f3e788cc64bbb28ed6ce6930ea7613fee72e8ba9df78ebf43e","form_delete_user":"34368c2ca3edf3dba218a5be248de9f6d5ae06b4bc79c6100855b03ddbb867e0","form_update_access_level":"b811150b1e6a4d6db20e50a1646d1b34e2b3e6fdef626888e6bd892e6b3b1fda","form_update_user":"6e551927f22504731d9db68e736b47074dc648c0be159c0e7ca1f2bcf3fcb12f","form_update_password_user":"b3a9a6404a39d2b917a0736068c7aa10be53b01eefed6699dba707c6536cd674"}}
2025-07-04 16:26:35 - Início do método index
2025-07-04 16:26:35 - Sessão: {"user_id":14,"user_name":"teste1","user_email":"teste1@teste.com","user_username":"teste1","user_image":null,"user_department":"Comercial","user_position":"Analista","force_password_change":true}
2025-07-04 16:26:45 - Início do método index
2025-07-04 16:26:45 - Sessão: {"csrf_tokens":{"form_login":"9e09c10739074140f64c9a281ac91a9a9c150771c07abe7bc0ce374dca4914fa"}}
2025-07-04 16:26:45 - Sessão inválida
2025-07-04 16:26:51 - Início do método index
2025-07-04 16:26:51 - Sessão: {"csrf_tokens":{"form_login":"f00b39e06fa238070791c5a6bd0bed39bfd16628c0a4788df1fe62e380d05cc0"}}
2025-07-04 16:26:51 - Sessão inválida
2025-07-04 16:29:13 - Início do método index
2025-07-04 16:29:13 - Sessão recebida: {"user_id":14,"user_name":"teste1","user_email":"teste1@teste.com","user_username":"teste1","user_image":null,"user_department":"Comercial","user_position":"Analista","force_password_change":true}
2025-07-04 16:33:43 - Início do método index
2025-07-04 16:33:43 - Sessão recebida: {"user_id":14,"user_name":"teste1","user_email":"teste1@teste.com","user_username":"teste1","user_image":null,"user_department":"Comercial","user_position":"Analista","force_password_change":true}
2025-07-04 16:38:58 - Início do método index
2025-07-04 16:38:58 - Sessão recebida: {"user_id":14,"user_name":"teste1","user_email":"teste1@teste.com","user_username":"teste1","user_image":null,"user_department":"Comercial","user_position":"Analista","force_password_change":true}
2025-07-04 16:46:11 - Início do método index
2025-07-04 16:46:11 - Sessão recebida: {"user_id":14,"user_name":"teste1","user_email":"teste1@teste.com","user_username":"teste1","user_image":null,"user_department":"Comercial","user_position":"Analista","force_password_change":true}
2025-07-04 16:51:23 - Início do método index
2025-07-04 16:51:23 - Sessão recebida: {"user_id":14,"user_name":"teste1","user_email":"teste1@teste.com","user_username":"teste1","user_image":null,"user_department":"Comercial","user_position":"Analista","force_password_change":true}
2025-07-04 16:52:20 - Início do método index
2025-07-04 16:52:20 - Sessão recebida: {"user_id":14,"user_name":"teste1","user_email":"teste1@teste.com","user_username":"teste1","user_image":null,"user_department":"Comercial","user_position":"Analista","force_password_change":true}
2025-07-04 16:56:10 - Início do método index
2025-07-04 16:56:10 - Sessão recebida: {"user_id":14,"user_name":"teste1","user_email":"teste1@teste.com","user_username":"teste1","user_image":null,"user_department":"Comercial","user_position":"Analista","force_password_change":true}
2025-07-04 16:56:37 - Início do método index
2025-07-04 16:56:37 - Sessão recebida: {"user_id":14,"user_name":"teste1","user_email":"teste1@teste.com","user_username":"teste1","user_image":null,"user_department":"Comercial","user_position":"Analista","force_password_change":true}
2025-07-04 17:05:51 - Início do método index
2025-07-04 17:05:51 - Sessão recebida: {"user_id":14,"user_name":"teste1","user_email":"teste1@teste.com","user_username":"teste1","user_image":null,"user_department":"Comercial","user_position":"Analista","force_password_change":true}
2025-07-04 17:10:04 - Início do método index
2025-07-04 17:10:04 - Sessão recebida: {"user_id":14,"user_name":"teste1","user_email":"teste1@teste.com","user_username":"teste1","user_image":null,"user_department":"Comercial","user_position":"Analista","force_password_change":true,"session_id":"iouta79m7io1cm7p8uk6o9j9is"}
2025-07-04 17:17:42 - Início do método index
2025-07-04 17:17:42 - Sessão recebida: {"user_id":14,"user_name":"teste1","user_email":"teste1@teste.com","user_username":"teste1","user_image":null,"user_department":"Comercial","user_position":"Analista","force_password_change":true,"session_id":"e2lvoljk6dep5hvdeophgjiffk"}
2025-07-04 17:20:06 - Início do método index
2025-07-04 17:20:06 - Sessão recebida: {"user_id":14,"user_name":"teste1","user_email":"teste1@teste.com","user_username":"teste1","user_image":null,"user_department":"Comercial","user_position":"Analista","force_password_change":true,"session_id":"9sock5u5m67sd3uj7m7vh9o05u"}
2025-07-04 17:22:44 - Início do método index
2025-07-04 17:22:44 - Sessão recebida: {"user_id":14,"user_name":"teste1","user_email":"teste1@teste.com","user_username":"teste1","user_image":null,"user_department":"Comercial","user_position":"Analista","force_password_change":true,"session_id":"hehjdqbjpu6fu9ascohg2t7nrt"}
2025-07-04 17:23:49 - Início do método index
2025-07-04 17:23:49 - Sessão recebida: {"user_id":14,"user_name":"teste1","user_email":"teste1@teste.com","user_username":"teste1","user_image":null,"user_department":"Comercial","user_position":"Analista","force_password_change":true,"session_id":"dofoqdhf1vdfgh4se72a9v1spe"}
2025-07-04 17:27:48 - Início do método index
2025-07-04 17:27:48 - Sessão recebida: {"user_id":14,"user_name":"teste1","user_email":"teste1@teste.com","user_username":"teste1","user_image":null,"user_department":"Comercial","user_position":"Analista","force_password_change":true,"session_id":"vggvsmtsaf3n6pfdi919kgog5p"}
2025-07-04 17:28:08 - Início do método index
2025-07-04 17:28:08 - Sessão recebida: {"user_id":14,"user_name":"teste1","user_email":"teste1@teste.com","user_username":"teste1","user_image":null,"user_department":"Comercial","user_position":"Analista","force_password_change":true,"session_id":"lc9nefhrsji2f3t2a8u1ckk5hd"}
2025-07-04 17:42:19 - Início do método index
2025-07-04 17:42:19 - Sessão recebida: {"user_id":14,"user_name":"teste1","user_email":"teste1@teste.com","user_username":"teste1","user_image":null,"user_department":"Comercial","user_position":"Analista","force_password_change":true,"session_id":"dkhm21vk950jfov8joc21erqgu"}
2025-07-04 17:49:53 - Início do método index
2025-07-04 17:49:53 - Sessão recebida: {"user_id":14,"user_name":"teste1","user_email":"teste1@teste.com","user_username":"teste1","user_image":null,"user_department":"Comercial","user_position":"Analista","force_password_change":true,"session_id":"e8f8kftl9m6qi0dgd367g61mno"}
2025-07-04 17:58:29 - Início do método index
2025-07-04 17:58:29 - Sessão recebida: {"user_id":14,"user_name":"teste1","user_email":"teste1@teste.com","user_username":"teste1","user_image":null,"user_department":"Comercial","user_position":"Analista","force_password_change":true,"session_id":"drsoaulr58riq89amrp35oue88"}
2025-07-04 17:58:38 - Início do método index
2025-07-04 17:58:38 - Sessão recebida: {"user_id":14,"user_name":"teste1","user_email":"teste1@teste.com","user_username":"teste1","user_image":null,"user_department":"Comercial","user_position":"Analista","force_password_change":true,"session_id":"15me5oajmp1ninkksduej7uuso"}
2025-07-04 18:01:20 - Início do método index
2025-07-04 18:01:20 - Sessão recebida: {"user_id":14,"user_name":"teste1","user_email":"teste1@teste.com","user_username":"teste1","user_image":null,"user_department":"Comercial","user_position":"Analista","force_password_change":true,"session_id":"u0o3dulf80vpbbi1aan71f30ad"}
2025-07-04 18:02:19 - Início do método index
2025-07-04 18:02:19 - Sessão recebida: {"user_id":14,"user_name":"teste1","user_email":"teste1@teste.com","user_username":"teste1","user_image":null,"user_department":"Comercial","user_position":"Analista","force_password_change":true,"session_id":"u0o3dulf80vpbbi1aan71f30ad","csrf_tokens":{"form_force_password_change":"9cdbd0311c1503237e825afbecebe23777f966b05144534140af2332993c3541"}}
2025-07-04 18:02:30 - Início do método index
2025-07-04 18:02:30 - Sessão recebida: {"user_id":14,"user_name":"teste1","user_email":"teste1@teste.com","user_username":"teste1","user_image":null,"user_department":"Comercial","user_position":"Analista","force_password_change":true,"session_id":"u0o3dulf80vpbbi1aan71f30ad","csrf_tokens":{"form_force_password_change":"20ce893adc1ef2ba7d81fe922e201f860c227c98bd8f0532e7afe25ca5173628"}}
2025-07-04 18:02:46 - Início do método index
2025-07-04 18:02:46 - Sessão recebida: {"user_id":14,"user_name":"teste1","user_email":"teste1@teste.com","user_username":"teste1","user_image":null,"user_department":"Comercial","user_position":"Analista","force_password_change":true,"session_id":"u0o3dulf80vpbbi1aan71f30ad","csrf_tokens":{"form_force_password_change":"d6c952fb7239e01f497dd57a30c5413765a9abc26af38bf9c18f57ec6a0f372c"}}
2025-07-04 18:02:48 - Início do método index
2025-07-04 18:02:48 - Sessão recebida: {"user_id":14,"user_name":"teste1","user_email":"teste1@teste.com","user_username":"teste1","user_image":null,"user_department":"Comercial","user_position":"Analista","force_password_change":true,"session_id":"u0o3dulf80vpbbi1aan71f30ad","csrf_tokens":{"form_force_password_change":"f2d007470c286407305bd623bcc29a8155e461cf1002e2651077e31d80b091fc"}}
2025-07-04 18:03:04 - Início do método index
2025-07-04 18:03:04 - Sessão recebida: {"user_id":14,"user_name":"teste1","user_email":"teste1@teste.com","user_username":"teste1","user_image":null,"user_department":"Comercial","user_position":"Analista","force_password_change":true,"session_id":"u0o3dulf80vpbbi1aan71f30ad","csrf_tokens":{"form_force_password_change":"239cc16e9f8870a7909cd8baef2f54510539665c0a8386709385bd58e9cd6dbf"}}
2025-07-04 18:03:04 - Submissão do formulário
2025-07-04 18:03:04 - Início do editPasswordUser
2025-07-04 18:03:04 - Erros de validação: {"email":"O campo email \u00e9 obrigat\u00f3rio.","confirm_password":"O campo confirmar senha \u00e9 obrigat\u00f3rio."}
2025-07-04 18:03:17 - Início do método index
2025-07-04 18:03:17 - Sessão recebida: {"user_id":14,"user_name":"teste1","user_email":"teste1@teste.com","user_username":"teste1","user_image":null,"user_department":"Comercial","user_position":"Analista","force_password_change":true,"session_id":"u0o3dulf80vpbbi1aan71f30ad","csrf_tokens":{"form_force_password_change":"06c802b6e4e3cafc795581189d0acb921fcb94470266ed3fb1bc14f69a3b76b3"}}
2025-07-04 18:03:17 - Submissão do formulário
2025-07-04 18:03:17 - Início do editPasswordUser
2025-07-04 18:03:17 - Erros de validação: {"email":"O campo email \u00e9 obrigat\u00f3rio.","confirm_password":"O campo confirmar senha \u00e9 obrigat\u00f3rio."}
2025-07-04 18:04:47 - Início do método index
2025-07-04 18:04:47 - Sessão recebida: {"user_id":14,"user_name":"teste1","user_email":"teste1@teste.com","user_username":"teste1","user_image":null,"user_department":"Comercial","user_position":"Analista","force_password_change":true,"session_id":"75jbg1ahtk9oobcn93rn1nul76"}
2025-07-04 18:05:11 - Início do método index
2025-07-04 18:05:11 - Sessão recebida: {"user_id":14,"user_name":"teste1","user_email":"teste1@teste.com","user_username":"teste1","user_image":null,"user_department":"Comercial","user_position":"Analista","force_password_change":true,"session_id":"75jbg1ahtk9oobcn93rn1nul76","csrf_tokens":{"form_force_password_change":"fbc638963bbce96e93f16a9fd27a910f55859fe468d15807c59de2b74706a6f2"}}
2025-07-04 18:05:11 - Submissão do formulário
2025-07-04 18:05:11 - Início do editPasswordUser
2025-07-04 18:05:11 - Erros de validação: {"email":"O campo email \u00e9 obrigat\u00f3rio.","confirm_password":"O campo confirmar senha \u00e9 obrigat\u00f3rio."}
2025-07-04 18:06:17 - Início do método index
2025-07-04 18:06:17 - Sessão recebida: {"user_id":14,"user_name":"teste1","user_email":"teste1@teste.com","user_username":"teste1","user_image":null,"user_department":"Comercial","user_position":"Analista","force_password_change":true,"session_id":"75jbg1ahtk9oobcn93rn1nul76","csrf_tokens":{"form_force_password_change":"587a84ea0043fe2c603ba60509e94bc2ff3feee8b5f043c47cd094653dfbf84f"}}
2025-07-04 18:06:36 - Início do método index
2025-07-04 18:06:36 - Sessão recebida: {"user_id":14,"user_name":"teste1","user_email":"teste1@teste.com","user_username":"teste1","user_image":null,"user_department":"Comercial","user_position":"Analista","force_password_change":true,"session_id":"r03jcqrgaoig5ctr0e1e0i6g34"}
2025-07-06 19:34:20 - Início do método index
2025-07-06 19:34:20 - Sessão recebida: {"user_id":14,"user_name":"teste1","user_email":"teste1@teste.com","user_username":"teste1","user_image":null,"user_department":"Comercial","user_position":"Analista","force_password_change":true,"session_id":"knae4p5acvvo5sqfduv7tjt3ma"}
2025-07-06 19:35:08 - Início do método index
2025-07-06 19:35:08 - Sessão recebida: {"user_id":14,"user_name":"teste1","user_email":"teste1@teste.com","user_username":"teste1","user_image":null,"user_department":"Comercial","user_position":"Analista","force_password_change":true,"session_id":"knae4p5acvvo5sqfduv7tjt3ma","csrf_tokens":{"form_force_password_change":"9fa841cbf76dc1673a34478fa2b5fbd89b1a731212ff6b0ab31177cd9fadd2af"}}
2025-07-06 19:35:08 - Submissão do formulário
2025-07-06 19:35:08 - Início do editPasswordUser
2025-07-06 19:35:08 - Erros de validação: {"email":"O campo email \u00e9 obrigat\u00f3rio.","confirm_password":"O campo confirmar senha \u00e9 obrigat\u00f3rio."}
2025-07-06 19:41:22 - Início do método index
2025-07-06 19:41:22 - Sessão recebida: {"user_id":14,"user_name":"teste1","user_email":"teste1@teste.com","user_username":"teste1","user_image":null,"user_department":"Comercial","user_position":"Analista","force_password_change":true,"session_id":"knae4p5acvvo5sqfduv7tjt3ma","csrf_tokens":{"form_force_password_change":"c7509f3d722382bfce2b4e3f91fb1cb0259f6dae8e524fa01840fbd547c5d960"}}
2025-07-06 19:41:44 - Início do método index
2025-07-06 19:41:44 - Sessão recebida: {"user_id":14,"user_name":"teste1","user_email":"teste1@teste.com","user_username":"teste1","user_image":null,"user_department":"Comercial","user_position":"Analista","force_password_change":true,"session_id":"knae4p5acvvo5sqfduv7tjt3ma","csrf_tokens":{"form_force_password_change":"100f214048d735903386465ab7470defeda5838afdd8d60dc5f6349a0ccff41d"}}
2025-07-06 19:41:44 - Submissão do formulário
2025-07-06 19:41:44 - Início do editPasswordUser
2025-07-06 19:41:44 - Erros de validação: {"password":"A senha n\u00e3o atende \u00e0 pol\u00edtica de seguran\u00e7a.","confirm_password":"O campo confirmar senha \u00e9 obrigat\u00f3rio."}
2025-07-06 19:42:18 - Início do método index
2025-07-06 19:42:18 - Sessão recebida: {"user_id":14,"user_name":"teste1","user_email":"teste1@teste.com","user_username":"teste1","user_image":null,"user_department":"Comercial","user_position":"Analista","force_password_change":true,"session_id":"knae4p5acvvo5sqfduv7tjt3ma","csrf_tokens":{"form_force_password_change":"e35552053945b322d8e3ee0b46671e04cfca4896807ed8f013d0a51ef5452287"}}
2025-07-06 19:42:18 - Submissão do formulário
2025-07-06 19:42:18 - Início do editPasswordUser
2025-07-06 19:42:18 - Erros de validação: {"password":"A senha n\u00e3o atende \u00e0 pol\u00edtica de seguran\u00e7a.","confirm_password":"O campo confirmar senha \u00e9 obrigat\u00f3rio."}
2025-07-06 19:43:20 - Início do método index
2025-07-06 19:43:20 - Sessão recebida: {"user_id":14,"user_name":"teste1","user_email":"teste1@teste.com","user_username":"teste1","user_image":null,"user_department":"Comercial","user_position":"Analista","force_password_change":true,"session_id":"knae4p5acvvo5sqfduv7tjt3ma","csrf_tokens":{"form_force_password_change":"5b9c0d0f3fd9572777b13ff098cc6b928991d681d6aeb52d30a7fea13e45494a"}}
2025-07-06 19:43:28 - Início do método index
2025-07-06 19:43:28 - Sessão recebida: {"user_id":14,"user_name":"teste1","user_email":"teste1@teste.com","user_username":"teste1","user_image":null,"user_department":"Comercial","user_position":"Analista","force_password_change":true,"session_id":"knae4p5acvvo5sqfduv7tjt3ma","csrf_tokens":{"form_force_password_change":"945cff254a21c3a63b7c8a34195ef9251778c7d553979b1a02030bab5b091683"}}
2025-07-06 19:43:28 - Submissão do formulário
2025-07-06 19:43:28 - Início do editPasswordUser
2025-07-06 19:43:28 - Erros de validação: {"password":"A senha n\u00e3o atende \u00e0 pol\u00edtica de seguran\u00e7a:<br>\u2022 Pelo menos 1 letra(s) min\u00fascula(s)<br>\u2022 Pelo menos 1 n\u00famero(s)<br>\u2022 Pelo menos 1 caractere(s) especial(is)<br>\u2022 M\u00ednimo de 8 caracteres","confirm_password":"O campo confirmar senha \u00e9 obrigat\u00f3rio."}
2025-07-06 19:44:01 - Início do método index
2025-07-06 19:44:01 - Sessão recebida: {"user_id":14,"user_name":"teste1","user_email":"teste1@teste.com","user_username":"teste1","user_image":null,"user_department":"Comercial","user_position":"Analista","force_password_change":true,"session_id":"knae4p5acvvo5sqfduv7tjt3ma","csrf_tokens":{"form_force_password_change":"250fbfb4610b1b6e3ec3ebeb23944ef73f51ef4e3dec24910d793ff19c48d6b0"}}
2025-07-06 19:44:17 - Início do método index
2025-07-06 19:44:17 - Sessão recebida: {"user_id":14,"user_name":"teste1","user_email":"teste1@teste.com","user_username":"teste1","user_image":null,"user_department":"Comercial","user_position":"Analista","force_password_change":true,"session_id":"knae4p5acvvo5sqfduv7tjt3ma","csrf_tokens":{"form_force_password_change":"cb9e5b45747da5a4af3530923f1f97d9447b81c4f806f025d6207a769739c393"}}
2025-07-06 19:44:17 - Submissão do formulário
2025-07-06 19:44:17 - Início do editPasswordUser
2025-07-06 19:44:17 - Erros de validação: {"password":"A senha n\u00e3o atende \u00e0 pol\u00edtica de seguran\u00e7a:<br>\u2022 Pelo menos 1 letra(s) min\u00fascula(s)<br>\u2022 Pelo menos 1 n\u00famero(s)<br>\u2022 Pelo menos 1 caractere(s) especial(is)<br>\u2022 M\u00ednimo de 8 caracteres","confirm_password":"O campo confirmar senha \u00e9 obrigat\u00f3rio."}
2025-07-06 19:44:46 - Início do método index
2025-07-06 19:44:46 - Sessão recebida: {"user_id":14,"user_name":"teste1","user_email":"teste1@teste.com","user_username":"teste1","user_image":null,"user_department":"Comercial","user_position":"Analista","force_password_change":true,"session_id":"knae4p5acvvo5sqfduv7tjt3ma","csrf_tokens":{"form_force_password_change":"6683afd720f2d07858091457ba42dfa7a714e7c9fe21e6a65c3d2f557e04a9f0"}}
2025-07-06 19:44:46 - Submissão do formulário
2025-07-06 19:44:46 - Início do editPasswordUser
2025-07-06 19:44:46 - Erros de validação: {"confirm_password":"O campo confirmar senha \u00e9 obrigat\u00f3rio."}
2025-07-06 19:47:19 - Início do método index
2025-07-06 19:47:19 - Sessão recebida: {"user_id":14,"user_name":"teste1","user_email":"teste1@teste.com","user_username":"teste1","user_image":null,"user_department":"Comercial","user_position":"Analista","force_password_change":true,"session_id":"knae4p5acvvo5sqfduv7tjt3ma","csrf_tokens":{"form_force_password_change":"58e8aebab7bc905b2b66b793c20529331858f9b9aa6a50994c0166787a8c3aad"}}
2025-07-06 19:47:19 - Submissão do formulário
2025-07-06 19:47:19 - Início do editPasswordUser
2025-07-06 19:47:19 - Erros de validação: {"password":"A senha n\u00e3o atende \u00e0 pol\u00edtica de seguran\u00e7a:<br>\u2022 Pelo menos 1 letra(s) min\u00fascula(s)<br>\u2022 Pelo menos 1 n\u00famero(s)<br>\u2022 Pelo menos 1 caractere(s) especial(is)<br>\u2022 M\u00ednimo de 8 caracteres","confirm_password":"O campo confirmar senha \u00e9 obrigat\u00f3rio."}
2025-07-06 19:47:33 - Início do método index
2025-07-06 19:47:33 - Sessão recebida: {"user_id":14,"user_name":"teste1","user_email":"teste1@teste.com","user_username":"teste1","user_image":null,"user_department":"Comercial","user_position":"Analista","force_password_change":true,"session_id":"knae4p5acvvo5sqfduv7tjt3ma","csrf_tokens":{"form_force_password_change":"b3aebe17e88bd73eee613f437043c4f6a7e17e9053477ea089ae5d6160e85b4a"}}
2025-07-06 19:47:33 - Submissão do formulário
2025-07-06 19:47:33 - Início do editPasswordUser
2025-07-06 19:47:33 - Resultado updatePasswordUser: true
2025-07-06 19:47:33 - Senha alterada, redirecionando para dashboard
2025-07-06 19:47:51 - Início do método index
2025-07-06 19:47:51 - Sessão recebida: {"user_id":14,"user_name":"teste1","user_email":"teste1@teste.com","user_username":"teste1","user_image":null,"user_department":"Comercial","user_position":"Analista","force_password_change":true,"session_id":"qql6h3ph41f8fehpehpjpro2c6"}
2025-07-06 19:48:11 - Início do método index
2025-07-06 19:48:11 - Sessão recebida: {"user_id":14,"user_name":"teste1","user_email":"teste1@teste.com","user_username":"teste1","user_image":null,"user_department":"Comercial","user_position":"Analista","force_password_change":true,"session_id":"qql6h3ph41f8fehpehpjpro2c6","csrf_tokens":{"form_force_password_change":"ce08ae2233286574459160b4d69a0b23eef97860500891c39c78bdc74bcbfaef"}}
2025-07-06 19:48:11 - Submissão do formulário
2025-07-06 19:48:11 - Início do editPasswordUser
2025-07-06 19:48:11 - Erros de validação: {"password":"A senha n\u00e3o atende \u00e0 pol\u00edtica de seguran\u00e7a:<br>\u2022 Pelo menos 1 letra(s) min\u00fascula(s)<br>\u2022 Pelo menos 1 n\u00famero(s)<br>\u2022 Pelo menos 1 caractere(s) especial(is)<br>\u2022 M\u00ednimo de 8 caracteres"}
2025-07-06 19:48:23 - Início do método index
2025-07-06 19:48:23 - Sessão recebida: {"user_id":14,"user_name":"teste1","user_email":"teste1@teste.com","user_username":"teste1","user_image":null,"user_department":"Comercial","user_position":"Analista","force_password_change":true,"session_id":"qql6h3ph41f8fehpehpjpro2c6","csrf_tokens":{"form_force_password_change":"444eca581ccf21159dd4469d715ce5e15afe19fa33d5d0763d05ab908c89f792"}}
2025-07-06 19:48:23 - Submissão do formulário
2025-07-06 19:48:23 - Início do editPasswordUser
2025-07-06 19:48:23 - Erros de validação: {"password":"A senha n\u00e3o atende \u00e0 pol\u00edtica de seguran\u00e7a:<br>\u2022 Pelo menos 1 letra(s) min\u00fascula(s)<br>\u2022 Pelo menos 1 n\u00famero(s)<br>\u2022 Pelo menos 1 caractere(s) especial(is)<br>\u2022 M\u00ednimo de 8 caracteres"}
2025-07-07 07:20:30 - Início do método index
2025-07-07 07:20:30 - Sessão recebida: {"user_id":14,"user_name":"teste1","user_email":"teste1@teste.com","user_username":"teste1","user_image":null,"user_department":"Comercial","user_position":"Analista","force_password_change":true,"session_id":"tm9a075alkodpifcdntrvnap7r"}
2025-07-07 07:35:39 - Início do método index
2025-07-07 07:35:39 - Sessão recebida: {"user_id":14,"user_name":"teste1","user_email":"teste1@teste.com","user_username":"teste1","user_image":null,"user_department":"Comercial","user_position":"Analista","force_password_change":true,"session_id":"tm9a075alkodpifcdntrvnap7r","csrf_tokens":{"form_force_password_change":"f8b41ca187962d1f5268b47bca24cfc0ee96f8f3defa66e33ca17305a736cd6c"}}
2025-07-07 07:35:39 - Submissão do formulário
2025-07-07 07:35:39 - Início do editPasswordUser
2025-07-07 07:35:39 - Resultado updatePasswordUser: true
2025-07-07 07:35:39 - Senha alterada, redirecionando para dashboard
2025-07-07 07:35:51 - Início do método index
2025-07-07 07:35:51 - Sessão recebida: {"user_id":14,"user_name":"teste1","user_email":"teste1@teste.com","user_username":"teste1","user_image":null,"user_department":"Comercial","user_position":"Analista","force_password_change":true,"session_id":"t8iobv0i46hsv1qfhu949u7s19"}
2025-07-07 07:35:58 - Início do método index
2025-07-07 07:35:58 - Sessão recebida: {"user_id":14,"user_name":"teste1","user_email":"teste1@teste.com","user_username":"teste1","user_image":null,"user_department":"Comercial","user_position":"Analista","force_password_change":true,"session_id":"t8iobv0i46hsv1qfhu949u7s19","csrf_tokens":{"form_force_password_change":"cbb92799da06521434b3def7d817bc7e7e790149db0558839fb72d2965aa1c5e"}}
2025-07-07 07:35:58 - Submissão do formulário
2025-07-07 07:35:58 - Início do editPasswordUser
2025-07-07 07:35:58 - Resultado updatePasswordUser: true
2025-07-07 07:35:58 - Senha alterada, redirecionando para dashboard
2025-07-07 07:38:08 - Início do método index
2025-07-07 07:38:08 - Sessão recebida: {"user_id":14,"user_name":"teste1","user_email":"teste1@teste.com","user_username":"teste1","user_image":null,"user_department":"Comercial","user_position":"Analista","force_password_change":true,"session_id":"9f8t08c0dm3gffnomj6qppmrvf"}
2025-07-07 07:40:03 - Início do método index
2025-07-07 07:40:03 - Sessão recebida: {"user_id":14,"user_name":"teste1","user_email":"teste1@teste.com","user_username":"teste1","user_image":null,"user_department":"Comercial","user_position":"Analista","force_password_change":true,"session_id":"4d8ogasf0odu8on8is8g7mjbig"}
2025-07-07 07:40:10 - Início do método index
2025-07-07 07:40:10 - Sessão recebida: {"user_id":14,"user_name":"teste1","user_email":"teste1@teste.com","user_username":"teste1","user_image":null,"user_department":"Comercial","user_position":"Analista","force_password_change":true,"session_id":"4d8ogasf0odu8on8is8g7mjbig","csrf_tokens":{"form_force_password_change":"f301102209de44e60274f37bcea4c1eb7f2f778277268b264e411518ea791103"}}
2025-07-07 07:40:10 - Submissão do formulário
2025-07-07 07:40:10 - Início do editPasswordUser
2025-07-07 07:40:10 - Resultado updatePasswordUser: true
2025-07-07 07:40:10 - Senha alterada, redirecionando para dashboard
2025-07-07 07:42:27 - Início do método index
2025-07-07 07:42:27 - Sessão recebida: {"user_id":14,"user_name":"teste1","user_email":"teste1@teste.com","user_username":"teste1","user_image":null,"user_department":"Comercial","user_position":"Analista","force_password_change":true,"session_id":"ov3lpbffp8u69u5078f8u6kjfv"}
2025-07-07 07:42:34 - Início do método index
2025-07-07 07:42:34 - Sessão recebida: {"user_id":14,"user_name":"teste1","user_email":"teste1@teste.com","user_username":"teste1","user_image":null,"user_department":"Comercial","user_position":"Analista","force_password_change":true,"session_id":"ov3lpbffp8u69u5078f8u6kjfv","csrf_tokens":{"form_force_password_change":"783f11c91abd36a50a3885bd06da4fd54b6f08a5cbfec4e66552f5c46dc2665a"}}
2025-07-07 07:42:34 - Submissão do formulário
2025-07-07 07:42:34 - Início do editPasswordUser
2025-07-07 07:42:35 - Resultado updatePasswordUser: true
2025-07-07 07:42:35 - Senha alterada, redirecionando para dashboard
2025-07-07 07:44:11 - Início do método index
2025-07-07 07:44:11 - Sessão recebida: {"user_id":14,"user_name":"teste1","user_email":"teste1@teste.com","user_username":"teste1","user_image":null,"user_department":"Comercial","user_position":"Analista","force_password_change":true,"session_id":"in0idqpgs3gk65u1p4dijk9o13"}
2025-07-07 07:44:22 - Início do método index
2025-07-07 07:44:22 - Sessão recebida: {"user_id":14,"user_name":"teste1","user_email":"teste1@teste.com","user_username":"teste1","user_image":null,"user_department":"Comercial","user_position":"Analista","force_password_change":true,"session_id":"in0idqpgs3gk65u1p4dijk9o13","csrf_tokens":{"form_force_password_change":"e2294771a8f889badf379cd9273c7c5875fca48944c6f4727b2e94a52a936541"}}
2025-07-07 07:44:22 - Submissão do formulário
2025-07-07 07:44:22 - Início do editPasswordUser
2025-07-07 07:44:22 - Resultado updatePasswordUser: true
2025-07-07 07:44:22 - Senha alterada, redirecionando para dashboard
2025-07-07 07:47:10 - Início do método index
2025-07-07 07:47:10 - Sessão recebida: {"user_id":14,"user_name":"teste1","user_email":"teste1@teste.com","user_username":"teste1","user_image":null,"user_department":"Comercial","user_position":"Analista","force_password_change":true,"session_id":"59k110sioe02fhsuigsgfapbp2"}
2025-07-07 07:47:15 - Início do método index
2025-07-07 07:47:15 - Sessão recebida: {"user_id":14,"user_name":"teste1","user_email":"teste1@teste.com","user_username":"teste1","user_image":null,"user_department":"Comercial","user_position":"Analista","force_password_change":true,"session_id":"59k110sioe02fhsuigsgfapbp2","csrf_tokens":{"form_force_password_change":"73a8cf647046bbc602d0d68e125e11e41de6444ddfb9ad6a97ab831a67e4c65f"}}
2025-07-07 07:47:15 - Submissão do formulário
2025-07-07 07:47:15 - Início do editPasswordUser
2025-07-07 07:47:15 - Resultado updatePasswordUser: true
2025-07-07 07:47:15 - Senha alterada, redirecionando para dashboard
2025-07-07 07:52:44 - Início do método index
2025-07-07 07:52:44 - Sessão recebida: {"user_id":14,"user_name":"teste1","user_email":"teste1@teste.com","user_username":"teste1","user_image":null,"user_department":"Comercial","user_position":"Analista","force_password_change":true,"session_id":"g673ja0n5atf3d87b946vqlcqg"}
2025-07-07 07:52:55 - Início do método index
2025-07-07 07:52:55 - Sessão recebida: {"user_id":14,"user_name":"teste1","user_email":"teste1@teste.com","user_username":"teste1","user_image":null,"user_department":"Comercial","user_position":"Analista","force_password_change":true,"session_id":"g673ja0n5atf3d87b946vqlcqg","csrf_tokens":{"form_force_password_change":"077e3bfb9e87b5a67b71a21840c6c0df7764ab3d051af46c3055a96b4b04e50d"}}
2025-07-07 07:52:55 - Submissão do formulário
2025-07-07 07:52:55 - Início do editPasswordUser
2025-07-07 07:52:55 - Resultado updatePasswordUser: true
2025-07-07 07:52:55 - Senha alterada, redirecionando para dashboard
2025-07-07 08:14:05 - Início do método index
2025-07-07 08:14:05 - Sessão recebida: {"user_id":3,"user_name":"Wladimir Ribeiro de Souza","user_email":"wladimir.souza@tiaraju.com.br","user_username":"wladimir.souza","user_image":null,"user_department":"Tecnologia da Informa\u00e7\u00e3o","user_position":"Analista","force_password_change":true,"session_id":"mjo3pgehn9f3hso3qnpc79fsil"}
2025-07-07 08:14:39 - Início do método index
2025-07-07 08:14:39 - Sessão recebida: {"user_id":3,"user_name":"Wladimir Ribeiro de Souza","user_email":"wladimir.souza@tiaraju.com.br","user_username":"wladimir.souza","user_image":null,"user_department":"Tecnologia da Informa\u00e7\u00e3o","user_position":"Analista","force_password_change":true,"session_id":"mjo3pgehn9f3hso3qnpc79fsil","csrf_tokens":{"form_force_password_change":"12b86a71b519c35caf3a3071dddc5502c8d23ad9c6dafa3279f2435c598c2a7f"}}
2025-07-07 08:14:39 - Submissão do formulário
2025-07-07 08:14:39 - Início do editPasswordUser
2025-07-07 08:14:40 - Resultado updatePasswordUser: true
2025-07-07 08:14:40 - Senha alterada, redirecionando para dashboard
2025-07-07 09:11:00 - Início do método index
2025-07-07 09:11:00 - Sessão recebida: {"user_id":7,"user_name":"Camila Carvalho Lago","user_email":"camila.lago@tiaraju.com.br","user_username":"camila.lago","user_image":null,"user_department":"Garantia da Qualidade","user_position":"Analista","force_password_change":true,"session_id":"ompnpfi1nunke60e82v01na2vi"}
2025-07-07 09:11:19 - Início do método index
2025-07-07 09:11:19 - Sessão recebida: {"user_id":7,"user_name":"Camila Carvalho Lago","user_email":"camila.lago@tiaraju.com.br","user_username":"camila.lago","user_image":null,"user_department":"Garantia da Qualidade","user_position":"Analista","force_password_change":true,"session_id":"ompnpfi1nunke60e82v01na2vi","csrf_tokens":{"form_force_password_change":"a3f1bbb0583a569f874cfa7e970a851822beeacb80eab2dddd93688975b8979f"}}
2025-07-07 09:11:19 - Submissão do formulário
2025-07-07 09:11:19 - Início do editPasswordUser
2025-07-07 09:11:19 - Erros de validação: {"password":"A senha n\u00e3o atende \u00e0 pol\u00edtica de seguran\u00e7a:<br>\u2022 Pelo menos 1 letra(s) min\u00fascula(s)<br>\u2022 Pelo menos 1 n\u00famero(s)<br>\u2022 Pelo menos 1 caractere(s) especial(is)<br>\u2022 M\u00ednimo de 8 caracteres","confirm_password":"A confirma\u00e7\u00e3o da senha deve ser igual \u00e0 nova senha."}
2025-07-07 09:11:39 - Início do método index
2025-07-07 09:11:39 - Sessão recebida: {"user_id":7,"user_name":"Camila Carvalho Lago","user_email":"camila.lago@tiaraju.com.br","user_username":"camila.lago","user_image":null,"user_department":"Garantia da Qualidade","user_position":"Analista","force_password_change":true,"session_id":"ompnpfi1nunke60e82v01na2vi","csrf_tokens":{"form_force_password_change":"7963392b1832abe7375121e665e564721147ab12c7d41105b0f2b7290306adf3"}}
2025-07-07 09:11:39 - Submissão do formulário
2025-07-07 09:11:39 - Início do editPasswordUser
2025-07-07 09:11:39 - Erros de validação: {"confirm_password":"A confirma\u00e7\u00e3o da senha deve ser igual \u00e0 nova senha."}
2025-07-07 09:11:59 - Início do método index
2025-07-07 09:11:59 - Sessão recebida: {"user_id":7,"user_name":"Camila Carvalho Lago","user_email":"camila.lago@tiaraju.com.br","user_username":"camila.lago","user_image":null,"user_department":"Garantia da Qualidade","user_position":"Analista","force_password_change":true,"session_id":"ompnpfi1nunke60e82v01na2vi","csrf_tokens":{"form_force_password_change":"f5889302845026f188ff6de5b9d1c4f4ce2ea013fd8dde1994287f4a7f40458e"}}
2025-07-07 09:11:59 - Submissão do formulário
2025-07-07 09:11:59 - Início do editPasswordUser
2025-07-07 09:11:59 - Resultado updatePasswordUser: true
2025-07-07 09:11:59 - Senha alterada, redirecionando para dashboard
2025-07-07 11:33:42 - Início do método index
2025-07-07 11:33:42 - Sessão recebida: {"user_id":5,"user_name":"Ta\u00eds Regina Moreira da Silveira","user_email":"teste@gmail.com","user_username":"tais.silveira","user_image":null,"user_department":"Financeiro","user_position":"Analista","force_password_change":true,"session_id":"7cgsi6rrgj8euf4v4ckq0fdcdd"}
2025-07-07 11:33:49 - Início do método index
2025-07-07 11:33:49 - Sessão recebida: {"user_id":5,"user_name":"Ta\u00eds Regina Moreira da Silveira","user_email":"teste@gmail.com","user_username":"tais.silveira","user_image":null,"user_department":"Financeiro","user_position":"Analista","force_password_change":true,"session_id":"7cgsi6rrgj8euf4v4ckq0fdcdd","csrf_tokens":{"form_force_password_change":"9fddc2e53b6ffa5fbb51e890a61773f4fc3e681a7d609571fd28faef27d108dd"}}
2025-07-07 11:33:49 - Submissão do formulário
2025-07-07 11:33:49 - Início do editPasswordUser
2025-07-07 11:33:49 - Resultado updatePasswordUser: true
2025-07-07 11:33:49 - Senha alterada, redirecionando para dashboard
2025-07-11 16:17:33 - Início do método index
2025-07-11 16:17:33 - Sessão recebida: {"user_id":2,"user_name":"Rafael Mendes de Oliveira","user_email":"rafael.oliveira@tiaraju.com.br","user_username":"rafael.oliveira","user_image":null,"user_department":"Tecnologia da Informa\u00e7\u00e3o","user_position":"Administrador","force_password_change":true,"session_id":"ud0uetjf3u3u1kahgpccl60i70"}
2025-07-11 16:17:38 - Início do método index
2025-07-11 16:17:38 - Sessão recebida: {"user_id":2,"user_name":"Rafael Mendes de Oliveira","user_email":"rafael.oliveira@tiaraju.com.br","user_username":"rafael.oliveira","user_image":null,"user_department":"Tecnologia da Informa\u00e7\u00e3o","user_position":"Administrador","force_password_change":true,"session_id":"ud0uetjf3u3u1kahgpccl60i70","csrf_tokens":{"form_force_password_change":"d0eea18be9907f33edf56ca5e3a049276ffeadac05744e0be546c45d5500b6fe"}}
2025-07-11 16:17:38 - Submissão do formulário
2025-07-11 16:17:38 - Início do editPasswordUser
2025-07-11 16:17:38 - Resultado updatePasswordUser: true
2025-07-11 16:17:38 - Senha alterada, redirecionando para dashboard
2025-08-14 09:53:42 - Início do método index
2025-08-14 09:53:42 - Sessão recebida: []
2025-08-14 09:53:42 - Sessão inválida
2025-08-15 17:13:41 - Início do método index
2025-08-15 17:13:41 - Sessão recebida: {"user_id":13,"user_name":"Usu\u00e1rio Teste","user_email":"usuario.teste@teste.com","user_username":"usuario.teste","user_image":"users\/13\/user_687fed1719606.png","user_department":"Assuntos Regulat\u00f3rio","user_position":"Auxiliar","force_password_change":true,"session_id":"qpaiclgo5jvvnk44rm3ntemf6c"}
2025-08-15 17:14:08 - Início do método index
2025-08-15 17:14:08 - Sessão recebida: {"user_id":13,"user_name":"Usu\u00e1rio Teste","user_email":"usuario.teste@teste.com","user_username":"usuario.teste","user_image":"users\/13\/user_687fed1719606.png","user_department":"Assuntos Regulat\u00f3rio","user_position":"Auxiliar","force_password_change":true,"session_id":"qpaiclgo5jvvnk44rm3ntemf6c"}
