2025-07-03 16:21:48 - Login: username=manager id=1
2025-07-03 16:21:59 - Login: username=teste1 id=14
2025-07-03 16:27:36 - Login: username=manager id=1
2025-07-03 16:27:55 - Login: username=teste1 id=14
2025-07-03 16:30:50 - Login: username=manager id=1
2025-07-03 16:32:11 - Login: username=teste1 id=14
2025-07-03 16:48:37 - Login: username=teste1 id=14
2025-07-03 16:51:12 - Login: username=teste1 id=14
2025-07-03 17:00:35 - Login: username=manager id=1
2025-07-03 17:00:54 - Login: username=teste1 id=14
2025-07-03 17:01:31 - Login: username=teste1 id=14
2025-07-03 17:02:03 - Login: username=teste1 id=14
2025-07-03 17:04:55 - Login: username=teste1 id=14
2025-07-03 17:05:09 - Login: username=manager id=1
2025-07-03 17:26:40 - Login: username=teste1 id=14
2025-07-04 07:22:38 - Login: username=teste1 id=14
2025-07-04 07:44:44 - Login: username=manager id=1
2025-07-04 07:55:38 - Login: username=teste1 id=14
2025-07-04 08:21:47 - Login: username=manager id=1
2025-07-04 08:22:19 - Login: username=teste1 id=14
2025-07-04 08:33:12 - Login: username=teste1 id=14
2025-07-04 08:42:04 - Login: username=teste1 id=14
2025-07-04 08:46:03 - Login: username=teste1 id=14
2025-07-04 08:59:48 - Login: username=manager id=1
2025-07-04 09:00:11 - Login: username=teste1 id=14
2025-07-04 09:02:06 - Login: username=teste1 id=14
2025-07-04 09:04:25 - Login: username=teste1 id=14
2025-07-04 09:09:17 - Login: username=teste1 id=14
2025-07-04 09:11:03 - Login: username=manager id=1
2025-07-04 09:19:21 - Login: username=manager id=1
2025-07-04 09:22:41 - Login: username=teste1 id=14
2025-07-04 09:24:25 - Login: username=teste1 id=14
2025-07-04 09:39:10 - Login: username=manager id=1
2025-07-04 09:39:34 - Login: username=teste1 id=14
2025-07-04 09:39:51 - Login: username=teste1 id=14
2025-07-04 09:41:23 - Login: username=teste1 id=14
2025-07-04 09:42:34 - Login: username=teste1 id=14
2025-07-04 09:44:13 - Login: username=teste1 id=14
2025-07-04 09:50:28 - Login: username=teste1 id=14
2025-07-04 09:54:23 - Login: username=teste1 id=14
2025-07-04 09:57:50 - Login: username=teste1 id=14
2025-07-04 10:00:00 - Login: username=teste1 id=14
2025-07-04 10:01:13 - Login: username=teste1 id=14
2025-07-04 10:18:25 - Login: username=manager id=1
2025-07-04 10:18:45 - Login: username=teste1 id=14
2025-07-04 10:20:58 - Login: username=wladimir.souza id=3
2025-07-04 10:21:08 - Login: username=wladimir.souza id=3
2025-07-04 10:21:21 - Login: username=wladimir.souza id=3
2025-07-04 10:21:40 - Login: username=wladimir.souza id=3
2025-07-04 10:24:16 - Login: username=wladimir.souza id=3
2025-07-04 10:25:13 - Login: username=wladimir.souza id=3
2025-07-04 10:25:31 - Login: username=teste1 id=14
2025-07-04 10:25:50 - Login: username=rafael.oliveira id=2
2025-07-04 10:25:59 - Login: username=rafael.oliveira id=2
2025-07-04 10:26:06 - Login: username=manager id=1
2025-07-04 10:26:13 - Login: username=teste1 id=14
2025-07-04 10:26:32 - Login: username=wladimir.souza id=3
2025-07-04 10:28:11 - Login: username=manager id=1
2025-07-04 10:28:49 - Login: username=wladimir.souza id=3
2025-07-04 10:34:03 - Login: username=wladimir.souza id=3
2025-07-04 10:34:17 - Login: username=rafael.oliveira id=2
2025-07-04 10:36:37 - Login: username=wladimir.souza id=3
2025-07-04 10:37:30 - Login: username=wladimir.souza id=3
2025-07-04 10:42:08 - Login: username=wladimir.souza id=3
2025-07-04 10:44:33 - Login: username=wladimir.souza id=3
2025-07-04 10:53:35 - Login: username=wladimir.souza id=3
2025-07-04 11:13:01 - Login: username=wladimir.souza id=3
2025-07-04 11:17:03 - Login: username=wladimir.souza id=3
2025-07-04 11:18:53 - Login: username=teste1 id=14
2025-07-04 11:31:42 - Login: username=manager id=1
2025-07-04 11:32:18 - Login: username=teste1 id=14
2025-07-04 11:35:40 - Login: username=teste1 id=14
2025-07-04 11:42:04 - Login: username=teste1 id=14
2025-07-04 11:49:27 - Login: username=teste1 id=14
2025-07-04 13:31:34 - Login: username=manager id=1
2025-07-04 13:32:00 - Login: username=manager id=1
2025-07-04 13:32:29 - Login: username=manager id=1
2025-07-04 13:35:01 - Login: username=manager id=1
2025-07-04 13:38:47 - Login: username=wladimir.souza id=3
2025-07-04 13:46:02 - Login: username=manager id=1
2025-07-04 13:53:07 - Login: username=manager id=1
2025-07-04 13:54:12 - Login: username=manager id=1
2025-07-04 13:56:03 - Login: username=manager id=1
2025-07-04 13:58:25 - Login: username=manager id=1
2025-07-04 14:00:29 - Login: username=manager id=1
2025-07-04 14:05:07 - Login: username=manager id=1
2025-07-04 14:05:41 - Login: username=teste1 id=14
2025-07-04 14:06:50 - Login: username=manager id=1
2025-07-04 14:10:05 - Login: username=manager id=1
2025-07-04 14:10:41 - Login: username=teste1 id=14
2025-07-04 14:16:20 - Login: username=manager id=1
2025-07-04 14:16:26 - Login: username=teste1 id=14
2025-07-04 14:20:06 - Login: username=manager id=1
2025-07-04 14:34:31 - Login: username=manager id=1
2025-07-04 14:35:13 - Login: username=manager id=1
2025-07-04 14:39:02 - Login: username=teste1 id=14
2025-07-04 14:46:12 - Login: username=manager id=1
2025-07-04 14:46:38 - Login: username=teste1 id=14
2025-07-04 14:46:56 - Login: username=teste1 id=14
2025-07-04 14:49:14 - Login: username=teste1 id=14
2025-07-04 14:51:33 - Login: username=teste1 id=14
2025-07-04 14:52:45 - Login: username=teste1 id=14
2025-07-04 14:53:39 - Login: username=manager id=1
2025-07-04 14:55:52 - Login: username=manager id=1
2025-07-04 15:02:30 - Login: username=teste1 id=14
2025-07-04 15:10:28 - Login: username=teste1 id=14
2025-07-04 15:14:19 - Login: username=teste1 id=14
2025-07-04 15:17:06 - Login: username=teste1 id=14
2025-07-04 15:19:26 - Login: username=teste1 id=14
2025-07-04 15:23:48 - Login: username=teste1 id=14
2025-07-04 15:24:58 - Login: username=teste1 id=14
2025-07-04 15:27:17 - Login: username=teste1 id=14
2025-07-04 15:30:20 - Login: username=manager id=1
2025-07-04 15:35:02 - Login: username=teste1 id=14
2025-07-04 15:47:06 - Login: username=manager id=1
2025-07-04 15:48:04 - Login: username=teste1 id=14
2025-07-04 15:48:27 - Login: username=teste1 id=14
2025-07-04 15:49:32 - Login: username=teste1 id=14
2025-07-04 15:50:11 - Login: username=teste1 id=14
2025-07-04 15:51:40 - Login: username=teste1 id=14
2025-07-04 15:52:25 - Login: username=teste1 id=14
2025-07-04 15:53:07 - Login: username=manager id=1
2025-07-04 15:53:33 - Login: username=teste1 id=14
2025-07-04 15:55:33 - Login: username=teste1 id=14
2025-07-04 15:56:59 - Login: username=teste1 id=14
2025-07-04 15:58:38 - Login: username=teste1 id=14
2025-07-04 16:01:04 - Login: username=teste1 id=14
2025-07-04 16:03:07 - Login: username=teste1 id=14
2025-07-04 16:09:40 - Início do método login
2025-07-04 16:09:40 - Após validação: []
2025-07-04 16:09:41 - Login: username=teste1 id=14
2025-07-04 16:09:41 - Após autenticação: {"id":14,"name":"teste1","email":"teste1@teste.com","username":"teste1","image":null,"password":"$2y$10$s0OTyiRvr1PW58GwiT9KxOG1gvsz4HcyKcQs5UWzPZWmeO\/sDISUi","user_department_id":2,"user_position_id":2,"created_at":"2025-07-03 08:12:25","updated_at":"2025-07-04 15:55:21","bloqueado":"N\u00e3o","bloqueado_temporario":"Sim","data_bloqueio_temporario":null,"tentativas_login":0,"status":"Ativo","modificar_senha_proximo_logon":"Sim","dep_name":"Comercial","pos_name":"Analista"}
2025-07-04 16:09:41 - Redirecionando para force-password-change
2025-07-04 16:19:42 - Início do método login
2025-07-04 16:19:42 - Após validação: []
2025-07-04 16:19:42 - Após autenticação: false
2025-07-04 16:19:42 - Falha no login
2025-07-04 16:19:48 - Início do método login
2025-07-04 16:19:48 - Após validação: []
2025-07-04 16:19:48 - Login: username=manager id=1
2025-07-04 16:19:48 - Após autenticação: {"id":1,"name":"Manager","email":"manager@tiaraju.com.br","username":"manager","image":null,"password":"$2y$10$1OTbxLoMuCRVazy5efQI6e4J5EOqaRvc5bEsOVNj5ah0XmIUg1gly","user_department_id":18,"user_position_id":9,"created_at":"2025-04-07 10:13:06","updated_at":"2025-07-03 09:42:13","bloqueado":"N\u00e3o","bloqueado_temporario":"N\u00e3o","data_bloqueio_temporario":null,"tentativas_login":1,"status":"Ativo","modificar_senha_proximo_logon":"N\u00e3o","dep_name":"Tecnologia da Informa\u00e7\u00e3o","pos_name":"Lider"}
2025-07-04 16:19:48 - Redirecionando para dashboard
2025-07-04 16:20:02 - Início do método login
2025-07-04 16:20:02 - Após validação: []
2025-07-04 16:20:03 - Login: username=teste1 id=14
2025-07-04 16:20:03 - Após autenticação: {"id":14,"name":"teste1","email":"teste1@teste.com","username":"teste1","image":null,"password":"$2y$10$s0OTyiRvr1PW58GwiT9KxOG1gvsz4HcyKcQs5UWzPZWmeO\/sDISUi","user_department_id":2,"user_position_id":2,"created_at":"2025-07-03 08:12:25","updated_at":"2025-07-04 15:55:21","bloqueado":"N\u00e3o","bloqueado_temporario":"Sim","data_bloqueio_temporario":null,"tentativas_login":0,"status":"Ativo","modificar_senha_proximo_logon":"Sim","dep_name":"Comercial","pos_name":"Analista"}
2025-07-04 16:20:03 - Redirecionando para force-password-change
2025-07-04 16:20:34 - Início do método login
2025-07-04 16:20:34 - Após validação: {"password":"O campo senha \u00e9 obrigat\u00f3rio."}
2025-07-04 16:20:34 - Erro de validação
2025-07-04 16:20:41 - Início do método login
2025-07-04 16:20:41 - Após validação: []
2025-07-04 16:20:41 - Login: username=teste1 id=14
2025-07-04 16:20:41 - Após autenticação: {"id":14,"name":"teste1","email":"teste1@teste.com","username":"teste1","image":null,"password":"$2y$10$s0OTyiRvr1PW58GwiT9KxOG1gvsz4HcyKcQs5UWzPZWmeO\/sDISUi","user_department_id":2,"user_position_id":2,"created_at":"2025-07-03 08:12:25","updated_at":"2025-07-04 16:20:29","bloqueado":"N\u00e3o","bloqueado_temporario":"Sim","data_bloqueio_temporario":null,"tentativas_login":0,"status":"Ativo","modificar_senha_proximo_logon":"N\u00e3o","dep_name":"Comercial","pos_name":"Analista"}
2025-07-04 16:20:41 - Redirecionando para dashboard
2025-07-04 16:26:35 - Início do método login
2025-07-04 16:26:35 - Após validação: []
2025-07-04 16:26:35 - Login: username=teste1 id=14
2025-07-04 16:26:35 - Após autenticação: {"id":14,"name":"teste1","email":"teste1@teste.com","username":"teste1","image":null,"password":"$2y$10$s0OTyiRvr1PW58GwiT9KxOG1gvsz4HcyKcQs5UWzPZWmeO\/sDISUi","user_department_id":2,"user_position_id":2,"created_at":"2025-07-03 08:12:25","updated_at":"2025-07-04 16:21:13","bloqueado":"N\u00e3o","bloqueado_temporario":"Sim","data_bloqueio_temporario":null,"tentativas_login":0,"status":"Ativo","modificar_senha_proximo_logon":"Sim","dep_name":"Comercial","pos_name":"Analista"}
2025-07-04 16:26:35 - Redirecionando para force-password-change
2025-07-04 16:29:12 - Início do método login
2025-07-04 16:29:12 - Após validação: []
2025-07-04 16:29:13 - Login: username=teste1 id=14
2025-07-04 16:29:13 - Após autenticação: {"id":14,"name":"teste1","email":"teste1@teste.com","username":"teste1","image":null,"password":"$2y$10$s0OTyiRvr1PW58GwiT9KxOG1gvsz4HcyKcQs5UWzPZWmeO\/sDISUi","user_department_id":2,"user_position_id":2,"created_at":"2025-07-03 08:12:25","updated_at":"2025-07-04 16:21:13","bloqueado":"N\u00e3o","bloqueado_temporario":"Sim","data_bloqueio_temporario":null,"tentativas_login":0,"status":"Ativo","modificar_senha_proximo_logon":"Sim","dep_name":"Comercial","pos_name":"Analista"}
2025-07-04 16:29:13 - Antes do header para force-password-change. Sessão: {"user_id":14,"user_name":"teste1","user_email":"teste1@teste.com","user_username":"teste1","user_image":null,"user_department":"Comercial","user_position":"Analista"}
2025-07-04 16:33:43 - Início do método login
2025-07-04 16:33:43 - Após validação: []
2025-07-04 16:33:43 - Login: username=teste1 id=14
2025-07-04 16:33:43 - Após autenticação: {"id":14,"name":"teste1","email":"teste1@teste.com","username":"teste1","image":null,"password":"$2y$10$s0OTyiRvr1PW58GwiT9KxOG1gvsz4HcyKcQs5UWzPZWmeO\/sDISUi","user_department_id":2,"user_position_id":2,"created_at":"2025-07-03 08:12:25","updated_at":"2025-07-04 16:21:13","bloqueado":"N\u00e3o","bloqueado_temporario":"Sim","data_bloqueio_temporario":null,"tentativas_login":0,"status":"Ativo","modificar_senha_proximo_logon":"Sim","dep_name":"Comercial","pos_name":"Analista"}
2025-07-04 16:33:43 - Antes do header para force-password-change. Sessão: {"user_id":14,"user_name":"teste1","user_email":"teste1@teste.com","user_username":"teste1","user_image":null,"user_department":"Comercial","user_position":"Analista"}
2025-07-04 16:38:57 - Início do método login
2025-07-04 16:38:57 - Após validação: []
2025-07-04 16:38:58 - Login: username=teste1 id=14
2025-07-04 16:38:58 - Após autenticação: {"id":14,"name":"teste1","email":"teste1@teste.com","username":"teste1","image":null,"password":"$2y$10$s0OTyiRvr1PW58GwiT9KxOG1gvsz4HcyKcQs5UWzPZWmeO\/sDISUi","user_department_id":2,"user_position_id":2,"created_at":"2025-07-03 08:12:25","updated_at":"2025-07-04 16:21:13","bloqueado":"N\u00e3o","bloqueado_temporario":"Sim","data_bloqueio_temporario":null,"tentativas_login":0,"status":"Ativo","modificar_senha_proximo_logon":"Sim","dep_name":"Comercial","pos_name":"Analista"}
2025-07-04 16:38:58 - Antes do header para force-password-change. Sessão: {"user_id":14,"user_name":"teste1","user_email":"teste1@teste.com","user_username":"teste1","user_image":null,"user_department":"Comercial","user_position":"Analista"}
2025-07-04 16:46:10 - Início do método login
2025-07-04 16:46:10 - Após validação: []
2025-07-04 16:46:10 - Login: username=teste1 id=14
2025-07-04 16:46:10 - Após autenticação: {"id":14,"name":"teste1","email":"teste1@teste.com","username":"teste1","image":null,"password":"$2y$10$s0OTyiRvr1PW58GwiT9KxOG1gvsz4HcyKcQs5UWzPZWmeO\/sDISUi","user_department_id":2,"user_position_id":2,"created_at":"2025-07-03 08:12:25","updated_at":"2025-07-04 16:21:13","bloqueado":"N\u00e3o","bloqueado_temporario":"Sim","data_bloqueio_temporario":null,"tentativas_login":0,"status":"Ativo","modificar_senha_proximo_logon":"Sim","dep_name":"Comercial","pos_name":"Analista"}
2025-07-04 16:46:10 - Antes do header para force-password-change. Sessão: {"user_id":14,"user_name":"teste1","user_email":"teste1@teste.com","user_username":"teste1","user_image":null,"user_department":"Comercial","user_position":"Analista"}
2025-07-04 16:51:22 - Início do método login
2025-07-04 16:51:22 - Após validação: []
2025-07-04 16:51:23 - Login: username=teste1 id=14
2025-07-04 16:51:23 - Após autenticação: {"id":14,"name":"teste1","email":"teste1@teste.com","username":"teste1","image":null,"password":"$2y$10$s0OTyiRvr1PW58GwiT9KxOG1gvsz4HcyKcQs5UWzPZWmeO\/sDISUi","user_department_id":2,"user_position_id":2,"created_at":"2025-07-03 08:12:25","updated_at":"2025-07-04 16:21:13","bloqueado":"N\u00e3o","bloqueado_temporario":"Sim","data_bloqueio_temporario":null,"tentativas_login":0,"status":"Ativo","modificar_senha_proximo_logon":"Sim","dep_name":"Comercial","pos_name":"Analista"}
2025-07-04 16:51:23 - Antes do header para force-password-change. Sessão: {"user_id":14,"user_name":"teste1","user_email":"teste1@teste.com","user_username":"teste1","user_image":null,"user_department":"Comercial","user_position":"Analista"}
2025-07-04 16:52:20 - Início do método login
2025-07-04 16:52:20 - Após validação: []
2025-07-04 16:52:20 - Login: username=teste1 id=14
2025-07-04 16:52:20 - Após autenticação: {"id":14,"name":"teste1","email":"teste1@teste.com","username":"teste1","image":null,"password":"$2y$10$s0OTyiRvr1PW58GwiT9KxOG1gvsz4HcyKcQs5UWzPZWmeO\/sDISUi","user_department_id":2,"user_position_id":2,"created_at":"2025-07-03 08:12:25","updated_at":"2025-07-04 16:21:13","bloqueado":"N\u00e3o","bloqueado_temporario":"Sim","data_bloqueio_temporario":null,"tentativas_login":0,"status":"Ativo","modificar_senha_proximo_logon":"Sim","dep_name":"Comercial","pos_name":"Analista"}
2025-07-04 16:52:20 - Antes do header para force-password-change. Sessão: {"user_id":14,"user_name":"teste1","user_email":"teste1@teste.com","user_username":"teste1","user_image":null,"user_department":"Comercial","user_position":"Analista"}
2025-07-04 16:56:10 - Início do método login
2025-07-04 16:56:10 - Após validação: []
2025-07-04 16:56:10 - Login: username=teste1 id=14
2025-07-04 16:56:10 - Após autenticação: {"id":14,"name":"teste1","email":"teste1@teste.com","username":"teste1","image":null,"password":"$2y$10$s0OTyiRvr1PW58GwiT9KxOG1gvsz4HcyKcQs5UWzPZWmeO\/sDISUi","user_department_id":2,"user_position_id":2,"created_at":"2025-07-03 08:12:25","updated_at":"2025-07-04 16:21:13","bloqueado":"N\u00e3o","bloqueado_temporario":"Sim","data_bloqueio_temporario":null,"tentativas_login":0,"status":"Ativo","modificar_senha_proximo_logon":"Sim","dep_name":"Comercial","pos_name":"Analista"}
2025-07-04 16:56:10 - Antes do header para force-password-change. Sessão: {"user_id":14,"user_name":"teste1","user_email":"teste1@teste.com","user_username":"teste1","user_image":null,"user_department":"Comercial","user_position":"Analista"}
2025-07-04 16:56:36 - Início do método login
2025-07-04 16:56:36 - Após validação: []
2025-07-04 16:56:37 - Login: username=teste1 id=14
2025-07-04 16:56:37 - Após autenticação: {"id":14,"name":"teste1","email":"teste1@teste.com","username":"teste1","image":null,"password":"$2y$10$s0OTyiRvr1PW58GwiT9KxOG1gvsz4HcyKcQs5UWzPZWmeO\/sDISUi","user_department_id":2,"user_position_id":2,"created_at":"2025-07-03 08:12:25","updated_at":"2025-07-04 16:21:13","bloqueado":"N\u00e3o","bloqueado_temporario":"Sim","data_bloqueio_temporario":null,"tentativas_login":0,"status":"Ativo","modificar_senha_proximo_logon":"Sim","dep_name":"Comercial","pos_name":"Analista"}
2025-07-04 16:56:37 - Antes do header para force-password-change. Sessão: {"user_id":14,"user_name":"teste1","user_email":"teste1@teste.com","user_username":"teste1","user_image":null,"user_department":"Comercial","user_position":"Analista"}
2025-07-04 17:05:50 - Início do método login
2025-07-04 17:05:50 - Após validação: []
2025-07-04 17:05:51 - Login: username=teste1 id=14
2025-07-04 17:05:51 - Após autenticação: {"id":14,"name":"teste1","email":"teste1@teste.com","username":"teste1","image":null,"password":"$2y$10$s0OTyiRvr1PW58GwiT9KxOG1gvsz4HcyKcQs5UWzPZWmeO\/sDISUi","user_department_id":2,"user_position_id":2,"created_at":"2025-07-03 08:12:25","updated_at":"2025-07-04 16:21:13","bloqueado":"N\u00e3o","bloqueado_temporario":"Sim","data_bloqueio_temporario":null,"tentativas_login":0,"status":"Ativo","modificar_senha_proximo_logon":"Sim","dep_name":"Comercial","pos_name":"Analista"}
2025-07-04 17:05:51 - Antes do header para force-password-change. Sessão: {"user_id":14,"user_name":"teste1","user_email":"teste1@teste.com","user_username":"teste1","user_image":null,"user_department":"Comercial","user_position":"Analista"}
2025-07-04 17:10:03 - Início do método login
2025-07-04 17:10:03 - Após validação: []
2025-07-04 17:10:04 - Login: username=teste1 id=14
2025-07-04 17:10:04 - Após autenticação: {"id":14,"name":"teste1","email":"teste1@teste.com","username":"teste1","image":null,"password":"$2y$10$s0OTyiRvr1PW58GwiT9KxOG1gvsz4HcyKcQs5UWzPZWmeO\/sDISUi","user_department_id":2,"user_position_id":2,"created_at":"2025-07-03 08:12:25","updated_at":"2025-07-04 16:21:13","bloqueado":"N\u00e3o","bloqueado_temporario":"Sim","data_bloqueio_temporario":null,"tentativas_login":0,"status":"Ativo","modificar_senha_proximo_logon":"Sim","dep_name":"Comercial","pos_name":"Analista"}
2025-07-04 17:10:04 - Antes do header para force-password-change. Sessão: {"user_id":14,"user_name":"teste1","user_email":"teste1@teste.com","user_username":"teste1","user_image":null,"user_department":"Comercial","user_position":"Analista"}
2025-07-04 17:17:42 - Início do método login
2025-07-04 17:17:42 - Após validação: []
2025-07-04 17:17:42 - Login: username=teste1 id=14
2025-07-04 17:17:42 - Após autenticação: {"id":14,"name":"teste1","email":"teste1@teste.com","username":"teste1","image":null,"password":"$2y$10$s0OTyiRvr1PW58GwiT9KxOG1gvsz4HcyKcQs5UWzPZWmeO\/sDISUi","user_department_id":2,"user_position_id":2,"created_at":"2025-07-03 08:12:25","updated_at":"2025-07-04 16:21:13","bloqueado":"N\u00e3o","bloqueado_temporario":"Sim","data_bloqueio_temporario":null,"tentativas_login":0,"status":"Ativo","modificar_senha_proximo_logon":"Sim","dep_name":"Comercial","pos_name":"Analista"}
2025-07-04 17:17:42 - Antes do header para force-password-change. Sessão: {"user_id":14,"user_name":"teste1","user_email":"teste1@teste.com","user_username":"teste1","user_image":null,"user_department":"Comercial","user_position":"Analista"}
2025-07-04 17:20:06 - Início do método login
2025-07-04 17:20:06 - Após validação: []
2025-07-04 17:20:06 - Login: username=teste1 id=14
2025-07-04 17:20:06 - Após autenticação: {"id":14,"name":"teste1","email":"teste1@teste.com","username":"teste1","image":null,"password":"$2y$10$s0OTyiRvr1PW58GwiT9KxOG1gvsz4HcyKcQs5UWzPZWmeO\/sDISUi","user_department_id":2,"user_position_id":2,"created_at":"2025-07-03 08:12:25","updated_at":"2025-07-04 16:21:13","bloqueado":"N\u00e3o","bloqueado_temporario":"Sim","data_bloqueio_temporario":null,"tentativas_login":0,"status":"Ativo","modificar_senha_proximo_logon":"Sim","dep_name":"Comercial","pos_name":"Analista"}
2025-07-04 17:22:43 - Início do método login
2025-07-04 17:22:43 - Após validação: []
2025-07-04 17:22:43 - Login: username=teste1 id=14
2025-07-04 17:22:43 - Após autenticação: {"id":14,"name":"teste1","email":"teste1@teste.com","username":"teste1","image":null,"password":"$2y$10$s0OTyiRvr1PW58GwiT9KxOG1gvsz4HcyKcQs5UWzPZWmeO\/sDISUi","user_department_id":2,"user_position_id":2,"created_at":"2025-07-03 08:12:25","updated_at":"2025-07-04 16:21:13","bloqueado":"N\u00e3o","bloqueado_temporario":"Sim","data_bloqueio_temporario":null,"tentativas_login":0,"status":"Ativo","modificar_senha_proximo_logon":"Sim","dep_name":"Comercial","pos_name":"Analista"}
2025-07-04 17:23:49 - Início do método login
2025-07-04 17:23:49 - Após validação: []
2025-07-04 17:23:49 - Login: username=teste1 id=14
2025-07-04 17:23:49 - Após autenticação: {"id":14,"name":"teste1","email":"teste1@teste.com","username":"teste1","image":null,"password":"$2y$10$s0OTyiRvr1PW58GwiT9KxOG1gvsz4HcyKcQs5UWzPZWmeO\/sDISUi","user_department_id":2,"user_position_id":2,"created_at":"2025-07-03 08:12:25","updated_at":"2025-07-04 16:21:13","bloqueado":"N\u00e3o","bloqueado_temporario":"Sim","data_bloqueio_temporario":null,"tentativas_login":0,"status":"Ativo","modificar_senha_proximo_logon":"Sim","dep_name":"Comercial","pos_name":"Analista"}
2025-07-04 17:27:48 - Início do método login
2025-07-04 17:27:48 - Após validação: []
2025-07-04 17:27:48 - Login: username=teste1 id=14
2025-07-04 17:27:48 - Após autenticação: {"id":14,"name":"teste1","email":"teste1@teste.com","username":"teste1","image":null,"password":"$2y$10$s0OTyiRvr1PW58GwiT9KxOG1gvsz4HcyKcQs5UWzPZWmeO\/sDISUi","user_department_id":2,"user_position_id":2,"created_at":"2025-07-03 08:12:25","updated_at":"2025-07-04 16:21:13","bloqueado":"N\u00e3o","bloqueado_temporario":"Sim","data_bloqueio_temporario":null,"tentativas_login":0,"status":"Ativo","modificar_senha_proximo_logon":"Sim","dep_name":"Comercial","pos_name":"Analista"}
2025-07-04 17:27:56 - Início do método login
2025-07-04 17:27:56 - Após validação: {"password":"O campo senha \u00e9 obrigat\u00f3rio."}
2025-07-04 17:27:56 - Erro de validação
2025-07-04 17:28:08 - Início do método login
2025-07-04 17:28:08 - Após validação: []
2025-07-04 17:28:08 - Login: username=teste1 id=14
2025-07-04 17:28:08 - Após autenticação: {"id":14,"name":"teste1","email":"teste1@teste.com","username":"teste1","image":null,"password":"$2y$10$s0OTyiRvr1PW58GwiT9KxOG1gvsz4HcyKcQs5UWzPZWmeO\/sDISUi","user_department_id":2,"user_position_id":2,"created_at":"2025-07-03 08:12:25","updated_at":"2025-07-04 16:21:13","bloqueado":"N\u00e3o","bloqueado_temporario":"Sim","data_bloqueio_temporario":null,"tentativas_login":0,"status":"Ativo","modificar_senha_proximo_logon":"Sim","dep_name":"Comercial","pos_name":"Analista"}
2025-07-04 17:38:14 - Início do método login
2025-07-04 17:38:14 - Após validação: []
2025-07-04 17:38:15 - Login: username=teste1 id=14
2025-07-04 17:38:15 - Após autenticação: {"id":14,"name":"teste1","email":"teste1@teste.com","username":"teste1","image":null,"password":"$2y$10$s0OTyiRvr1PW58GwiT9KxOG1gvsz4HcyKcQs5UWzPZWmeO\/sDISUi","user_department_id":2,"user_position_id":2,"created_at":"2025-07-03 08:12:25","updated_at":"2025-07-04 16:21:13","bloqueado":"N\u00e3o","bloqueado_temporario":"Sim","data_bloqueio_temporario":null,"tentativas_login":0,"status":"Ativo","modificar_senha_proximo_logon":"Sim","dep_name":"Comercial","pos_name":"Analista"}
2025-07-04 17:38:29 - Início do método login
2025-07-04 17:38:29 - Após validação: []
2025-07-04 17:38:30 - Login: username=manager id=1
2025-07-04 17:38:30 - Após autenticação: {"id":1,"name":"Manager","email":"manager@tiaraju.com.br","username":"manager","image":null,"password":"$2y$10$1OTbxLoMuCRVazy5efQI6e4J5EOqaRvc5bEsOVNj5ah0XmIUg1gly","user_department_id":18,"user_position_id":9,"created_at":"2025-04-07 10:13:06","updated_at":"2025-07-03 09:42:13","bloqueado":"N\u00e3o","bloqueado_temporario":"N\u00e3o","data_bloqueio_temporario":null,"tentativas_login":0,"status":"Ativo","modificar_senha_proximo_logon":"N\u00e3o","dep_name":"Tecnologia da Informa\u00e7\u00e3o","pos_name":"Lider"}
2025-07-04 17:38:30 - Redirecionando para dashboard
2025-07-04 17:41:56 - Início do método login
2025-07-04 17:41:56 - Após validação: []
2025-07-04 17:41:57 - Login: username=manager id=1
2025-07-04 17:41:57 - Após autenticação: {"id":1,"name":"Manager","email":"manager@tiaraju.com.br","username":"manager","image":null,"password":"$2y$10$1OTbxLoMuCRVazy5efQI6e4J5EOqaRvc5bEsOVNj5ah0XmIUg1gly","user_department_id":18,"user_position_id":9,"created_at":"2025-04-07 10:13:06","updated_at":"2025-07-03 09:42:13","bloqueado":"N\u00e3o","bloqueado_temporario":"N\u00e3o","data_bloqueio_temporario":null,"tentativas_login":0,"status":"Ativo","modificar_senha_proximo_logon":"N\u00e3o","dep_name":"Tecnologia da Informa\u00e7\u00e3o","pos_name":"Lider"}
2025-07-04 17:41:57 - Redirecionando para dashboard
2025-07-04 17:42:19 - Início do método login
2025-07-04 17:42:19 - Após validação: []
2025-07-04 17:42:19 - Login: username=teste1 id=14
2025-07-04 17:42:19 - Após autenticação: {"id":14,"name":"teste1","email":"teste1@teste.com","username":"teste1","image":null,"password":"$2y$10$s0OTyiRvr1PW58GwiT9KxOG1gvsz4HcyKcQs5UWzPZWmeO\/sDISUi","user_department_id":2,"user_position_id":2,"created_at":"2025-07-03 08:12:25","updated_at":"2025-07-04 16:21:13","bloqueado":"N\u00e3o","bloqueado_temporario":"Sim","data_bloqueio_temporario":null,"tentativas_login":0,"status":"Ativo","modificar_senha_proximo_logon":"Sim","dep_name":"Comercial","pos_name":"Analista"}
2025-07-04 17:49:52 - Início do método login
2025-07-04 17:49:52 - Após validação: []
2025-07-04 17:49:52 - Login: username=teste1 id=14
2025-07-04 17:49:52 - Após autenticação: {"id":14,"name":"teste1","email":"teste1@teste.com","username":"teste1","image":null,"password":"$2y$10$s0OTyiRvr1PW58GwiT9KxOG1gvsz4HcyKcQs5UWzPZWmeO\/sDISUi","user_department_id":2,"user_position_id":2,"created_at":"2025-07-03 08:12:25","updated_at":"2025-07-04 16:21:13","bloqueado":"N\u00e3o","bloqueado_temporario":"Sim","data_bloqueio_temporario":null,"tentativas_login":0,"status":"Ativo","modificar_senha_proximo_logon":"Sim","dep_name":"Comercial","pos_name":"Analista"}
2025-07-04 17:50:18 - Início do método login
2025-07-04 17:50:18 - Após validação: []
2025-07-04 17:50:18 - Login: username=manager id=1
2025-07-04 17:50:18 - Após autenticação: {"id":1,"name":"Manager","email":"manager@tiaraju.com.br","username":"manager","image":null,"password":"$2y$10$1OTbxLoMuCRVazy5efQI6e4J5EOqaRvc5bEsOVNj5ah0XmIUg1gly","user_department_id":18,"user_position_id":9,"created_at":"2025-04-07 10:13:06","updated_at":"2025-07-03 09:42:13","bloqueado":"N\u00e3o","bloqueado_temporario":"N\u00e3o","data_bloqueio_temporario":null,"tentativas_login":0,"status":"Ativo","modificar_senha_proximo_logon":"N\u00e3o","dep_name":"Tecnologia da Informa\u00e7\u00e3o","pos_name":"Lider"}
2025-07-04 17:50:18 - Redirecionando para dashboard
2025-07-04 17:51:44 - Início do método login
2025-07-04 17:51:44 - Após validação: []
2025-07-04 17:51:44 - Login: username=manager id=1
2025-07-04 17:51:44 - Após autenticação: {"id":1,"name":"Manager","email":"manager@tiaraju.com.br","username":"manager","image":null,"password":"$2y$10$1OTbxLoMuCRVazy5efQI6e4J5EOqaRvc5bEsOVNj5ah0XmIUg1gly","user_department_id":18,"user_position_id":9,"created_at":"2025-04-07 10:13:06","updated_at":"2025-07-03 09:42:13","bloqueado":"N\u00e3o","bloqueado_temporario":"N\u00e3o","data_bloqueio_temporario":null,"tentativas_login":0,"status":"Ativo","modificar_senha_proximo_logon":"N\u00e3o","dep_name":"Tecnologia da Informa\u00e7\u00e3o","pos_name":"Lider"}
2025-07-04 17:51:44 - Redirecionando para dashboard
2025-07-04 17:55:06 - Início do método login
2025-07-04 17:55:06 - Após validação: []
2025-07-04 17:55:06 - Login: username=manager id=1
2025-07-04 17:55:06 - Após autenticação: {"id":1,"name":"Manager","email":"manager@tiaraju.com.br","username":"manager","image":null,"password":"$2y$10$1OTbxLoMuCRVazy5efQI6e4J5EOqaRvc5bEsOVNj5ah0XmIUg1gly","user_department_id":18,"user_position_id":9,"created_at":"2025-04-07 10:13:06","updated_at":"2025-07-03 09:42:13","bloqueado":"N\u00e3o","bloqueado_temporario":"N\u00e3o","data_bloqueio_temporario":null,"tentativas_login":0,"status":"Ativo","modificar_senha_proximo_logon":"N\u00e3o","dep_name":"Tecnologia da Informa\u00e7\u00e3o","pos_name":"Lider"}
2025-07-04 17:55:06 - Redirecionando para dashboard
2025-07-04 17:58:29 - Início do método login
2025-07-04 17:58:29 - Após validação: []
2025-07-04 17:58:29 - Login: username=teste1 id=14
2025-07-04 17:58:29 - Após autenticação: {"id":14,"name":"teste1","email":"teste1@teste.com","username":"teste1","image":null,"password":"$2y$10$s0OTyiRvr1PW58GwiT9KxOG1gvsz4HcyKcQs5UWzPZWmeO\/sDISUi","user_department_id":2,"user_position_id":2,"created_at":"2025-07-03 08:12:25","updated_at":"2025-07-04 16:21:13","bloqueado":"N\u00e3o","bloqueado_temporario":"Sim","data_bloqueio_temporario":null,"tentativas_login":0,"status":"Ativo","modificar_senha_proximo_logon":"Sim","dep_name":"Comercial","pos_name":"Analista"}
2025-07-04 17:58:38 - Início do método login
2025-07-04 17:58:38 - Após validação: []
2025-07-04 17:58:38 - Login: username=teste1 id=14
2025-07-04 17:58:38 - Após autenticação: {"id":14,"name":"teste1","email":"teste1@teste.com","username":"teste1","image":null,"password":"$2y$10$s0OTyiRvr1PW58GwiT9KxOG1gvsz4HcyKcQs5UWzPZWmeO\/sDISUi","user_department_id":2,"user_position_id":2,"created_at":"2025-07-03 08:12:25","updated_at":"2025-07-04 16:21:13","bloqueado":"N\u00e3o","bloqueado_temporario":"Sim","data_bloqueio_temporario":null,"tentativas_login":0,"status":"Ativo","modificar_senha_proximo_logon":"Sim","dep_name":"Comercial","pos_name":"Analista"}
2025-07-04 18:01:19 - Início do método login
2025-07-04 18:01:19 - Após validação: []
2025-07-04 18:01:20 - Login: username=teste1 id=14
2025-07-04 18:01:20 - Após autenticação: {"id":14,"name":"teste1","email":"teste1@teste.com","username":"teste1","image":null,"password":"$2y$10$s0OTyiRvr1PW58GwiT9KxOG1gvsz4HcyKcQs5UWzPZWmeO\/sDISUi","user_department_id":2,"user_position_id":2,"created_at":"2025-07-03 08:12:25","updated_at":"2025-07-04 16:21:13","bloqueado":"N\u00e3o","bloqueado_temporario":"Sim","data_bloqueio_temporario":null,"tentativas_login":0,"status":"Ativo","modificar_senha_proximo_logon":"Sim","dep_name":"Comercial","pos_name":"Analista"}
2025-07-04 18:04:10 - Início do método login
2025-07-04 18:04:10 - Após validação: []
2025-07-04 18:04:10 - Login: username=manager id=1
2025-07-04 18:04:10 - Após autenticação: {"id":1,"name":"Manager","email":"manager@tiaraju.com.br","username":"manager","image":null,"password":"$2y$10$1OTbxLoMuCRVazy5efQI6e4J5EOqaRvc5bEsOVNj5ah0XmIUg1gly","user_department_id":18,"user_position_id":9,"created_at":"2025-04-07 10:13:06","updated_at":"2025-07-03 09:42:13","bloqueado":"N\u00e3o","bloqueado_temporario":"N\u00e3o","data_bloqueio_temporario":null,"tentativas_login":0,"status":"Ativo","modificar_senha_proximo_logon":"N\u00e3o","dep_name":"Tecnologia da Informa\u00e7\u00e3o","pos_name":"Lider"}
2025-07-04 18:04:10 - Redirecionando para dashboard
2025-07-04 18:04:47 - Início do método login
2025-07-04 18:04:47 - Após validação: []
2025-07-04 18:04:47 - Login: username=teste1 id=14
2025-07-04 18:04:47 - Após autenticação: {"id":14,"name":"teste1","email":"teste1@teste.com","username":"teste1","image":null,"password":"$2y$10$s0OTyiRvr1PW58GwiT9KxOG1gvsz4HcyKcQs5UWzPZWmeO\/sDISUi","user_department_id":2,"user_position_id":2,"created_at":"2025-07-03 08:12:25","updated_at":"2025-07-04 16:21:13","bloqueado":"N\u00e3o","bloqueado_temporario":"Sim","data_bloqueio_temporario":null,"tentativas_login":0,"status":"Ativo","modificar_senha_proximo_logon":"Sim","dep_name":"Comercial","pos_name":"Analista"}
2025-07-04 18:06:35 - Início do método login
2025-07-04 18:06:35 - Após validação: []
2025-07-04 18:06:36 - Login: username=teste1 id=14
2025-07-04 18:06:36 - Após autenticação: {"id":14,"name":"teste1","email":"teste1@teste.com","username":"teste1","image":null,"password":"$2y$10$s0OTyiRvr1PW58GwiT9KxOG1gvsz4HcyKcQs5UWzPZWmeO\/sDISUi","user_department_id":2,"user_position_id":2,"created_at":"2025-07-03 08:12:25","updated_at":"2025-07-04 16:21:13","bloqueado":"N\u00e3o","bloqueado_temporario":"Sim","data_bloqueio_temporario":null,"tentativas_login":0,"status":"Ativo","modificar_senha_proximo_logon":"Sim","dep_name":"Comercial","pos_name":"Analista"}
2025-07-06 19:20:04 - Início do método login
2025-07-06 19:20:04 - Após validação: []
2025-07-06 19:20:05 - Login: username=manager id=1
2025-07-06 19:20:05 - Após autenticação: {"id":1,"name":"Manager","email":"manager@tiaraju.com.br","username":"manager","image":null,"password":"$2y$10$1OTbxLoMuCRVazy5efQI6e4J5EOqaRvc5bEsOVNj5ah0XmIUg1gly","user_department_id":18,"user_position_id":9,"created_at":"2025-04-07 10:13:06","updated_at":"2025-07-03 09:42:13","bloqueado":"N\u00e3o","bloqueado_temporario":"N\u00e3o","data_bloqueio_temporario":null,"tentativas_login":0,"status":"Ativo","modificar_senha_proximo_logon":"N\u00e3o","dep_name":"Tecnologia da Informa\u00e7\u00e3o","pos_name":"Lider"}
2025-07-06 19:20:05 - Redirecionando para dashboard
2025-07-06 19:34:19 - Início do método login
2025-07-06 19:34:19 - Após validação: []
2025-07-06 19:34:20 - Login: username=teste1 id=14
2025-07-06 19:34:20 - Após autenticação: {"id":14,"name":"teste1","email":"teste1@teste.com","username":"teste1","image":null,"password":"$2y$10$s0OTyiRvr1PW58GwiT9KxOG1gvsz4HcyKcQs5UWzPZWmeO\/sDISUi","user_department_id":2,"user_position_id":2,"created_at":"2025-07-03 08:12:25","updated_at":"2025-07-04 16:21:13","bloqueado":"N\u00e3o","bloqueado_temporario":"Sim","data_bloqueio_temporario":null,"tentativas_login":0,"status":"Ativo","modificar_senha_proximo_logon":"Sim","dep_name":"Comercial","pos_name":"Analista"}
2025-07-06 19:47:51 - Início do método login
2025-07-06 19:47:51 - Após validação: []
2025-07-06 19:47:51 - Login: username=teste1 id=14
2025-07-06 19:47:51 - Após autenticação: {"id":14,"name":"teste1","email":"teste1@teste.com","username":"teste1","image":null,"password":"$2y$10$s0OTyiRvr1PW58GwiT9KxOG1gvsz4HcyKcQs5UWzPZWmeO\/sDISUi","user_department_id":2,"user_position_id":2,"created_at":"2025-07-03 08:12:25","updated_at":"2025-07-04 16:21:13","bloqueado":"N\u00e3o","bloqueado_temporario":"Sim","data_bloqueio_temporario":null,"tentativas_login":0,"status":"Ativo","modificar_senha_proximo_logon":"Sim","dep_name":"Comercial","pos_name":"Analista"}
2025-07-07 07:20:00 - Início do método login
2025-07-07 07:20:00 - Após validação: []
2025-07-07 07:20:00 - Login: username=manager id=1
2025-07-07 07:20:00 - Após autenticação: {"id":1,"name":"Manager","email":"manager@tiaraju.com.br","username":"manager","image":null,"password":"$2y$10$1OTbxLoMuCRVazy5efQI6e4J5EOqaRvc5bEsOVNj5ah0XmIUg1gly","user_department_id":18,"user_position_id":9,"created_at":"2025-04-07 10:13:06","updated_at":"2025-07-03 09:42:13","bloqueado":"N\u00e3o","bloqueado_temporario":"N\u00e3o","data_bloqueio_temporario":null,"tentativas_login":0,"status":"Ativo","modificar_senha_proximo_logon":"N\u00e3o","dep_name":"Tecnologia da Informa\u00e7\u00e3o","pos_name":"Lider"}
2025-07-07 07:20:00 - Redirecionando para dashboard
2025-07-07 07:20:30 - Início do método login
2025-07-07 07:20:30 - Após validação: []
2025-07-07 07:20:30 - Login: username=teste1 id=14
2025-07-07 07:20:30 - Após autenticação: {"id":14,"name":"teste1","email":"teste1@teste.com","username":"teste1","image":null,"password":"$2y$10$s0OTyiRvr1PW58GwiT9KxOG1gvsz4HcyKcQs5UWzPZWmeO\/sDISUi","user_department_id":2,"user_position_id":2,"created_at":"2025-07-03 08:12:25","updated_at":"2025-07-04 16:21:13","bloqueado":"N\u00e3o","bloqueado_temporario":"Sim","data_bloqueio_temporario":null,"tentativas_login":0,"status":"Ativo","modificar_senha_proximo_logon":"Sim","dep_name":"Comercial","pos_name":"Analista"}
2025-07-07 07:35:51 - Início do método login
2025-07-07 07:35:51 - Após validação: []
2025-07-07 07:35:51 - Login: username=teste1 id=14
2025-07-07 07:35:51 - Após autenticação: {"id":14,"name":"teste1","email":"teste1@teste.com","username":"teste1","image":null,"password":"$2y$10$s0OTyiRvr1PW58GwiT9KxOG1gvsz4HcyKcQs5UWzPZWmeO\/sDISUi","user_department_id":2,"user_position_id":2,"created_at":"2025-07-03 08:12:25","updated_at":"2025-07-04 16:21:13","bloqueado":"N\u00e3o","bloqueado_temporario":"Sim","data_bloqueio_temporario":null,"tentativas_login":0,"status":"Ativo","modificar_senha_proximo_logon":"Sim","dep_name":"Comercial","pos_name":"Analista"}
2025-07-07 07:38:05 - Início do método login
2025-07-07 07:38:05 - Após validação: []
2025-07-07 07:38:05 - Após autenticação: false
2025-07-07 07:38:05 - Falha no login
2025-07-07 07:38:08 - Início do método login
2025-07-07 07:38:08 - Após validação: []
2025-07-07 07:38:08 - Login: username=teste1 id=14
2025-07-07 07:38:08 - Após autenticação: {"id":14,"name":"teste1","email":"teste1@teste.com","username":"teste1","image":null,"password":"$2y$10$s0OTyiRvr1PW58GwiT9KxOG1gvsz4HcyKcQs5UWzPZWmeO\/sDISUi","user_department_id":2,"user_position_id":2,"created_at":"2025-07-03 08:12:25","updated_at":"2025-07-04 16:21:13","bloqueado":"N\u00e3o","bloqueado_temporario":"Sim","data_bloqueio_temporario":null,"tentativas_login":1,"status":"Ativo","modificar_senha_proximo_logon":"Sim","dep_name":"Comercial","pos_name":"Analista"}
2025-07-07 07:40:02 - Início do método login
2025-07-07 07:40:02 - Após validação: []
2025-07-07 07:40:03 - Login: username=teste1 id=14
2025-07-07 07:40:03 - Após autenticação: {"id":14,"name":"teste1","email":"teste1@teste.com","username":"teste1","image":null,"password":"$2y$10$s0OTyiRvr1PW58GwiT9KxOG1gvsz4HcyKcQs5UWzPZWmeO\/sDISUi","user_department_id":2,"user_position_id":2,"created_at":"2025-07-03 08:12:25","updated_at":"2025-07-04 16:21:13","bloqueado":"N\u00e3o","bloqueado_temporario":"Sim","data_bloqueio_temporario":null,"tentativas_login":0,"status":"Ativo","modificar_senha_proximo_logon":"Sim","dep_name":"Comercial","pos_name":"Analista"}
2025-07-07 07:42:27 - Início do método login
2025-07-07 07:42:27 - Após validação: []
2025-07-07 07:42:27 - Login: username=teste1 id=14
2025-07-07 07:42:27 - Após autenticação: {"id":14,"name":"teste1","email":"teste1@teste.com","username":"teste1","image":null,"password":"$2y$10$s0OTyiRvr1PW58GwiT9KxOG1gvsz4HcyKcQs5UWzPZWmeO\/sDISUi","user_department_id":2,"user_position_id":2,"created_at":"2025-07-03 08:12:25","updated_at":"2025-07-04 16:21:13","bloqueado":"N\u00e3o","bloqueado_temporario":"Sim","data_bloqueio_temporario":null,"tentativas_login":0,"status":"Ativo","modificar_senha_proximo_logon":"Sim","dep_name":"Comercial","pos_name":"Analista"}
2025-07-07 07:44:11 - Início do método login
2025-07-07 07:44:11 - Após validação: []
2025-07-07 07:44:11 - Login: username=teste1 id=14
2025-07-07 07:44:11 - Após autenticação: {"id":14,"name":"teste1","email":"teste1@teste.com","username":"teste1","image":null,"password":"$2y$10$s0OTyiRvr1PW58GwiT9KxOG1gvsz4HcyKcQs5UWzPZWmeO\/sDISUi","user_department_id":2,"user_position_id":2,"created_at":"2025-07-03 08:12:25","updated_at":"2025-07-04 16:21:13","bloqueado":"N\u00e3o","bloqueado_temporario":"Sim","data_bloqueio_temporario":null,"tentativas_login":0,"status":"Ativo","modificar_senha_proximo_logon":"Sim","dep_name":"Comercial","pos_name":"Analista"}
2025-07-07 07:47:10 - Início do método login
2025-07-07 07:47:10 - Após validação: []
2025-07-07 07:47:10 - Login: username=teste1 id=14
2025-07-07 07:47:10 - Após autenticação: {"id":14,"name":"teste1","email":"teste1@teste.com","username":"teste1","image":null,"password":"$2y$10$s0OTyiRvr1PW58GwiT9KxOG1gvsz4HcyKcQs5UWzPZWmeO\/sDISUi","user_department_id":2,"user_position_id":2,"created_at":"2025-07-03 08:12:25","updated_at":"2025-07-04 16:21:13","bloqueado":"N\u00e3o","bloqueado_temporario":"Sim","data_bloqueio_temporario":null,"tentativas_login":0,"status":"Ativo","modificar_senha_proximo_logon":"Sim","dep_name":"Comercial","pos_name":"Analista"}
2025-07-07 07:48:34 - Início do método login
2025-07-07 07:48:34 - Após validação: []
2025-07-07 07:48:34 - Login: username=manager id=1
2025-07-07 07:48:34 - Após autenticação: {"id":1,"name":"Manager","email":"manager@tiaraju.com.br","username":"manager","image":null,"password":"$2y$10$1OTbxLoMuCRVazy5efQI6e4J5EOqaRvc5bEsOVNj5ah0XmIUg1gly","user_department_id":18,"user_position_id":9,"created_at":"2025-04-07 10:13:06","updated_at":"2025-07-03 09:42:13","bloqueado":"N\u00e3o","bloqueado_temporario":"N\u00e3o","data_bloqueio_temporario":null,"tentativas_login":0,"status":"Ativo","modificar_senha_proximo_logon":"N\u00e3o","dep_name":"Tecnologia da Informa\u00e7\u00e3o","pos_name":"Lider"}
2025-07-07 07:48:34 - Redirecionando para dashboard
2025-07-07 07:52:44 - Início do método login
2025-07-07 07:52:44 - Após validação: []
2025-07-07 07:52:44 - Login: username=teste1 id=14
2025-07-07 07:52:44 - Após autenticação: {"id":14,"name":"teste1","email":"teste1@teste.com","username":"teste1","image":null,"password":"$2y$10$s0OTyiRvr1PW58GwiT9KxOG1gvsz4HcyKcQs5UWzPZWmeO\/sDISUi","user_department_id":2,"user_position_id":2,"created_at":"2025-07-03 08:12:25","updated_at":"2025-07-04 16:21:13","bloqueado":"N\u00e3o","bloqueado_temporario":"Sim","data_bloqueio_temporario":null,"tentativas_login":0,"status":"Ativo","modificar_senha_proximo_logon":"Sim","dep_name":"Comercial","pos_name":"Analista"}
2025-07-07 07:54:11 - Início do método login
2025-07-07 07:54:11 - Após validação: []
2025-07-07 07:54:11 - Após autenticação: false
2025-07-07 07:54:11 - Falha no login
2025-07-07 07:54:14 - Início do método login
2025-07-07 07:54:14 - Após validação: []
2025-07-07 07:54:15 - Login: username=teste1 id=14
2025-07-07 07:54:15 - Após autenticação: {"id":14,"name":"teste1","email":"teste1@teste.com","username":"teste1","image":null,"password":"$2y$10$7qOB.Gxzh6xER3J73uygSOFh6TTsDTHJYG0XVzG8bMoVbO5S2umoW","user_department_id":2,"user_position_id":2,"created_at":"2025-07-03 08:12:25","updated_at":"2025-07-07 07:52:55","bloqueado":"N\u00e3o","bloqueado_temporario":"Sim","data_bloqueio_temporario":null,"tentativas_login":1,"status":"Ativo","modificar_senha_proximo_logon":"N\u00e3o","dep_name":"Comercial","pos_name":"Analista"}
2025-07-07 07:54:15 - Redirecionando para dashboard
2025-07-07 08:02:56 - Início do método login
2025-07-07 08:02:56 - Após validação: []
2025-07-07 08:02:56 - Login: username=manager id=1
2025-07-07 08:02:56 - Após autenticação: {"id":1,"name":"Manager","email":"manager@tiaraju.com.br","username":"manager","image":null,"password":"$2y$10$1OTbxLoMuCRVazy5efQI6e4J5EOqaRvc5bEsOVNj5ah0XmIUg1gly","user_department_id":18,"user_position_id":9,"created_at":"2025-04-07 10:13:06","updated_at":"2025-07-03 09:42:13","bloqueado":"N\u00e3o","bloqueado_temporario":"N\u00e3o","data_bloqueio_temporario":null,"tentativas_login":0,"status":"Ativo","modificar_senha_proximo_logon":"N\u00e3o","dep_name":"Tecnologia da Informa\u00e7\u00e3o","pos_name":"Lider"}
2025-07-07 08:02:56 - Redirecionando para dashboard
2025-07-07 08:14:04 - Início do método login
2025-07-07 08:14:04 - Após validação: []
2025-07-07 08:14:05 - Login: username=wladimir.souza id=3
2025-07-07 08:14:05 - Após autenticação: {"id":3,"name":"Wladimir Ribeiro de Souza","email":"wladimir.souza@tiaraju.com.br","username":"wladimir.souza","image":null,"password":"$2y$10$lgnITVsSu38Et7JGsG5wPOJhFqBcxnabAUufGlO9\/c4mOizeb5Opm","user_department_id":18,"user_position_id":2,"created_at":"2025-04-07 10:13:06","updated_at":"2025-07-07 08:13:25","bloqueado":"N\u00e3o","bloqueado_temporario":"N\u00e3o","data_bloqueio_temporario":null,"tentativas_login":0,"status":"Ativo","modificar_senha_proximo_logon":"Sim","dep_name":"Tecnologia da Informa\u00e7\u00e3o","pos_name":"Analista"}
2025-07-07 08:15:18 - Início do método login
2025-07-07 08:15:18 - Após validação: []
2025-07-07 08:15:18 - Login: username=wladimir.souza id=3
2025-07-07 08:15:18 - Após autenticação: {"id":3,"name":"Wladimir Ribeiro de Souza","email":"wladimir.souza@tiaraju.com.br","username":"wladimir.souza","image":null,"password":"$2y$10$AW1emF.fl8Wi12Jxz4fOyua0VAjzcw4JAcNbLGrTTAxJrxd3qIENW","user_department_id":18,"user_position_id":2,"created_at":"2025-04-07 10:13:06","updated_at":"2025-07-07 08:14:40","bloqueado":"N\u00e3o","bloqueado_temporario":"N\u00e3o","data_bloqueio_temporario":null,"tentativas_login":0,"status":"Ativo","modificar_senha_proximo_logon":"N\u00e3o","dep_name":"Tecnologia da Informa\u00e7\u00e3o","pos_name":"Analista"}
2025-07-07 08:15:18 - Redirecionando para dashboard
2025-07-07 08:16:03 - Início do método login
2025-07-07 08:16:03 - Após validação: []
2025-07-07 08:16:03 - Após autenticação: false
2025-07-07 08:16:03 - Falha no login
2025-07-07 08:16:06 - Início do método login
2025-07-07 08:16:06 - Após validação: []
2025-07-07 08:16:15 - Após autenticação: false
2025-07-07 08:16:15 - Falha no login
2025-07-07 08:16:26 - Início do método login
2025-07-07 08:16:26 - Após validação: []
2025-07-07 08:16:26 - Após autenticação: false
2025-07-07 08:16:26 - Falha no login
2025-07-07 08:20:52 - Início do método login
2025-07-07 08:20:52 - Após validação: []
2025-07-07 08:20:52 - Login: username=wladimir.souza id=3
2025-07-07 08:20:52 - Após autenticação: {"id":3,"name":"Wladimir Ribeiro de Souza","email":"wladimir.souza@tiaraju.com.br","username":"wladimir.souza","image":null,"password":"$2y$10$AW1emF.fl8Wi12Jxz4fOyua0VAjzcw4JAcNbLGrTTAxJrxd3qIENW","user_department_id":18,"user_position_id":2,"created_at":"2025-04-07 10:13:06","updated_at":"2025-07-07 08:14:40","bloqueado":"Sim","bloqueado_temporario":"N\u00e3o","data_bloqueio_temporario":"2025-07-07 08:16:06","tentativas_login":3,"status":"Ativo","modificar_senha_proximo_logon":"N\u00e3o","dep_name":"Tecnologia da Informa\u00e7\u00e3o","pos_name":"Analista"}
2025-07-07 08:20:52 - Redirecionando para dashboard
2025-07-07 08:48:00 - Início do método login
2025-07-07 08:48:00 - Após validação: []
2025-07-07 08:48:00 - Login: username=camila.lago id=7
2025-07-07 08:48:00 - Após autenticação: {"id":7,"name":"Camila Carvalho Lago","email":"camila.lago@tiaraju.com.br","username":"camila.lago","image":null,"password":"$2y$10$.pbGeLbXkpydQnph7IRHHea.YW5gr4Bq9Ne62OZkwaRdzvZlwRfne","user_department_id":10,"user_position_id":2,"created_at":"2025-06-30 16:31:17","updated_at":"2025-07-07 07:48:49","bloqueado":"N\u00e3o","bloqueado_temporario":"N\u00e3o","data_bloqueio_temporario":null,"tentativas_login":0,"status":"Ativo","modificar_senha_proximo_logon":"N\u00e3o","dep_name":"Garantia da Qualidade","pos_name":"Analista"}
2025-07-07 08:48:00 - Redirecionando para dashboard
2025-07-07 08:56:45 - Início do método login
2025-07-07 08:56:45 - Após validação: []
2025-07-07 08:56:45 - Login: username=camila.lago id=7
2025-07-07 08:56:45 - Após autenticação: {"id":7,"name":"Camila Carvalho Lago","email":"camila.lago@tiaraju.com.br","username":"camila.lago","image":null,"password":"$2y$10$.pbGeLbXkpydQnph7IRHHea.YW5gr4Bq9Ne62OZkwaRdzvZlwRfne","user_department_id":10,"user_position_id":2,"created_at":"2025-06-30 16:31:17","updated_at":"2025-07-07 07:48:49","bloqueado":"N\u00e3o","bloqueado_temporario":"N\u00e3o","data_bloqueio_temporario":null,"tentativas_login":0,"status":"Ativo","modificar_senha_proximo_logon":"N\u00e3o","dep_name":"Garantia da Qualidade","pos_name":"Analista"}
2025-07-07 08:56:45 - Redirecionando para dashboard
2025-07-07 08:57:24 - Início do método login
2025-07-07 08:57:24 - Após validação: []
2025-07-07 08:57:24 - Login: username=camila.lago id=7
2025-07-07 08:57:24 - Após autenticação: {"id":7,"name":"Camila Carvalho Lago","email":"camila.lago@tiaraju.com.br","username":"camila.lago","image":null,"password":"$2y$10$.pbGeLbXkpydQnph7IRHHea.YW5gr4Bq9Ne62OZkwaRdzvZlwRfne","user_department_id":10,"user_position_id":2,"created_at":"2025-06-30 16:31:17","updated_at":"2025-07-07 07:48:49","bloqueado":"N\u00e3o","bloqueado_temporario":"N\u00e3o","data_bloqueio_temporario":null,"tentativas_login":0,"status":"Ativo","modificar_senha_proximo_logon":"N\u00e3o","dep_name":"Garantia da Qualidade","pos_name":"Analista"}
2025-07-07 08:57:24 - Redirecionando para dashboard
2025-07-07 08:57:36 - Início do método login
2025-07-07 08:57:36 - Após validação: []
2025-07-07 08:57:36 - Login: username=camila.lago id=7
2025-07-07 08:57:36 - Após autenticação: {"id":7,"name":"Camila Carvalho Lago","email":"camila.lago@tiaraju.com.br","username":"camila.lago","image":null,"password":"$2y$10$.pbGeLbXkpydQnph7IRHHea.YW5gr4Bq9Ne62OZkwaRdzvZlwRfne","user_department_id":10,"user_position_id":2,"created_at":"2025-06-30 16:31:17","updated_at":"2025-07-07 07:48:49","bloqueado":"N\u00e3o","bloqueado_temporario":"N\u00e3o","data_bloqueio_temporario":null,"tentativas_login":0,"status":"Ativo","modificar_senha_proximo_logon":"N\u00e3o","dep_name":"Garantia da Qualidade","pos_name":"Analista"}
2025-07-07 08:57:36 - Redirecionando para dashboard
2025-07-07 09:00:19 - Início do método login
2025-07-07 09:00:19 - Após validação: []
2025-07-07 09:00:19 - Login: username=manager id=1
2025-07-07 09:00:19 - Após autenticação: {"id":1,"name":"Manager","email":"manager@tiaraju.com.br","username":"manager","image":null,"password":"$2y$10$1OTbxLoMuCRVazy5efQI6e4J5EOqaRvc5bEsOVNj5ah0XmIUg1gly","user_department_id":18,"user_position_id":9,"created_at":"2025-04-07 10:13:06","updated_at":"2025-07-03 09:42:13","bloqueado":"N\u00e3o","bloqueado_temporario":"N\u00e3o","data_bloqueio_temporario":null,"tentativas_login":0,"status":"Ativo","modificar_senha_proximo_logon":"N\u00e3o","dep_name":"Tecnologia da Informa\u00e7\u00e3o","pos_name":"Lider"}
2025-07-07 09:00:19 - Redirecionando para dashboard
2025-07-07 09:00:36 - Início do método login
2025-07-07 09:00:36 - Após validação: []
2025-07-07 09:00:36 - Login: username=camila.lago id=7
2025-07-07 09:00:36 - Após autenticação: {"id":7,"name":"Camila Carvalho Lago","email":"camila.lago@tiaraju.com.br","username":"camila.lago","image":null,"password":"$2y$10$.pbGeLbXkpydQnph7IRHHea.YW5gr4Bq9Ne62OZkwaRdzvZlwRfne","user_department_id":10,"user_position_id":2,"created_at":"2025-06-30 16:31:17","updated_at":"2025-07-07 07:48:49","bloqueado":"N\u00e3o","bloqueado_temporario":"N\u00e3o","data_bloqueio_temporario":null,"tentativas_login":0,"status":"Ativo","modificar_senha_proximo_logon":"N\u00e3o","dep_name":"Garantia da Qualidade","pos_name":"Analista"}
2025-07-07 09:00:36 - Redirecionando para dashboard
2025-07-07 09:02:04 - Início do método login
2025-07-07 09:02:04 - Após validação: []
2025-07-07 09:02:04 - Login: username=camila.lago id=7
2025-07-07 09:02:04 - Após autenticação: {"id":7,"name":"Camila Carvalho Lago","email":"camila.lago@tiaraju.com.br","username":"camila.lago","image":null,"password":"$2y$10$.pbGeLbXkpydQnph7IRHHea.YW5gr4Bq9Ne62OZkwaRdzvZlwRfne","user_department_id":10,"user_position_id":2,"created_at":"2025-06-30 16:31:17","updated_at":"2025-07-07 07:48:49","bloqueado":"N\u00e3o","bloqueado_temporario":"N\u00e3o","data_bloqueio_temporario":null,"tentativas_login":0,"status":"Ativo","modificar_senha_proximo_logon":"N\u00e3o","dep_name":"Garantia da Qualidade","pos_name":"Analista"}
2025-07-07 09:02:04 - Redirecionando para dashboard
2025-07-07 09:02:25 - Início do método login
2025-07-07 09:02:25 - Após validação: []
2025-07-07 09:02:26 - Login: username=camila.lago id=7
2025-07-07 09:02:26 - Após autenticação: {"id":7,"name":"Camila Carvalho Lago","email":"camila.lago@tiaraju.com.br","username":"camila.lago","image":null,"password":"$2y$10$.pbGeLbXkpydQnph7IRHHea.YW5gr4Bq9Ne62OZkwaRdzvZlwRfne","user_department_id":10,"user_position_id":2,"created_at":"2025-06-30 16:31:17","updated_at":"2025-07-07 07:48:49","bloqueado":"N\u00e3o","bloqueado_temporario":"N\u00e3o","data_bloqueio_temporario":null,"tentativas_login":0,"status":"Ativo","modificar_senha_proximo_logon":"N\u00e3o","dep_name":"Garantia da Qualidade","pos_name":"Analista"}
2025-07-07 09:02:26 - Redirecionando para dashboard
2025-07-07 09:04:11 - Início do método login
2025-07-07 09:04:11 - Após validação: []
2025-07-07 09:04:12 - Login: username=camila.lago id=7
2025-07-07 09:04:12 - Após autenticação: {"id":7,"name":"Camila Carvalho Lago","email":"camila.lago@tiaraju.com.br","username":"camila.lago","image":null,"password":"$2y$10$.pbGeLbXkpydQnph7IRHHea.YW5gr4Bq9Ne62OZkwaRdzvZlwRfne","user_department_id":10,"user_position_id":2,"created_at":"2025-06-30 16:31:17","updated_at":"2025-07-07 07:48:49","bloqueado":"N\u00e3o","bloqueado_temporario":"N\u00e3o","data_bloqueio_temporario":null,"tentativas_login":0,"status":"Ativo","modificar_senha_proximo_logon":"N\u00e3o","dep_name":"Garantia da Qualidade","pos_name":"Analista"}
2025-07-07 09:04:12 - Redirecionando para dashboard
2025-07-07 09:06:07 - Início do método login
2025-07-07 09:06:08 - Após validação: []
2025-07-07 09:06:08 - Após autenticação: false
2025-07-07 09:06:08 - Falha no login
2025-07-07 09:06:15 - Início do método login
2025-07-07 09:06:15 - Após validação: []
2025-07-07 09:06:22 - Após autenticação: false
2025-07-07 09:06:22 - Falha no login
2025-07-07 09:09:04 - Início do método login
2025-07-07 09:09:04 - Após validação: []
2025-07-07 09:09:04 - Após autenticação: false
2025-07-07 09:09:04 - Falha no login
2025-07-07 09:10:39 - Início do método login
2025-07-07 09:10:39 - Após validação: []
2025-07-07 09:10:39 - Login: username=camila.lago id=7
2025-07-07 09:10:39 - Após autenticação: {"id":7,"name":"Camila Carvalho Lago","email":"camila.lago@tiaraju.com.br","username":"camila.lago","image":null,"password":"$2y$10$.pbGeLbXkpydQnph7IRHHea.YW5gr4Bq9Ne62OZkwaRdzvZlwRfne","user_department_id":10,"user_position_id":2,"created_at":"2025-06-30 16:31:17","updated_at":"2025-07-07 07:48:49","bloqueado":"Sim","bloqueado_temporario":"N\u00e3o","data_bloqueio_temporario":"2025-07-07 09:06:15","tentativas_login":3,"status":"Ativo","modificar_senha_proximo_logon":"N\u00e3o","dep_name":"Garantia da Qualidade","pos_name":"Analista"}
2025-07-07 09:10:39 - Redirecionando para dashboard
2025-07-07 09:11:00 - Início do método login
2025-07-07 09:11:00 - Após validação: []
2025-07-07 09:11:00 - Login: username=camila.lago id=7
2025-07-07 09:11:00 - Após autenticação: {"id":7,"name":"Camila Carvalho Lago","email":"camila.lago@tiaraju.com.br","username":"camila.lago","image":null,"password":"$2y$10$.pbGeLbXkpydQnph7IRHHea.YW5gr4Bq9Ne62OZkwaRdzvZlwRfne","user_department_id":10,"user_position_id":2,"created_at":"2025-06-30 16:31:17","updated_at":"2025-07-07 09:10:55","bloqueado":"N\u00e3o","bloqueado_temporario":"N\u00e3o","data_bloqueio_temporario":null,"tentativas_login":0,"status":"Ativo","modificar_senha_proximo_logon":"Sim","dep_name":"Garantia da Qualidade","pos_name":"Analista"}
2025-07-07 10:00:18 - Início do método login
2025-07-07 10:00:18 - Após validação: []
2025-07-07 10:00:19 - Login: username=camila.lago id=7
2025-07-07 10:00:19 - Após autenticação: {"id":7,"name":"Camila Carvalho Lago","email":"camila.lago@tiaraju.com.br","username":"camila.lago","image":null,"password":"$2y$10$dZhiSrucBEDRQBm5hbFUZOJbVcU9Cv\/uWEl3S227al0kP1YvqRhMa","user_department_id":10,"user_position_id":2,"created_at":"2025-06-30 16:31:17","updated_at":"2025-07-07 09:11:59","bloqueado":"N\u00e3o","bloqueado_temporario":"N\u00e3o","data_bloqueio_temporario":null,"tentativas_login":0,"status":"Ativo","modificar_senha_proximo_logon":"N\u00e3o","dep_name":"Garantia da Qualidade","pos_name":"Analista"}
2025-07-07 10:00:19 - Redirecionando para dashboard
2025-07-07 10:01:44 - Início do método login
2025-07-07 10:01:44 - Após validação: []
2025-07-07 10:01:44 - Após autenticação: false
2025-07-07 10:01:44 - Falha no login
2025-07-07 10:01:47 - Início do método login
2025-07-07 10:01:47 - Após validação: []
2025-07-07 10:01:55 - Após autenticação: false
2025-07-07 10:01:55 - Falha no login
2025-07-07 10:02:40 - Início do método login
2025-07-07 10:02:40 - Após validação: []
2025-07-07 10:02:40 - Login: username=teste1 id=14
2025-07-07 10:02:40 - Após autenticação: {"id":14,"name":"teste1","email":"teste1@teste.com","username":"teste1","image":null,"password":"$2y$10$eQfPtp5m8VXfBCbFKhdejubwZL4tuFOl.vlG1we8sbvliVUUhfEXa","user_department_id":2,"user_position_id":2,"created_at":"2025-07-03 08:12:25","updated_at":"2025-07-07 10:02:34","bloqueado":"N\u00e3o","bloqueado_temporario":"Sim","data_bloqueio_temporario":null,"tentativas_login":0,"status":"Ativo","modificar_senha_proximo_logon":"N\u00e3o","dep_name":"Comercial","pos_name":"Analista"}
2025-07-07 10:02:40 - Redirecionando para dashboard
2025-07-07 10:13:01 - Início do método login
2025-07-07 10:13:01 - Após validação: []
2025-07-07 10:13:02 - Login: username=camila.lago id=7
2025-07-07 10:13:02 - Após autenticação: {"id":7,"name":"Camila Carvalho Lago","email":"camila.lago@tiaraju.com.br","username":"camila.lago","image":null,"password":"$2y$10$dZhiSrucBEDRQBm5hbFUZOJbVcU9Cv\/uWEl3S227al0kP1YvqRhMa","user_department_id":10,"user_position_id":2,"created_at":"2025-06-30 16:31:17","updated_at":"2025-07-07 09:11:59","bloqueado":"N\u00e3o","bloqueado_temporario":"N\u00e3o","data_bloqueio_temporario":null,"tentativas_login":0,"status":"Ativo","modificar_senha_proximo_logon":"N\u00e3o","dep_name":"Garantia da Qualidade","pos_name":"Analista"}
2025-07-07 10:13:02 - Redirecionando para dashboard
2025-07-07 10:30:37 - Início do método login
2025-07-07 10:30:37 - Após validação: []
2025-07-07 10:30:37 - Login: username=camila.lago id=7
2025-07-07 10:30:37 - Após autenticação: {"id":7,"name":"Camila Carvalho Lago","email":"camila.lago@tiaraju.com.br","username":"camila.lago","image":null,"password":"$2y$10$dZhiSrucBEDRQBm5hbFUZOJbVcU9Cv\/uWEl3S227al0kP1YvqRhMa","user_department_id":10,"user_position_id":2,"created_at":"2025-06-30 16:31:17","updated_at":"2025-07-07 09:11:59","bloqueado":"N\u00e3o","bloqueado_temporario":"N\u00e3o","data_bloqueio_temporario":null,"tentativas_login":0,"status":"Ativo","modificar_senha_proximo_logon":"N\u00e3o","dep_name":"Garantia da Qualidade","pos_name":"Analista"}
2025-07-07 10:30:37 - Redirecionando para dashboard
2025-07-07 11:00:55 - Início do método login
2025-07-07 11:00:55 - Após validação: []
2025-07-07 11:00:56 - Após autenticação: false
2025-07-07 11:00:56 - Falha no login
2025-07-07 11:01:05 - Início do método login
2025-07-07 11:01:05 - Após validação: []
2025-07-07 11:01:14 - Após autenticação: false
2025-07-07 11:01:14 - Falha no login
2025-07-07 11:01:45 - Início do método login
2025-07-07 11:01:45 - Após validação: []
2025-07-07 11:01:45 - Login: username=teste1 id=14
2025-07-07 11:01:45 - Após autenticação: {"id":14,"name":"teste1","email":"teste1@teste.com","username":"teste1","image":null,"password":"$2y$10$9khkTW4YALB5oMknlLPSj.9c4rgrs7glcAUB4mxKPOX3uDhGzIxfW","user_department_id":2,"user_position_id":2,"created_at":"2025-07-03 08:12:25","updated_at":"2025-07-07 11:01:40","bloqueado":"N\u00e3o","bloqueado_temporario":"Sim","data_bloqueio_temporario":null,"tentativas_login":0,"status":"Ativo","modificar_senha_proximo_logon":"N\u00e3o","dep_name":"Comercial","pos_name":"Analista"}
2025-07-07 11:01:45 - Redirecionando para dashboard
2025-07-07 11:01:59 - Início do método login
2025-07-07 11:01:59 - Após validação: []
2025-07-07 11:01:59 - Login: username=teste1 id=14
2025-07-07 11:01:59 - Após autenticação: {"id":14,"name":"teste1","email":"teste1@teste.com","username":"teste1","image":null,"password":"$2y$10$9khkTW4YALB5oMknlLPSj.9c4rgrs7glcAUB4mxKPOX3uDhGzIxfW","user_department_id":2,"user_position_id":2,"created_at":"2025-07-03 08:12:25","updated_at":"2025-07-07 11:01:40","bloqueado":"N\u00e3o","bloqueado_temporario":"Sim","data_bloqueio_temporario":null,"tentativas_login":0,"status":"Ativo","modificar_senha_proximo_logon":"N\u00e3o","dep_name":"Comercial","pos_name":"Analista"}
2025-07-07 11:01:59 - Redirecionando para dashboard
2025-07-07 11:04:03 - Início do método login
2025-07-07 11:04:03 - Após validação: []
2025-07-07 11:04:03 - Login: username=teste1 id=14
2025-07-07 11:04:03 - Após autenticação: {"id":14,"name":"teste1","email":"teste1@teste.com","username":"teste1","image":null,"password":"$2y$10$9khkTW4YALB5oMknlLPSj.9c4rgrs7glcAUB4mxKPOX3uDhGzIxfW","user_department_id":2,"user_position_id":2,"created_at":"2025-07-03 08:12:25","updated_at":"2025-07-07 11:01:40","bloqueado":"N\u00e3o","bloqueado_temporario":"Sim","data_bloqueio_temporario":null,"tentativas_login":0,"status":"Ativo","modificar_senha_proximo_logon":"N\u00e3o","dep_name":"Comercial","pos_name":"Analista"}
2025-07-07 11:04:03 - Redirecionando para dashboard
2025-07-07 11:33:42 - Início do método login
2025-07-07 11:33:42 - Após validação: []
2025-07-07 11:33:42 - Login: username=tais.silveira id=5
2025-07-07 11:33:42 - Após autenticação: {"id":5,"name":"Ta\u00eds Regina Moreira da Silveira","email":"teste@gmail.com","username":"tais.silveira","image":null,"password":"$2y$10$12uX0onmCPfUOFAtdOcivO3eEwGRe4uky8b263q2aHi\/YD4.xqefi","user_department_id":9,"user_position_id":2,"created_at":"2025-05-22 08:29:04","updated_at":"2025-06-28 22:10:01","bloqueado":"N\u00e3o","bloqueado_temporario":"N\u00e3o","data_bloqueio_temporario":null,"tentativas_login":0,"status":"Ativo","modificar_senha_proximo_logon":"Sim","dep_name":"Financeiro","pos_name":"Analista"}
2025-07-07 11:37:46 - Início do método login
2025-07-07 11:37:46 - Após validação: []
2025-07-07 11:37:46 - Login: username=tais.silveira id=5
2025-07-07 11:37:46 - Após autenticação: {"id":5,"name":"Ta\u00eds Regina Moreira da Silveira","email":"teste@gmail.com","username":"tais.silveira","image":null,"password":"$2y$10$VRGrg2wuI\/aJkx7NrAYLiukj0uO9d5pDx7ubu.ZV07\/YErRVa\/TY2","user_department_id":9,"user_position_id":2,"created_at":"2025-05-22 08:29:04","updated_at":"2025-07-07 11:33:49","bloqueado":"N\u00e3o","bloqueado_temporario":"N\u00e3o","data_bloqueio_temporario":null,"tentativas_login":0,"status":"Ativo","modificar_senha_proximo_logon":"N\u00e3o","dep_name":"Financeiro","pos_name":"Analista"}
2025-07-07 11:37:46 - Redirecionando para dashboard
2025-07-07 11:40:58 - Início do método login
2025-07-07 11:40:58 - Após validação: []
2025-07-07 11:40:59 - Login: username=camila.lago id=7
2025-07-07 11:40:59 - Após autenticação: {"id":7,"name":"Camila Carvalho Lago","email":"camila.lago@tiaraju.com.br","username":"camila.lago","image":null,"password":"$2y$10$dZhiSrucBEDRQBm5hbFUZOJbVcU9Cv\/uWEl3S227al0kP1YvqRhMa","user_department_id":10,"user_position_id":2,"created_at":"2025-06-30 16:31:17","updated_at":"2025-07-07 09:11:59","bloqueado":"N\u00e3o","bloqueado_temporario":"N\u00e3o","data_bloqueio_temporario":null,"tentativas_login":0,"status":"Ativo","modificar_senha_proximo_logon":"N\u00e3o","dep_name":"Garantia da Qualidade","pos_name":"Analista"}
2025-07-07 11:40:59 - Redirecionando para dashboard
2025-07-07 13:11:32 - Início do método login
2025-07-07 13:11:32 - Após validação: []
2025-07-07 13:11:32 - Login: username=camila.lago id=7
2025-07-07 13:11:32 - Após autenticação: {"id":7,"name":"Camila Carvalho Lago","email":"camila.lago@tiaraju.com.br","username":"camila.lago","image":null,"password":"$2y$10$dZhiSrucBEDRQBm5hbFUZOJbVcU9Cv\/uWEl3S227al0kP1YvqRhMa","user_department_id":10,"user_position_id":2,"created_at":"2025-06-30 16:31:17","updated_at":"2025-07-07 09:11:59","bloqueado":"N\u00e3o","bloqueado_temporario":"N\u00e3o","data_bloqueio_temporario":null,"tentativas_login":0,"status":"Ativo","modificar_senha_proximo_logon":"N\u00e3o","dep_name":"Garantia da Qualidade","pos_name":"Analista"}
2025-07-07 13:11:32 - Redirecionando para dashboard
2025-07-07 13:32:02 - Início do método login
2025-07-07 13:32:02 - Após validação: []
2025-07-07 13:32:02 - Após autenticação: false
2025-07-07 13:32:02 - Falha no login
2025-07-07 13:32:07 - Início do método login
2025-07-07 13:32:07 - Após validação: []
2025-07-07 13:32:07 - Login: username=manager id=1
2025-07-07 13:32:07 - Após autenticação: {"id":1,"name":"Manager","email":"manager@tiaraju.com.br","username":"manager","image":null,"password":"$2y$10$1OTbxLoMuCRVazy5efQI6e4J5EOqaRvc5bEsOVNj5ah0XmIUg1gly","user_department_id":18,"user_position_id":9,"created_at":"2025-04-07 10:13:06","updated_at":"2025-07-03 09:42:13","bloqueado":"N\u00e3o","bloqueado_temporario":"N\u00e3o","data_bloqueio_temporario":null,"tentativas_login":1,"status":"Ativo","modificar_senha_proximo_logon":"N\u00e3o","dep_name":"Tecnologia da Informa\u00e7\u00e3o","pos_name":"Lider"}
2025-07-07 13:32:07 - Redirecionando para dashboard
2025-07-07 13:32:55 - Início do método login
2025-07-07 13:32:55 - Após validação: []
2025-07-07 13:32:55 - Login: username=teste1 id=14
2025-07-07 13:32:55 - Após autenticação: {"id":14,"name":"teste1","email":"teste1@teste.com","username":"teste1","image":null,"password":"$2y$10$9khkTW4YALB5oMknlLPSj.9c4rgrs7glcAUB4mxKPOX3uDhGzIxfW","user_department_id":2,"user_position_id":2,"created_at":"2025-07-03 08:12:25","updated_at":"2025-07-07 11:01:40","bloqueado":"N\u00e3o","bloqueado_temporario":"Sim","data_bloqueio_temporario":null,"tentativas_login":0,"status":"Ativo","modificar_senha_proximo_logon":"N\u00e3o","dep_name":"Comercial","pos_name":"Analista"}
2025-07-07 13:32:55 - Redirecionando para dashboard
2025-07-07 16:33:06 - Início do método login
2025-07-07 16:33:06 - Após validação: []
2025-07-07 16:33:06 - Login: username=camila.lago id=7
2025-07-07 16:33:06 - Após autenticação: {"id":7,"name":"Camila Carvalho Lago","email":"camila.lago@tiaraju.com.br","username":"camila.lago","image":null,"password":"$2y$10$dZhiSrucBEDRQBm5hbFUZOJbVcU9Cv\/uWEl3S227al0kP1YvqRhMa","user_department_id":10,"user_position_id":2,"created_at":"2025-06-30 16:31:17","updated_at":"2025-07-07 09:11:59","bloqueado":"N\u00e3o","bloqueado_temporario":"N\u00e3o","data_bloqueio_temporario":null,"tentativas_login":0,"status":"Ativo","modificar_senha_proximo_logon":"N\u00e3o","dep_name":"Garantia da Qualidade","pos_name":"Analista"}
2025-07-07 16:33:06 - Redirecionando para dashboard
2025-07-07 16:33:10 - Início do método login
2025-07-07 16:33:10 - Após validação: []
2025-07-07 16:33:10 - Login: username=camila.lago id=7
2025-07-07 16:33:10 - Após autenticação: {"id":7,"name":"Camila Carvalho Lago","email":"camila.lago@tiaraju.com.br","username":"camila.lago","image":null,"password":"$2y$10$dZhiSrucBEDRQBm5hbFUZOJbVcU9Cv\/uWEl3S227al0kP1YvqRhMa","user_department_id":10,"user_position_id":2,"created_at":"2025-06-30 16:31:17","updated_at":"2025-07-07 09:11:59","bloqueado":"N\u00e3o","bloqueado_temporario":"N\u00e3o","data_bloqueio_temporario":null,"tentativas_login":0,"status":"Ativo","modificar_senha_proximo_logon":"N\u00e3o","dep_name":"Garantia da Qualidade","pos_name":"Analista"}
2025-07-07 16:33:10 - Redirecionando para dashboard
2025-07-07 13:33:15 - Início do método login
2025-07-07 13:33:15 - Após validação: []
2025-07-07 13:33:15 - Login: username=camila.lago id=7
2025-07-07 13:33:15 - Após autenticação: {"id":7,"name":"Camila Carvalho Lago","email":"camila.lago@tiaraju.com.br","username":"camila.lago","image":null,"password":"$2y$10$dZhiSrucBEDRQBm5hbFUZOJbVcU9Cv\/uWEl3S227al0kP1YvqRhMa","user_department_id":10,"user_position_id":2,"created_at":"2025-06-30 16:31:17","updated_at":"2025-07-07 09:11:59","bloqueado":"N\u00e3o","bloqueado_temporario":"N\u00e3o","data_bloqueio_temporario":null,"tentativas_login":0,"status":"Ativo","modificar_senha_proximo_logon":"N\u00e3o","dep_name":"Garantia da Qualidade","pos_name":"Analista"}
2025-07-07 13:33:15 - Redirecionando para dashboard
2025-07-07 13:49:44 - Início do método login
2025-07-07 13:49:44 - Após validação: []
2025-07-07 13:49:44 - Login: username=camila.lago id=7
2025-07-07 13:49:44 - Após autenticação: {"id":7,"name":"Camila Carvalho Lago","email":"camila.lago@tiaraju.com.br","username":"camila.lago","image":null,"password":"$2y$10$dZhiSrucBEDRQBm5hbFUZOJbVcU9Cv\/uWEl3S227al0kP1YvqRhMa","user_department_id":10,"user_position_id":2,"created_at":"2025-06-30 16:31:17","updated_at":"2025-07-07 09:11:59","bloqueado":"N\u00e3o","bloqueado_temporario":"N\u00e3o","data_bloqueio_temporario":null,"tentativas_login":0,"status":"Ativo","modificar_senha_proximo_logon":"N\u00e3o","dep_name":"Garantia da Qualidade","pos_name":"Analista"}
2025-07-07 13:49:44 - Redirecionando para dashboard
2025-07-07 14:57:20 - Início do método login
2025-07-07 14:57:20 - Após validação: []
2025-07-07 14:57:20 - Login: username=camila.lago id=7
2025-07-07 14:57:20 - Após autenticação: {"id":7,"name":"Camila Carvalho Lago","email":"camila.lago@tiaraju.com.br","username":"camila.lago","image":null,"password":"$2y$10$dZhiSrucBEDRQBm5hbFUZOJbVcU9Cv\/uWEl3S227al0kP1YvqRhMa","user_department_id":10,"user_position_id":2,"created_at":"2025-06-30 16:31:17","updated_at":"2025-07-07 09:11:59","bloqueado":"N\u00e3o","bloqueado_temporario":"N\u00e3o","data_bloqueio_temporario":null,"tentativas_login":0,"status":"Ativo","modificar_senha_proximo_logon":"N\u00e3o","dep_name":"Garantia da Qualidade","pos_name":"Analista"}
2025-07-07 14:57:20 - Redirecionando para dashboard
2025-07-07 15:16:10 - Início do método login
2025-07-07 15:16:10 - Após validação: []
2025-07-07 15:16:10 - Login: username=teste1 id=14
2025-07-07 15:16:10 - Após autenticação: {"id":14,"name":"teste1","email":"teste1@teste.com","username":"teste1","image":null,"password":"$2y$10$9khkTW4YALB5oMknlLPSj.9c4rgrs7glcAUB4mxKPOX3uDhGzIxfW","user_department_id":2,"user_position_id":2,"created_at":"2025-07-03 08:12:25","updated_at":"2025-07-07 11:01:40","bloqueado":"N\u00e3o","bloqueado_temporario":"Sim","data_bloqueio_temporario":null,"tentativas_login":0,"status":"Ativo","modificar_senha_proximo_logon":"N\u00e3o","dep_name":"Comercial","pos_name":"Analista"}
2025-07-07 15:16:10 - Redirecionando para dashboard
2025-07-07 15:16:44 - Início do método login
2025-07-07 15:16:44 - Após validação: []
2025-07-07 15:16:44 - Login: username=manager id=1
2025-07-07 15:16:44 - Após autenticação: {"id":1,"name":"Manager","email":"manager@tiaraju.com.br","username":"manager","image":null,"password":"$2y$10$1OTbxLoMuCRVazy5efQI6e4J5EOqaRvc5bEsOVNj5ah0XmIUg1gly","user_department_id":18,"user_position_id":9,"created_at":"2025-04-07 10:13:06","updated_at":"2025-07-03 09:42:13","bloqueado":"N\u00e3o","bloqueado_temporario":"N\u00e3o","data_bloqueio_temporario":null,"tentativas_login":0,"status":"Ativo","modificar_senha_proximo_logon":"N\u00e3o","dep_name":"Tecnologia da Informa\u00e7\u00e3o","pos_name":"Lider"}
2025-07-07 15:16:44 - Redirecionando para dashboard
2025-07-07 15:54:06 - Início do método login
2025-07-07 15:54:06 - Após validação: []
2025-07-07 15:54:06 - Login: username=teste1 id=14
2025-07-07 15:54:06 - Após autenticação: {"id":14,"name":"teste1","email":"teste1@teste.com","username":"teste1","image":null,"password":"$2y$10$9khkTW4YALB5oMknlLPSj.9c4rgrs7glcAUB4mxKPOX3uDhGzIxfW","user_department_id":2,"user_position_id":2,"created_at":"2025-07-03 08:12:25","updated_at":"2025-07-07 11:01:40","bloqueado":"N\u00e3o","bloqueado_temporario":"Sim","data_bloqueio_temporario":null,"tentativas_login":0,"status":"Ativo","modificar_senha_proximo_logon":"N\u00e3o","dep_name":"Comercial","pos_name":"Analista"}
2025-07-07 15:54:06 - Redirecionando para dashboard
2025-07-07 15:55:42 - Início do método login
2025-07-07 15:55:42 - Após validação: []
2025-07-07 15:55:42 - Login: username=teste1 id=14
2025-07-07 15:55:42 - Após autenticação: {"id":14,"name":"teste1","email":"teste1@teste.com","username":"teste1","image":null,"password":"$2y$10$9khkTW4YALB5oMknlLPSj.9c4rgrs7glcAUB4mxKPOX3uDhGzIxfW","user_department_id":2,"user_position_id":2,"created_at":"2025-07-03 08:12:25","updated_at":"2025-07-07 11:01:40","bloqueado":"N\u00e3o","bloqueado_temporario":"Sim","data_bloqueio_temporario":null,"tentativas_login":0,"status":"Ativo","modificar_senha_proximo_logon":"N\u00e3o","dep_name":"Comercial","pos_name":"Analista"}
2025-07-07 15:55:42 - Redirecionando para dashboard
2025-07-07 16:00:52 - Início do método login
2025-07-07 16:00:52 - Após validação: []
2025-07-07 16:00:52 - Login: username=camila.lago id=7
2025-07-07 16:00:52 - Após autenticação: {"id":7,"name":"Camila Carvalho Lago","email":"camila.lago@tiaraju.com.br","username":"camila.lago","image":null,"password":"$2y$10$dZhiSrucBEDRQBm5hbFUZOJbVcU9Cv\/uWEl3S227al0kP1YvqRhMa","user_department_id":10,"user_position_id":2,"created_at":"2025-06-30 16:31:17","updated_at":"2025-07-07 09:11:59","bloqueado":"N\u00e3o","bloqueado_temporario":"N\u00e3o","data_bloqueio_temporario":null,"tentativas_login":0,"status":"Ativo","modificar_senha_proximo_logon":"N\u00e3o","dep_name":"Garantia da Qualidade","pos_name":"Analista"}
2025-07-07 16:00:52 - Redirecionando para dashboard
2025-07-07 16:03:34 - Início do método login
2025-07-07 16:03:34 - Após validação: []
2025-07-07 16:03:34 - Login: username=teste1 id=14
2025-07-07 16:03:34 - Após autenticação: {"id":14,"name":"teste1","email":"teste1@teste.com","username":"teste1","image":null,"password":"$2y$10$9khkTW4YALB5oMknlLPSj.9c4rgrs7glcAUB4mxKPOX3uDhGzIxfW","user_department_id":2,"user_position_id":2,"created_at":"2025-07-03 08:12:25","updated_at":"2025-07-07 11:01:40","bloqueado":"N\u00e3o","bloqueado_temporario":"Sim","data_bloqueio_temporario":null,"tentativas_login":0,"status":"Ativo","modificar_senha_proximo_logon":"N\u00e3o","dep_name":"Comercial","pos_name":"Analista"}
2025-07-07 16:03:34 - Redirecionando para dashboard
2025-07-07 16:03:55 - Início do método login
2025-07-07 16:03:55 - Após validação: []
2025-07-07 16:03:55 - Login: username=camila.lago id=7
2025-07-07 16:03:55 - Após autenticação: {"id":7,"name":"Camila Carvalho Lago","email":"camila.lago@tiaraju.com.br","username":"camila.lago","image":null,"password":"$2y$10$dZhiSrucBEDRQBm5hbFUZOJbVcU9Cv\/uWEl3S227al0kP1YvqRhMa","user_department_id":10,"user_position_id":2,"created_at":"2025-06-30 16:31:17","updated_at":"2025-07-07 09:11:59","bloqueado":"N\u00e3o","bloqueado_temporario":"N\u00e3o","data_bloqueio_temporario":null,"tentativas_login":0,"status":"Ativo","modificar_senha_proximo_logon":"N\u00e3o","dep_name":"Garantia da Qualidade","pos_name":"Analista"}
2025-07-07 16:03:55 - Redirecionando para dashboard
2025-07-07 16:17:21 - Início do método login
2025-07-07 16:17:21 - Após validação: []
2025-07-07 16:17:21 - Login: username=camila.lago id=7
2025-07-07 16:17:21 - Após autenticação: {"id":7,"name":"Camila Carvalho Lago","email":"camila.lago@tiaraju.com.br","username":"camila.lago","image":null,"password":"$2y$10$dZhiSrucBEDRQBm5hbFUZOJbVcU9Cv\/uWEl3S227al0kP1YvqRhMa","user_department_id":10,"user_position_id":2,"created_at":"2025-06-30 16:31:17","updated_at":"2025-07-07 09:11:59","bloqueado":"N\u00e3o","bloqueado_temporario":"N\u00e3o","data_bloqueio_temporario":null,"tentativas_login":0,"status":"Ativo","modificar_senha_proximo_logon":"N\u00e3o","dep_name":"Garantia da Qualidade","pos_name":"Analista"}
2025-07-07 16:17:21 - Redirecionando para dashboard
2025-07-07 16:17:43 - Início do método login
2025-07-07 16:17:43 - Após validação: []
2025-07-07 16:17:43 - Login: username=camila.lago id=7
2025-07-07 16:17:43 - Após autenticação: {"id":7,"name":"Camila Carvalho Lago","email":"camila.lago@tiaraju.com.br","username":"camila.lago","image":null,"password":"$2y$10$dZhiSrucBEDRQBm5hbFUZOJbVcU9Cv\/uWEl3S227al0kP1YvqRhMa","user_department_id":10,"user_position_id":2,"created_at":"2025-06-30 16:31:17","updated_at":"2025-07-07 09:11:59","bloqueado":"N\u00e3o","bloqueado_temporario":"N\u00e3o","data_bloqueio_temporario":null,"tentativas_login":0,"status":"Ativo","modificar_senha_proximo_logon":"N\u00e3o","dep_name":"Garantia da Qualidade","pos_name":"Analista"}
2025-07-07 16:17:43 - Redirecionando para dashboard
2025-07-08 07:10:48 - Início do método login
2025-07-08 07:10:48 - Após validação: []
2025-07-08 07:10:49 - Login: username=manager id=1
2025-07-08 07:10:49 - Após autenticação: {"id":1,"name":"Manager","email":"manager@tiaraju.com.br","username":"manager","image":null,"password":"$2y$10$1OTbxLoMuCRVazy5efQI6e4J5EOqaRvc5bEsOVNj5ah0XmIUg1gly","user_department_id":18,"user_position_id":9,"created_at":"2025-04-07 10:13:06","updated_at":"2025-07-03 09:42:13","bloqueado":"N\u00e3o","bloqueado_temporario":"N\u00e3o","data_bloqueio_temporario":null,"tentativas_login":0,"status":"Ativo","modificar_senha_proximo_logon":"N\u00e3o","dep_name":"Tecnologia da Informa\u00e7\u00e3o","pos_name":"Lider"}
2025-07-08 07:10:49 - Redirecionando para dashboard
2025-07-08 07:22:44 - Início do método login
2025-07-08 07:22:44 - Após validação: []
2025-07-08 07:22:45 - Login: username=teste1 id=14
2025-07-08 07:22:45 - Após autenticação: {"id":14,"name":"teste1","email":"teste1@teste.com","username":"teste1","image":null,"password":"$2y$10$9khkTW4YALB5oMknlLPSj.9c4rgrs7glcAUB4mxKPOX3uDhGzIxfW","user_department_id":2,"user_position_id":2,"created_at":"2025-07-03 08:12:25","updated_at":"2025-07-07 11:01:40","bloqueado":"N\u00e3o","bloqueado_temporario":"Sim","data_bloqueio_temporario":null,"tentativas_login":0,"status":"Ativo","modificar_senha_proximo_logon":"N\u00e3o","dep_name":"Comercial","pos_name":"Analista"}
2025-07-08 07:22:45 - Redirecionando para dashboard
2025-07-08 07:46:54 - Início do método login
2025-07-08 07:46:54 - Após validação: []
2025-07-08 07:46:54 - Login: username=camila.lago id=7
2025-07-08 07:46:54 - Após autenticação: {"id":7,"name":"Camila Carvalho Lago","email":"camila.lago@tiaraju.com.br","username":"camila.lago","image":null,"password":"$2y$10$dZhiSrucBEDRQBm5hbFUZOJbVcU9Cv\/uWEl3S227al0kP1YvqRhMa","user_department_id":10,"user_position_id":2,"created_at":"2025-06-30 16:31:17","updated_at":"2025-07-07 09:11:59","bloqueado":"N\u00e3o","bloqueado_temporario":"N\u00e3o","data_bloqueio_temporario":null,"tentativas_login":0,"status":"Ativo","modificar_senha_proximo_logon":"N\u00e3o","dep_name":"Garantia da Qualidade","pos_name":"Analista"}
2025-07-08 07:46:54 - Redirecionando para dashboard
2025-07-08 08:25:21 - Início do método login
2025-07-08 08:25:21 - Após validação: []
2025-07-08 08:25:21 - Login: username=teste1 id=14
2025-07-08 08:25:21 - Após autenticação: {"id":14,"name":"teste1","email":"teste1@teste.com","username":"teste1","image":null,"password":"$2y$10$9khkTW4YALB5oMknlLPSj.9c4rgrs7glcAUB4mxKPOX3uDhGzIxfW","user_department_id":2,"user_position_id":2,"created_at":"2025-07-03 08:12:25","updated_at":"2025-07-07 11:01:40","bloqueado":"N\u00e3o","bloqueado_temporario":"Sim","data_bloqueio_temporario":null,"tentativas_login":0,"status":"Ativo","modificar_senha_proximo_logon":"N\u00e3o","dep_name":"Comercial","pos_name":"Analista"}
2025-07-08 08:25:21 - Redirecionando para dashboard
2025-07-08 08:27:19 - Início do método login
2025-07-08 08:27:19 - Após validação: []
2025-07-08 08:27:19 - Login: username=camila.lago id=7
2025-07-08 08:27:19 - Após autenticação: {"id":7,"name":"Camila Carvalho Lago","email":"camila.lago@tiaraju.com.br","username":"camila.lago","image":null,"password":"$2y$10$dZhiSrucBEDRQBm5hbFUZOJbVcU9Cv\/uWEl3S227al0kP1YvqRhMa","user_department_id":10,"user_position_id":2,"created_at":"2025-06-30 16:31:17","updated_at":"2025-07-07 09:11:59","bloqueado":"N\u00e3o","bloqueado_temporario":"N\u00e3o","data_bloqueio_temporario":null,"tentativas_login":0,"status":"Ativo","modificar_senha_proximo_logon":"N\u00e3o","dep_name":"Garantia da Qualidade","pos_name":"Analista"}
2025-07-08 08:27:19 - Redirecionando para dashboard
2025-07-08 08:50:24 - Início do método login
2025-07-08 08:50:24 - Após validação: []
2025-07-08 08:50:24 - Login: username=manager id=1
2025-07-08 08:50:24 - Após autenticação: {"id":1,"name":"Manager","email":"manager@tiaraju.com.br","username":"manager","image":null,"password":"$2y$10$1OTbxLoMuCRVazy5efQI6e4J5EOqaRvc5bEsOVNj5ah0XmIUg1gly","user_department_id":18,"user_position_id":9,"created_at":"2025-04-07 10:13:06","updated_at":"2025-07-03 09:42:13","bloqueado":"N\u00e3o","bloqueado_temporario":"N\u00e3o","data_bloqueio_temporario":null,"tentativas_login":0,"status":"Ativo","modificar_senha_proximo_logon":"N\u00e3o","dep_name":"Tecnologia da Informa\u00e7\u00e3o","pos_name":"Lider"}
2025-07-08 08:50:24 - Redirecionando para dashboard
2025-07-08 10:13:14 - Início do método login
2025-07-08 10:13:14 - Após validação: []
2025-07-08 10:13:14 - Login: username=camila.lago id=7
2025-07-08 10:13:14 - Após autenticação: {"id":7,"name":"Camila Carvalho Lago","email":"camila.lago@tiaraju.com.br","username":"camila.lago","image":null,"password":"$2y$10$dZhiSrucBEDRQBm5hbFUZOJbVcU9Cv\/uWEl3S227al0kP1YvqRhMa","user_department_id":10,"user_position_id":2,"created_at":"2025-06-30 16:31:17","updated_at":"2025-07-07 09:11:59","bloqueado":"N\u00e3o","bloqueado_temporario":"N\u00e3o","data_bloqueio_temporario":null,"tentativas_login":0,"status":"Ativo","modificar_senha_proximo_logon":"N\u00e3o","dep_name":"Garantia da Qualidade","pos_name":"Analista"}
2025-07-08 10:13:14 - Redirecionando para dashboard
2025-07-08 10:13:44 - Início do método login
2025-07-08 10:13:44 - Após validação: []
2025-07-08 10:13:44 - Login: username=manager id=1
2025-07-08 10:13:44 - Após autenticação: {"id":1,"name":"Manager","email":"manager@tiaraju.com.br","username":"manager","image":null,"password":"$2y$10$1OTbxLoMuCRVazy5efQI6e4J5EOqaRvc5bEsOVNj5ah0XmIUg1gly","user_department_id":18,"user_position_id":9,"created_at":"2025-04-07 10:13:06","updated_at":"2025-07-03 09:42:13","bloqueado":"N\u00e3o","bloqueado_temporario":"N\u00e3o","data_bloqueio_temporario":null,"tentativas_login":0,"status":"Ativo","modificar_senha_proximo_logon":"N\u00e3o","dep_name":"Tecnologia da Informa\u00e7\u00e3o","pos_name":"Lider"}
2025-07-08 10:13:44 - Redirecionando para dashboard
2025-07-08 10:15:05 - Início do método login
2025-07-08 10:15:05 - Após validação: []
2025-07-08 10:15:05 - Login: username=camila.lago id=7
2025-07-08 10:15:05 - Após autenticação: {"id":7,"name":"Camila Carvalho Lago","email":"camila.lago@tiaraju.com.br","username":"camila.lago","image":null,"password":"$2y$10$dZhiSrucBEDRQBm5hbFUZOJbVcU9Cv\/uWEl3S227al0kP1YvqRhMa","user_department_id":10,"user_position_id":2,"created_at":"2025-06-30 16:31:17","updated_at":"2025-07-07 09:11:59","bloqueado":"N\u00e3o","bloqueado_temporario":"N\u00e3o","data_bloqueio_temporario":null,"tentativas_login":0,"status":"Ativo","modificar_senha_proximo_logon":"N\u00e3o","dep_name":"Garantia da Qualidade","pos_name":"Analista"}
2025-07-08 10:15:05 - Redirecionando para dashboard
2025-07-08 11:12:57 - Início do método login
2025-07-08 11:12:57 - Após validação: []
2025-07-08 11:12:57 - Login: username=camila.lago id=7
2025-07-08 11:12:57 - Após autenticação: {"id":7,"name":"Camila Carvalho Lago","email":"camila.lago@tiaraju.com.br","username":"camila.lago","image":null,"password":"$2y$10$dZhiSrucBEDRQBm5hbFUZOJbVcU9Cv\/uWEl3S227al0kP1YvqRhMa","user_department_id":10,"user_position_id":2,"created_at":"2025-06-30 16:31:17","updated_at":"2025-07-07 09:11:59","bloqueado":"N\u00e3o","bloqueado_temporario":"N\u00e3o","data_bloqueio_temporario":null,"tentativas_login":0,"status":"Ativo","modificar_senha_proximo_logon":"N\u00e3o","dep_name":"Garantia da Qualidade","pos_name":"Analista"}
2025-07-08 11:12:57 - Redirecionando para dashboard
2025-07-08 13:19:37 - Início do método login
2025-07-08 13:19:37 - Após validação: []
2025-07-08 13:19:37 - Login: username=manager id=1
2025-07-08 13:19:37 - Após autenticação: {"id":1,"name":"Manager","email":"manager@tiaraju.com.br","username":"manager","image":null,"password":"$2y$10$1OTbxLoMuCRVazy5efQI6e4J5EOqaRvc5bEsOVNj5ah0XmIUg1gly","user_department_id":18,"user_position_id":9,"created_at":"2025-04-07 10:13:06","updated_at":"2025-07-03 09:42:13","bloqueado":"N\u00e3o","bloqueado_temporario":"N\u00e3o","data_bloqueio_temporario":null,"tentativas_login":0,"status":"Ativo","modificar_senha_proximo_logon":"N\u00e3o","dep_name":"Tecnologia da Informa\u00e7\u00e3o","pos_name":"Lider"}
2025-07-08 13:19:37 - Redirecionando para dashboard
2025-07-08 13:21:06 - Início do método login
2025-07-08 13:21:06 - Após validação: []
2025-07-08 13:21:06 - Login: username=manager id=1
2025-07-08 13:21:06 - Após autenticação: {"id":1,"name":"Manager","email":"manager@tiaraju.com.br","username":"manager","image":null,"password":"$2y$10$1OTbxLoMuCRVazy5efQI6e4J5EOqaRvc5bEsOVNj5ah0XmIUg1gly","user_department_id":18,"user_position_id":9,"created_at":"2025-04-07 10:13:06","updated_at":"2025-07-03 09:42:13","bloqueado":"N\u00e3o","bloqueado_temporario":"N\u00e3o","data_bloqueio_temporario":null,"tentativas_login":0,"status":"Ativo","modificar_senha_proximo_logon":"N\u00e3o","dep_name":"Tecnologia da Informa\u00e7\u00e3o","pos_name":"Lider"}
2025-07-08 13:21:06 - Redirecionando para dashboard
2025-07-08 14:08:58 - Início do método login
2025-07-08 14:08:58 - Após validação: []
2025-07-08 14:08:58 - Login: username=camila.lago id=7
2025-07-08 14:08:58 - Após autenticação: {"id":7,"name":"Camila Carvalho Lago","email":"camila.lago@tiaraju.com.br","username":"camila.lago","image":null,"password":"$2y$10$dZhiSrucBEDRQBm5hbFUZOJbVcU9Cv\/uWEl3S227al0kP1YvqRhMa","user_department_id":10,"user_position_id":2,"created_at":"2025-06-30 16:31:17","updated_at":"2025-07-07 09:11:59","bloqueado":"N\u00e3o","bloqueado_temporario":"N\u00e3o","data_bloqueio_temporario":null,"tentativas_login":0,"status":"Ativo","modificar_senha_proximo_logon":"N\u00e3o","dep_name":"Garantia da Qualidade","pos_name":"Analista"}
2025-07-08 14:08:58 - Redirecionando para dashboard
2025-07-08 14:34:56 - Início do método login
2025-07-08 14:34:56 - Após validação: []
2025-07-08 14:34:56 - Login: username=manager id=1
2025-07-08 14:34:56 - Após autenticação: {"id":1,"name":"Manager","email":"manager@tiaraju.com.br","username":"manager","image":null,"password":"$2y$10$1OTbxLoMuCRVazy5efQI6e4J5EOqaRvc5bEsOVNj5ah0XmIUg1gly","user_department_id":18,"user_position_id":9,"created_at":"2025-04-07 10:13:06","updated_at":"2025-07-03 09:42:13","bloqueado":"N\u00e3o","bloqueado_temporario":"N\u00e3o","data_bloqueio_temporario":null,"tentativas_login":0,"status":"Ativo","modificar_senha_proximo_logon":"N\u00e3o","dep_name":"Tecnologia da Informa\u00e7\u00e3o","pos_name":"Lider"}
2025-07-08 14:34:56 - Redirecionando para dashboard
2025-07-08 15:06:18 - Início do método login
2025-07-08 15:06:18 - Após validação: []
2025-07-08 15:06:18 - Login: username=camila.lago id=7
2025-07-08 15:06:18 - Após autenticação: {"id":7,"name":"Camila Carvalho Lago","email":"camila.lago@tiaraju.com.br","username":"camila.lago","image":null,"password":"$2y$10$dZhiSrucBEDRQBm5hbFUZOJbVcU9Cv\/uWEl3S227al0kP1YvqRhMa","user_department_id":10,"user_position_id":2,"created_at":"2025-06-30 16:31:17","updated_at":"2025-07-07 09:11:59","bloqueado":"N\u00e3o","bloqueado_temporario":"N\u00e3o","data_bloqueio_temporario":null,"tentativas_login":0,"status":"Ativo","modificar_senha_proximo_logon":"N\u00e3o","dep_name":"Garantia da Qualidade","pos_name":"Analista"}
2025-07-08 15:06:18 - Redirecionando para dashboard
2025-07-08 15:20:45 - Início do método login
2025-07-08 15:20:45 - Após validação: []
2025-07-08 15:20:46 - Login: username=manager id=1
2025-07-08 15:20:46 - Após autenticação: {"id":1,"name":"Manager","email":"manager@tiaraju.com.br","username":"manager","image":null,"password":"$2y$10$1OTbxLoMuCRVazy5efQI6e4J5EOqaRvc5bEsOVNj5ah0XmIUg1gly","user_department_id":18,"user_position_id":9,"created_at":"2025-04-07 10:13:06","updated_at":"2025-07-03 09:42:13","bloqueado":"N\u00e3o","bloqueado_temporario":"N\u00e3o","data_bloqueio_temporario":null,"tentativas_login":0,"status":"Ativo","modificar_senha_proximo_logon":"N\u00e3o","dep_name":"Tecnologia da Informa\u00e7\u00e3o","pos_name":"Lider"}
2025-07-08 15:20:46 - Redirecionando para dashboard
2025-07-08 16:12:22 - Início do método login
2025-07-08 16:12:22 - Após validação: []
2025-07-08 16:12:23 - Login: username=manager id=1
2025-07-08 16:12:23 - Após autenticação: {"id":1,"name":"Manager","email":"manager@tiaraju.com.br","username":"manager","image":null,"password":"$2y$10$1OTbxLoMuCRVazy5efQI6e4J5EOqaRvc5bEsOVNj5ah0XmIUg1gly","user_department_id":18,"user_position_id":9,"created_at":"2025-04-07 10:13:06","updated_at":"2025-07-03 09:42:13","bloqueado":"N\u00e3o","bloqueado_temporario":"N\u00e3o","data_bloqueio_temporario":null,"tentativas_login":0,"status":"Ativo","modificar_senha_proximo_logon":"N\u00e3o","dep_name":"Tecnologia da Informa\u00e7\u00e3o","pos_name":"Lider"}
2025-07-08 16:12:23 - Redirecionando para dashboard
2025-07-09 07:15:06 - Início do método login
2025-07-09 07:15:07 - Após validação: []
2025-07-09 07:15:07 - Login: username=manager id=1
2025-07-09 07:15:07 - Após autenticação: {"id":1,"name":"Manager","email":"manager@tiaraju.com.br","username":"manager","image":null,"password":"$2y$10$1OTbxLoMuCRVazy5efQI6e4J5EOqaRvc5bEsOVNj5ah0XmIUg1gly","user_department_id":18,"user_position_id":9,"created_at":"2025-04-07 10:13:06","updated_at":"2025-07-03 09:42:13","bloqueado":"N\u00e3o","bloqueado_temporario":"N\u00e3o","data_bloqueio_temporario":null,"tentativas_login":0,"status":"Ativo","modificar_senha_proximo_logon":"N\u00e3o","dep_name":"Tecnologia da Informa\u00e7\u00e3o","pos_name":"Lider"}
2025-07-09 07:15:07 - Redirecionando para dashboard
2025-07-09 08:31:40 - Início do método login
2025-07-09 08:31:40 - Após validação: []
2025-07-09 08:31:40 - Login: username=manager id=1
2025-07-09 08:31:40 - Após autenticação: {"id":1,"name":"Manager","email":"manager@tiaraju.com.br","username":"manager","image":null,"password":"$2y$10$1OTbxLoMuCRVazy5efQI6e4J5EOqaRvc5bEsOVNj5ah0XmIUg1gly","user_department_id":18,"user_position_id":9,"created_at":"2025-04-07 10:13:06","updated_at":"2025-07-03 09:42:13","bloqueado":"N\u00e3o","bloqueado_temporario":"N\u00e3o","data_bloqueio_temporario":null,"tentativas_login":0,"status":"Ativo","modificar_senha_proximo_logon":"N\u00e3o","dep_name":"Tecnologia da Informa\u00e7\u00e3o","pos_name":"Lider"}
2025-07-09 08:31:40 - Redirecionando para dashboard
2025-07-09 09:37:53 - Início do método login
2025-07-09 09:37:53 - Após validação: []
2025-07-09 09:37:53 - Login: username=camila.lago id=7
2025-07-09 09:37:53 - Após autenticação: {"id":7,"name":"Camila Carvalho Lago","email":"camila.lago@tiaraju.com.br","username":"camila.lago","image":null,"password":"$2y$10$dZhiSrucBEDRQBm5hbFUZOJbVcU9Cv\/uWEl3S227al0kP1YvqRhMa","user_department_id":10,"user_position_id":2,"created_at":"2025-06-30 16:31:17","updated_at":"2025-07-07 09:11:59","bloqueado":"N\u00e3o","bloqueado_temporario":"N\u00e3o","data_bloqueio_temporario":null,"tentativas_login":0,"status":"Ativo","modificar_senha_proximo_logon":"N\u00e3o","dep_name":"Garantia da Qualidade","pos_name":"Analista"}
2025-07-09 09:37:53 - Redirecionando para dashboard
2025-07-09 13:46:36 - Início do método login
2025-07-09 13:46:36 - Após validação: []
2025-07-09 13:46:36 - Login: username=camila.lago id=7
2025-07-09 13:46:36 - Após autenticação: {"id":7,"name":"Camila Carvalho Lago","email":"camila.lago@tiaraju.com.br","username":"camila.lago","image":null,"password":"$2y$10$dZhiSrucBEDRQBm5hbFUZOJbVcU9Cv\/uWEl3S227al0kP1YvqRhMa","user_department_id":10,"user_position_id":2,"created_at":"2025-06-30 16:31:17","updated_at":"2025-07-07 09:11:59","bloqueado":"N\u00e3o","bloqueado_temporario":"N\u00e3o","data_bloqueio_temporario":null,"tentativas_login":0,"status":"Ativo","modificar_senha_proximo_logon":"N\u00e3o","dep_name":"Garantia da Qualidade","pos_name":"Analista"}
2025-07-09 13:46:36 - Redirecionando para dashboard
2025-07-09 13:58:05 - Início do método login
2025-07-09 13:58:05 - Após validação: []
2025-07-09 13:58:06 - Após autenticação: false
2025-07-09 13:58:06 - Falha no login
2025-07-09 13:58:10 - Início do método login
2025-07-09 13:58:10 - Após validação: []
2025-07-09 13:58:10 - Login: username=manager id=1
2025-07-09 13:58:10 - Após autenticação: {"id":1,"name":"Manager","email":"manager@tiaraju.com.br","username":"manager","image":null,"password":"$2y$10$1OTbxLoMuCRVazy5efQI6e4J5EOqaRvc5bEsOVNj5ah0XmIUg1gly","user_department_id":18,"user_position_id":9,"created_at":"2025-04-07 10:13:06","updated_at":"2025-07-03 09:42:13","bloqueado":"N\u00e3o","bloqueado_temporario":"N\u00e3o","data_bloqueio_temporario":null,"tentativas_login":1,"status":"Ativo","modificar_senha_proximo_logon":"N\u00e3o","dep_name":"Tecnologia da Informa\u00e7\u00e3o","pos_name":"Lider"}
2025-07-09 13:58:10 - Redirecionando para dashboard
2025-07-09 14:35:22 - Início do método login
2025-07-09 14:35:22 - Após validação: []
2025-07-09 14:35:22 - Login: username=manager id=1
2025-07-09 14:35:22 - Após autenticação: {"id":1,"name":"Manager","email":"manager@tiaraju.com.br","username":"manager","image":null,"password":"$2y$10$1OTbxLoMuCRVazy5efQI6e4J5EOqaRvc5bEsOVNj5ah0XmIUg1gly","user_department_id":18,"user_position_id":9,"created_at":"2025-04-07 10:13:06","updated_at":"2025-07-03 09:42:13","bloqueado":"N\u00e3o","bloqueado_temporario":"N\u00e3o","data_bloqueio_temporario":null,"tentativas_login":0,"status":"Ativo","modificar_senha_proximo_logon":"N\u00e3o","dep_name":"Tecnologia da Informa\u00e7\u00e3o","pos_name":"Lider"}
2025-07-09 14:35:22 - Redirecionando para dashboard
2025-07-09 14:48:20 - Início do método login
2025-07-09 14:48:20 - Após validação: []
2025-07-09 14:48:20 - Login: username=teste1 id=14
2025-07-09 14:48:20 - Após autenticação: {"id":14,"name":"teste1","email":"teste1@teste.com","username":"teste1","image":null,"password":"$2y$10$9khkTW4YALB5oMknlLPSj.9c4rgrs7glcAUB4mxKPOX3uDhGzIxfW","user_department_id":2,"user_position_id":2,"created_at":"2025-07-03 08:12:25","updated_at":"2025-07-07 11:01:40","bloqueado":"N\u00e3o","bloqueado_temporario":"Sim","data_bloqueio_temporario":null,"tentativas_login":0,"status":"Ativo","modificar_senha_proximo_logon":"N\u00e3o","dep_name":"Comercial","pos_name":"Analista"}
2025-07-09 14:48:20 - Redirecionando para dashboard
2025-07-09 15:46:08 - Início do método login
2025-07-09 15:46:09 - Após validação: []
2025-07-09 15:46:09 - Login: username=camila.lago id=7
2025-07-09 15:46:09 - Após autenticação: {"id":7,"name":"Camila Carvalho Lago","email":"camila.lago@tiaraju.com.br","username":"camila.lago","image":null,"password":"$2y$10$dZhiSrucBEDRQBm5hbFUZOJbVcU9Cv\/uWEl3S227al0kP1YvqRhMa","user_department_id":10,"user_position_id":2,"created_at":"2025-06-30 16:31:17","updated_at":"2025-07-07 09:11:59","bloqueado":"N\u00e3o","bloqueado_temporario":"N\u00e3o","data_bloqueio_temporario":null,"tentativas_login":0,"status":"Ativo","modificar_senha_proximo_logon":"N\u00e3o","dep_name":"Garantia da Qualidade","pos_name":"Analista"}
2025-07-09 15:46:09 - Redirecionando para dashboard
2025-07-09 15:50:09 - Início do método login
2025-07-09 15:50:09 - Após validação: []
2025-07-09 15:50:09 - Login: username=manager id=1
2025-07-09 15:50:09 - Após autenticação: {"id":1,"name":"Manager","email":"manager@tiaraju.com.br","username":"manager","image":null,"password":"$2y$10$1OTbxLoMuCRVazy5efQI6e4J5EOqaRvc5bEsOVNj5ah0XmIUg1gly","user_department_id":18,"user_position_id":9,"created_at":"2025-04-07 10:13:06","updated_at":"2025-07-03 09:42:13","bloqueado":"N\u00e3o","bloqueado_temporario":"N\u00e3o","data_bloqueio_temporario":null,"tentativas_login":0,"status":"Ativo","modificar_senha_proximo_logon":"N\u00e3o","dep_name":"Tecnologia da Informa\u00e7\u00e3o","pos_name":"Lider"}
2025-07-09 15:50:09 - Redirecionando para dashboard
2025-07-09 16:55:01 - Início do método login
2025-07-09 16:55:01 - Após validação: []
2025-07-09 16:55:01 - Login: username=camila.lago id=7
2025-07-09 16:55:01 - Após autenticação: {"id":7,"name":"Camila Carvalho Lago","email":"camila.lago@tiaraju.com.br","username":"camila.lago","image":null,"password":"$2y$10$dZhiSrucBEDRQBm5hbFUZOJbVcU9Cv\/uWEl3S227al0kP1YvqRhMa","user_department_id":10,"user_position_id":2,"created_at":"2025-06-30 16:31:17","updated_at":"2025-07-07 09:11:59","bloqueado":"N\u00e3o","bloqueado_temporario":"N\u00e3o","data_bloqueio_temporario":null,"tentativas_login":0,"status":"Ativo","modificar_senha_proximo_logon":"N\u00e3o","dep_name":"Garantia da Qualidade","pos_name":"Analista"}
2025-07-09 16:55:01 - Redirecionando para dashboard
