2025-07-11 16:26:26 - [login] INICIO - session_id: jjb142bjdbkvqkcbqakvjmlouk - {"user_id":1,"user_name":"Manager","user_email":"manager@tiaraju.com.br","user_username":"manager","user_image":null,"user_department":"Tecnologia da Informa\u00e7\u00e3o","user_position":"Lider","session_id":"jjb142bjdbkvqkcbqakvjmlouk","csrf_tokens":{"form_delete_page":"0e54f5771dd09e5d9a1140cf3d42603c0c194c17093389999a4b44ea653ca307"}}
2025-07-11 16:26:27 - [login] SALVOU SESSION NO BANCO: l1qokfv88jqsjcr51nknkhg3qt - $_SESSION: {"user_id":1,"user_name":"Manager","user_email":"manager@tiaraju.com.br","user_username":"manager","user_image":null,"user_department":"Tecnologia da Informa\u00e7\u00e3o","user_position":"Lider","session_id":"l1qokfv88jqsjcr51nknkhg3qt"}
2025-07-11 16:31:10 - [login] INICIO - session_id: l1qokfv88jqsjcr51nknkhg3qt - {"user_id":1,"user_name":"Manager","user_email":"manager@tiaraju.com.br","user_username":"manager","user_image":null,"user_department":"Tecnologia da Informa\u00e7\u00e3o","user_position":"Lider","session_id":"l1qokfv88jqsjcr51nknkhg3qt","csrf_tokens":{"form_delete_page":"fd532c206c7e1fcb5b80e651760cade39c100e089c923bd77fb34630321e48f4"}}
2025-07-11 16:31:10 - [login] SALVOU SESSION NO BANCO: qfli7ngct6543tutijff9ihsc6 - $_SESSION: {"user_id":1,"user_name":"Manager","user_email":"manager@tiaraju.com.br","user_username":"manager","user_image":null,"user_department":"Tecnologia da Informa\u00e7\u00e3o","user_position":"Lider","session_id":"qfli7ngct6543tutijff9ihsc6"}
2025-07-11 16:33:02 - [login] INICIO - session_id: qfli7ngct6543tutijff9ihsc6 - {"user_id":1,"user_name":"Manager","user_email":"manager@tiaraju.com.br","user_username":"manager","user_image":null,"user_department":"Tecnologia da Informa\u00e7\u00e3o","user_position":"Lider","session_id":"qfli7ngct6543tutijff9ihsc6","csrf_tokens":{"form_delete_page":"4966c2eed96372c0316a16f320565efd289034adc3afe49f719f3fe465140ea8"}}
2025-07-11 16:33:02 - [login] SALVOU SESSION NO BANCO: 503osbuvu6eioo26lfi51iln4c - $_SESSION: {"user_id":1,"user_name":"Manager","user_email":"manager@tiaraju.com.br","user_username":"manager","user_image":null,"user_department":"Tecnologia da Informa\u00e7\u00e3o","user_position":"Lider","session_id":"503osbuvu6eioo26lfi51iln4c"}
2025-07-11 16:39:04 - [login] INICIO - session_id: 503osbuvu6eioo26lfi51iln4c - {"user_id":1,"user_name":"Manager","user_email":"manager@tiaraju.com.br","user_username":"manager","user_image":null,"user_department":"Tecnologia da Informa\u00e7\u00e3o","user_position":"Lider","session_id":"503osbuvu6eioo26lfi51iln4c","csrf_tokens":{"form_delete_page":"6e9ab570f5b3f6f3f538ebc9f88fd9e9ea01986fcdfcfe2deb65c035b468f339"}}
2025-07-11 16:39:04 - [login] SALVOU SESSION NO BANCO: 3i5aud2eaoqul7q33087su1hpu - $_SESSION: {"user_id":1,"user_name":"Manager","user_email":"manager@tiaraju.com.br","user_username":"manager","user_image":null,"user_department":"Tecnologia da Informa\u00e7\u00e3o","user_position":"Lider","session_id":"3i5aud2eaoqul7q33087su1hpu"}
2025-07-11 16:42:21 - [login] INICIO - session_id: 3i5aud2eaoqul7q33087su1hpu - {"user_id":1,"user_name":"Manager","user_email":"manager@tiaraju.com.br","user_username":"manager","user_image":null,"user_department":"Tecnologia da Informa\u00e7\u00e3o","user_position":"Lider","session_id":"3i5aud2eaoqul7q33087su1hpu","csrf_tokens":{"form_delete_page":"96882e6bcc616b82531d864299a367129765bd1e5072e69571f8d4bbc0f9b864"}}
2025-07-11 16:42:21 - [login] SALVOU SESSION NO BANCO: 1loo63qrjibcucibtoe8r80mj2 - $_SESSION: {"user_id":1,"user_name":"Manager","user_email":"manager@tiaraju.com.br","user_username":"manager","user_image":null,"user_department":"Tecnologia da Informa\u00e7\u00e3o","user_position":"Lider","session_id":"1loo63qrjibcucibtoe8r80mj2"}
2025-07-11 16:43:52 - [login] INICIO - session_id: 1loo63qrjibcucibtoe8r80mj2 - {"user_id":1,"user_name":"Manager","user_email":"manager@tiaraju.com.br","user_username":"manager","user_image":null,"user_department":"Tecnologia da Informa\u00e7\u00e3o","user_position":"Lider","session_id":"1loo63qrjibcucibtoe8r80mj2","csrf_tokens":{"form_delete_page":"c89d3b09f632bb98b813198b9fd4d8d21672eeb6bbe6645dfb64e9d649fef352"}}
2025-07-11 16:43:53 - [login] SALVOU SESSION NO BANCO: oe3ta55qhd0vr10b7k84gqcnr2 - $_SESSION: {"user_id":1,"user_name":"Manager","user_email":"manager@tiaraju.com.br","user_username":"manager","user_image":null,"user_department":"Tecnologia da Informa\u00e7\u00e3o","user_position":"Lider","session_id":"oe3ta55qhd0vr10b7k84gqcnr2"}
2025-07-11 16:44:48 - [login] INICIO - session_id: oe3ta55qhd0vr10b7k84gqcnr2 - {"user_id":1,"user_name":"Manager","user_email":"manager@tiaraju.com.br","user_username":"manager","user_image":null,"user_department":"Tecnologia da Informa\u00e7\u00e3o","user_position":"Lider","session_id":"oe3ta55qhd0vr10b7k84gqcnr2","csrf_tokens":{"form_delete_page":"150fd94a4e8ba39d9feb98936cf44f82d8f4c7d08965f9fd2b29cf3fa3906d98"}}
2025-07-11 16:44:48 - [login] SALVOU SESSION NO BANCO: ddtgasorqmegvhgng32pclnboe - $_SESSION: {"user_id":1,"user_name":"Manager","user_email":"manager@tiaraju.com.br","user_username":"manager","user_image":null,"user_department":"Tecnologia da Informa\u00e7\u00e3o","user_position":"Lider","session_id":"ddtgasorqmegvhgng32pclnboe"}
2025-07-11 16:49:09 - [login] INICIO - session_id: ddtgasorqmegvhgng32pclnboe - {"user_id":1,"user_name":"Manager","user_email":"manager@tiaraju.com.br","user_username":"manager","user_image":null,"user_department":"Tecnologia da Informa\u00e7\u00e3o","user_position":"Lider","session_id":"ddtgasorqmegvhgng32pclnboe","csrf_tokens":{"form_delete_page":"7041f97be7809ade7fd8d72906a93d12ce3fd2a8827dea52b33b18c4a6c18302"}}
2025-07-11 16:49:10 - [login] SALVOU SESSION NO BANCO: 6oodq0dfkdk60jfn4smhav66km - $_SESSION: {"user_id":1,"user_name":"Manager","user_email":"manager@tiaraju.com.br","user_username":"manager","user_image":null,"user_department":"Tecnologia da Informa\u00e7\u00e3o","user_position":"Lider","session_id":"6oodq0dfkdk60jfn4smhav66km"}
2025-07-11 16:51:51 - [login] INICIO - session_id: 6oodq0dfkdk60jfn4smhav66km - {"user_id":1,"user_name":"Manager","user_email":"manager@tiaraju.com.br","user_username":"manager","user_image":null,"user_department":"Tecnologia da Informa\u00e7\u00e3o","user_position":"Lider","session_id":"6oodq0dfkdk60jfn4smhav66km","csrf_tokens":{"form_delete_page":"ec3fdbdf03dc025fffdf8e413879c3f4f419fb73531e963eb06e0cec8e4f8c14"}}
2025-07-11 16:51:52 - [login] SALVOU SESSION NO BANCO: jbhr68aega7sts9nub2vccrvrb - $_SESSION: {"user_id":1,"user_name":"Manager","user_email":"manager@tiaraju.com.br","user_username":"manager","user_image":null,"user_department":"Tecnologia da Informa\u00e7\u00e3o","user_position":"Lider","session_id":"jbhr68aega7sts9nub2vccrvrb"}
2025-07-14 07:30:59 - [login] INICIO - session_id: 8a6r1m5ip3m5hui6vvebjr41es - {"csrf_tokens":[]}
2025-07-14 07:30:59 - [login] SALVOU SESSION NO BANCO: o6qgujkc5j9kod769vq0a5hanc - $_SESSION: {"user_id":1,"user_name":"Manager","user_email":"manager@tiaraju.com.br","user_username":"manager","user_image":null,"user_department":"Tecnologia da Informa\u00e7\u00e3o","user_position":"Lider","session_id":"o6qgujkc5j9kod769vq0a5hanc"}
2025-07-18 08:27:37 - [login] INICIO - session_id: p5d9pl4br1q91sjui5efmi10gp - {"csrf_tokens":[]}
2025-07-18 08:27:38 - [login] SALVOU SESSION NO BANCO: btm8041ujj28hsjtckdpfo1afr - $_SESSION: {"user_id":1,"user_name":"Manager","user_email":"manager@tiaraju.com.br","user_username":"manager","user_image":null,"user_department":"Tecnologia da Informa\u00e7\u00e3o","user_position":"Lider","session_id":"btm8041ujj28hsjtckdpfo1afr"}
2025-07-21 10:10:18 - [login] INICIO - session_id: mdmcpn5vfvpsqkr87435hiql6s - {"csrf_tokens":[]}
2025-07-21 10:10:19 - [login] SALVOU SESSION NO BANCO: 6nv2prs5rps7tu8ovumsa39jla - $_SESSION: {"user_id":1,"user_name":"Manager","user_email":"manager@tiaraju.com.br","user_username":"manager","user_image":null,"user_department":"Tecnologia da Informa\u00e7\u00e3o","user_position":"Lider","session_id":"6nv2prs5rps7tu8ovumsa39jla"}
2025-07-21 10:43:27 - [login] INICIO - session_id: phe7tituq7kloh574ln2ih5h3a - {"csrf_tokens":[]}
2025-07-21 10:43:27 - [login] SALVOU SESSION NO BANCO: sb4luvld04216bcrie0au9d3h2 - $_SESSION: {"user_id":7,"user_name":"Camila Carvalho Lago","user_email":"camila.lago@tiaraju.com.br","user_username":"camila.lago","user_image":null,"user_department":"Garantia da Qualidade","user_position":"Analista","session_id":"sb4luvld04216bcrie0au9d3h2"}
2025-07-21 11:41:41 - [login] INICIO - session_id: vq89cc2gpbq8d9km3km5v9a2pp - {"csrf_tokens":[]}
2025-07-21 11:41:41 - [login] SALVOU SESSION NO BANCO: kedrilhlabnc956g7o9idq78uu - $_SESSION: {"user_id":1,"user_name":"Manager","user_email":"manager@tiaraju.com.br","user_username":"manager","user_image":null,"user_department":"Tecnologia da Informa\u00e7\u00e3o","user_position":"Lider","session_id":"kedrilhlabnc956g7o9idq78uu"}
2025-07-21 14:06:18 - [login] INICIO - session_id: bnc4rmjuivhuo8m3f391dbvqed - {"csrf_tokens":[]}
2025-07-21 14:06:18 - [login] SALVOU SESSION NO BANCO: rsro0tnhk9u5n2fid8p081g3cp - $_SESSION: {"user_id":7,"user_name":"Camila Carvalho Lago","user_email":"camila.lago@tiaraju.com.br","user_username":"camila.lago","user_image":null,"user_department":"Garantia da Qualidade","user_position":"Analista","session_id":"rsro0tnhk9u5n2fid8p081g3cp"}
2025-07-21 14:48:52 - [login] INICIO - session_id: 4qvh7dnc1qps6raqk86imkjibn - {"csrf_tokens":[]}
2025-07-21 14:48:53 - [login] SALVOU SESSION NO BANCO: omeiai8v6hogdj1ofbhd3qai25 - $_SESSION: {"user_id":1,"user_name":"Manager","user_email":"manager@tiaraju.com.br","user_username":"manager","user_image":null,"user_department":"Tecnologia da Informa\u00e7\u00e3o","user_position":"Lider","session_id":"omeiai8v6hogdj1ofbhd3qai25"}
2025-07-21 17:04:33 - [login] INICIO - session_id: lluvam491lpi2nqv31sbio41e4 - {"csrf_tokens":[]}
2025-07-21 17:04:34 - [login] SALVOU SESSION NO BANCO: 9i3q3r2d9s0a7rdlhbj9v8lf2k - $_SESSION: {"user_id":1,"user_name":"Manager","user_email":"manager@tiaraju.com.br","user_username":"manager","user_image":null,"user_department":"Tecnologia da Informa\u00e7\u00e3o","user_position":"Lider","session_id":"9i3q3r2d9s0a7rdlhbj9v8lf2k"}
2025-07-21 17:21:31 - [login] INICIO - session_id: inhgqqu92mt1rk5m687qeroqp3 - {"csrf_tokens":[]}
2025-07-21 17:21:55 - [login] INICIO - session_id: 4r5pkd90f703nrc272u7nj4ga1 - {"csrf_tokens":[]}
2025-07-21 17:22:51 - [login] INICIO - session_id: obgvu267blat12s8aqa674oera - {"csrf_tokens":[]}
2025-07-21 17:22:51 - [login] SALVOU SESSION NO BANCO: t87e3p6cvo832phjdom3sr5vq0 - $_SESSION: {"user_id":2,"user_name":"Rafael Mendes de Oliveira","user_email":"rafael.oliveira@tiaraju.com.br","user_username":"rafael.oliveira","user_image":null,"user_department":"Tecnologia da Informa\u00e7\u00e3o","user_position":"Administrador","session_id":"t87e3p6cvo832phjdom3sr5vq0"}
2025-07-22 07:41:55 - [login] INICIO - session_id: p2msfnk978gjqi02c710l07861 - {"csrf_tokens":[]}
2025-07-22 07:41:56 - [login] SALVOU SESSION NO BANCO: 1sa1iv3hp470a2rkjmrd7v0pir - $_SESSION: {"user_id":1,"user_name":"Manager","user_email":"manager@tiaraju.com.br","user_username":"manager","user_image":null,"user_department":"Tecnologia da Informa\u00e7\u00e3o","user_position":"Lider","session_id":"1sa1iv3hp470a2rkjmrd7v0pir"}
2025-07-22 07:44:27 - [login] INICIO - session_id: rdskba0v70kebq16kr9qq2nq3k - {"csrf_tokens":[]}
2025-07-22 07:44:27 - [login] SALVOU SESSION NO BANCO: jlhbnb6nq7gqtfglgjhdl3fr7j - $_SESSION: {"user_id":2,"user_name":"Rafael Mendes de Oliveira","user_email":"rafael.oliveira@tiaraju.com.br","user_username":"rafael.oliveira","user_image":null,"user_department":"Tecnologia da Informa\u00e7\u00e3o","user_position":"Administrador","session_id":"jlhbnb6nq7gqtfglgjhdl3fr7j"}
2025-07-22 07:44:58 - [login] INICIO - session_id: jlhbnb6nq7gqtfglgjhdl3fr7j - {"user_id":2,"user_name":"Rafael Mendes de Oliveira","user_email":"rafael.oliveira@tiaraju.com.br","user_username":"rafael.oliveira","user_image":null,"user_department":"Tecnologia da Informa\u00e7\u00e3o","user_position":"Administrador","session_id":"jlhbnb6nq7gqtfglgjhdl3fr7j","csrf_tokens":[]}
2025-07-22 07:44:58 - [login] SALVOU SESSION NO BANCO: ckmibmettj30agnd6g3e8st61g - $_SESSION: {"user_id":2,"user_name":"Rafael Mendes de Oliveira","user_email":"rafael.oliveira@tiaraju.com.br","user_username":"rafael.oliveira","user_image":null,"user_department":"Tecnologia da Informa\u00e7\u00e3o","user_position":"Administrador","session_id":"ckmibmettj30agnd6g3e8st61g"}
2025-07-22 07:45:36 - [login] INICIO - session_id: ckmibmettj30agnd6g3e8st61g - {"user_id":2,"user_name":"Rafael Mendes de Oliveira","user_email":"rafael.oliveira@tiaraju.com.br","user_username":"rafael.oliveira","user_image":null,"user_department":"Tecnologia da Informa\u00e7\u00e3o","user_position":"Administrador","session_id":"ckmibmettj30agnd6g3e8st61g","csrf_tokens":[]}
2025-07-22 07:45:36 - [login] SALVOU SESSION NO BANCO: n73pqpq2urlvo97hb9m5gb1i7e - $_SESSION: {"user_id":2,"user_name":"Rafael Mendes de Oliveira","user_email":"rafael.oliveira@tiaraju.com.br","user_username":"rafael.oliveira","user_image":null,"user_department":"Tecnologia da Informa\u00e7\u00e3o","user_position":"Administrador","session_id":"n73pqpq2urlvo97hb9m5gb1i7e"}
2025-07-22 07:48:33 - [login] INICIO - session_id: 8mtvsehnrlnl9h1t50nvb7q6tg - {"csrf_tokens":[]}
2025-07-22 07:48:34 - [login] SALVOU SESSION NO BANCO: roebtmneejitnv1uec6t1mea92 - $_SESSION: {"user_id":1,"user_name":"Manager","user_email":"manager@tiaraju.com.br","user_username":"manager","user_image":null,"user_department":"Tecnologia da Informa\u00e7\u00e3o","user_position":"Lider","session_id":"roebtmneejitnv1uec6t1mea92"}
2025-07-22 07:57:37 - [login] INICIO - session_id: roebtmneejitnv1uec6t1mea92 - {"user_id":1,"user_name":"Manager","user_email":"manager@tiaraju.com.br","user_username":"manager","user_image":null,"user_department":"Tecnologia da Informa\u00e7\u00e3o","user_position":"Lider","session_id":"roebtmneejitnv1uec6t1mea92","csrf_tokens":[]}
2025-07-22 07:57:46 - [login] INICIO - session_id: qqlhp5h71upbj4j0gd4jbt0pof - {"csrf_tokens":[]}
2025-07-22 07:57:47 - [login] SALVOU SESSION NO BANCO: hjqr85dldormsomk4f23751icg - $_SESSION: {"user_id":1,"user_name":"Manager","user_email":"manager@tiaraju.com.br","user_username":"manager","user_image":null,"user_department":"Tecnologia da Informa\u00e7\u00e3o","user_position":"Lider","session_id":"hjqr85dldormsomk4f23751icg"}
2025-07-22 07:58:30 - [login] INICIO - session_id: hjqr85dldormsomk4f23751icg - {"user_id":1,"user_name":"Manager","user_email":"manager@tiaraju.com.br","user_username":"manager","user_image":null,"user_department":"Tecnologia da Informa\u00e7\u00e3o","user_position":"Lider","session_id":"hjqr85dldormsomk4f23751icg","csrf_tokens":[]}
2025-07-22 07:58:30 - [login] SALVOU SESSION NO BANCO: sueamn8d1u4catj8carlmqat1f - $_SESSION: {"user_id":1,"user_name":"Manager","user_email":"manager@tiaraju.com.br","user_username":"manager","user_image":null,"user_department":"Tecnologia da Informa\u00e7\u00e3o","user_position":"Lider","session_id":"sueamn8d1u4catj8carlmqat1f"}
2025-07-22 08:01:03 - [login] INICIO - session_id: 3euisltnm0drujibv8tq7firun - {"csrf_tokens":[]}
2025-07-22 08:01:03 - [login] SALVOU SESSION NO BANCO: 1ju6ldkrvend9n663pp9mo84ng - $_SESSION: {"user_id":1,"user_name":"Manager","user_email":"manager@tiaraju.com.br","user_username":"manager","user_image":null,"user_department":"Tecnologia da Informa\u00e7\u00e3o","user_position":"Lider","session_id":"1ju6ldkrvend9n663pp9mo84ng"}
2025-07-22 08:01:41 - [login] INICIO - session_id: aioipkgmm2ij0m8li8rtrpcfl1 - {"csrf_tokens":[]}
2025-07-22 08:01:41 - [login] SALVOU SESSION NO BANCO: tklpnddtkri1a6dpb9picum820 - $_SESSION: {"user_id":1,"user_name":"Manager","user_email":"manager@tiaraju.com.br","user_username":"manager","user_image":null,"user_department":"Tecnologia da Informa\u00e7\u00e3o","user_position":"Lider","session_id":"tklpnddtkri1a6dpb9picum820"}
2025-07-22 08:12:50 - [login] INICIO - session_id: st7llv51kiog9udq95puvqj8av - {"csrf_tokens":[]}
2025-07-22 08:12:50 - [login] SALVOU SESSION NO BANCO: 2hd3g6fet7451ql8hktk3rs7ol - $_SESSION: {"user_id":1,"user_name":"Manager","user_email":"manager@tiaraju.com.br","user_username":"manager","user_image":null,"user_department":"Tecnologia da Informa\u00e7\u00e3o","user_position":"Lider","session_id":"2hd3g6fet7451ql8hktk3rs7ol"}
2025-07-22 08:17:47 - [login] INICIO - session_id: sb25ssn0krca2fcrj0908ejg3v - {"csrf_tokens":[]}
2025-07-22 08:17:48 - [login] SALVOU SESSION NO BANCO: cnvdg5i1svbqi050cnne1f7njh - $_SESSION: {"user_id":2,"user_name":"Rafael Mendes de Oliveira","user_email":"rafael.oliveira@tiaraju.com.br","user_username":"rafael.oliveira","user_image":null,"user_department":"Tecnologia da Informa\u00e7\u00e3o","user_position":"Administrador","session_id":"cnvdg5i1svbqi050cnne1f7njh"}
2025-07-22 08:24:52 - [login] INICIO - session_id: p2fe4ueq1ngv113ngjud9jfv5m - {"csrf_tokens":[]}
2025-07-22 08:24:52 - [login] SALVOU SESSION NO BANCO: 8fch9140o2s4j9it1klm89f3i2 - $_SESSION: {"user_id":2,"user_name":"Rafael Mendes de Oliveira","user_email":"rafael.oliveira@tiaraju.com.br","user_username":"rafael.oliveira","user_image":null,"user_department":"Tecnologia da Informa\u00e7\u00e3o","user_position":"Administrador","session_id":"8fch9140o2s4j9it1klm89f3i2"}
2025-07-23 07:14:23 - [login] INICIO - session_id: e4t8lu5sqajk8n5hl5mh6g2h0g - {"csrf_tokens":[]}
2025-07-23 07:14:23 - [login] SALVOU SESSION NO BANCO: bnrk2mngu8ai2vu2mgqqusslje - $_SESSION: {"user_id":1,"user_name":"Manager","user_email":"manager@tiaraju.com.br","user_username":"manager","user_image":"users\/1\/user_687feaf14b4ad.jpg","user_department":"Tecnologia da Informa\u00e7\u00e3o","user_position":"Lider","session_id":"bnrk2mngu8ai2vu2mgqqusslje"}
2025-07-23 07:27:12 - [login] INICIO - session_id: e2td23qtdaccbi1u9skr951c7h - {"csrf_tokens":[]}
2025-07-23 07:27:12 - [login] SALVOU SESSION NO BANCO: dd5dner01rnca9jbcbmuubtohj - $_SESSION: {"user_id":2,"user_name":"Rafael Mendes de Oliveira","user_email":"rafael.oliveira@tiaraju.com.br","user_username":"rafael.oliveira","user_image":"users\/2\/user_687fee62305c9.jpg","user_department":"Tecnologia da Informa\u00e7\u00e3o","user_position":"Administrador","session_id":"dd5dner01rnca9jbcbmuubtohj"}
2025-07-23 10:22:35 - [login] INICIO - session_id: tckhgvh5mu7aurucobm2fbgk9q - {"csrf_tokens":[]}
2025-07-23 10:22:35 - [login] SALVOU SESSION NO BANCO: 28g5es6q4re4ck9bqucptt6ond - $_SESSION: {"user_id":2,"user_name":"Rafael Mendes de Oliveira","user_email":"rafael.oliveira@tiaraju.com.br","user_username":"rafael.oliveira","user_image":"users\/2\/user_687fee62305c9.jpg","user_department":"Tecnologia da Informa\u00e7\u00e3o","user_position":"Administrador","session_id":"28g5es6q4re4ck9bqucptt6ond"}
2025-07-24 17:06:06 - [login] INICIO - session_id: djl0lrrv3gcdukjhtfv8rnjid5 - {"csrf_tokens":[]}
2025-07-24 17:06:06 - [login] SALVOU SESSION NO BANCO: gufddndvrn3566bt54rbqtsvr9 - $_SESSION: {"user_id":2,"user_name":"Rafael Mendes de Oliveira","user_email":"rafael.oliveira@tiaraju.com.br","user_username":"rafael.oliveira","user_image":"users\/2\/user_687fee62305c9.jpg","user_department":"Tecnologia da Informa\u00e7\u00e3o","user_position":"Administrador","session_id":"gufddndvrn3566bt54rbqtsvr9"}
2025-07-28 07:17:38 - [login] INICIO - session_id: bf971qij75bm55qvsg1bb0gcu3 - {"csrf_tokens":[]}
2025-07-28 07:17:39 - [login] SALVOU SESSION NO BANCO: odkgt0gaaluq4nkg4q38utn1v2 - $_SESSION: {"user_id":1,"user_name":"Manager","user_email":"manager@tiaraju.com.br","user_username":"manager","user_image":"users\/1\/user_687feaf14b4ad.jpg","user_department":"Tecnologia da Informa\u00e7\u00e3o","user_position":"Lider","session_id":"odkgt0gaaluq4nkg4q38utn1v2"}
2025-07-28 17:02:14 - [login] INICIO - session_id: idr5242kurdujh7sc91rqhevqv - {"csrf_tokens":[]}
2025-07-28 17:02:16 - [login] SALVOU SESSION NO BANCO: l47dg2rp0qom0h4pvsn996uen6 - $_SESSION: {"user_id":1,"user_name":"Manager","user_email":"manager@tiaraju.com.br","user_username":"manager","user_image":"users\/1\/user_687feaf14b4ad.jpg","user_department":"Tecnologia da Informa\u00e7\u00e3o","user_position":"Lider","session_id":"l47dg2rp0qom0h4pvsn996uen6"}
2025-07-29 09:19:38 - [login] INICIO - session_id: fflf3vqfqrnisg36lumjadft60 - {"csrf_tokens":[]}
2025-07-29 09:19:38 - [login] SALVOU SESSION NO BANCO: 4i2ep92mlpet1utbe7ppr485ou - $_SESSION: {"user_id":1,"user_name":"Manager","user_email":"manager@tiaraju.com.br","user_username":"manager","user_image":"users\/1\/user_687feaf14b4ad.jpg","user_department":"Tecnologia da Informa\u00e7\u00e3o","user_position":"Lider","session_id":"4i2ep92mlpet1utbe7ppr485ou"}
2025-07-30 14:26:22 - [login] INICIO - session_id: 3jo5r0bfrvmt1ifqsq00gkhmlc - {"csrf_tokens":[]}
2025-07-30 14:26:23 - [login] SALVOU SESSION NO BANCO: epa766fdqn67i35qn007r91qcl - $_SESSION: {"user_id":7,"user_name":"Camila Carvalho Lago","user_email":"camila.lago@tiaraju.com.br","user_username":"camila.lago","user_image":null,"user_department":"Garantia da Qualidade","user_position":"Analista","session_id":"epa766fdqn67i35qn007r91qcl"}
2025-07-30 14:27:32 - [login] INICIO - session_id: an7dqo1gglb6lmd6n8n9v6so0c - {"csrf_tokens":[]}
2025-07-30 14:27:33 - [login] SALVOU SESSION NO BANCO: 8j4e5lg0pbbqa16dlnvmmcqjc8 - $_SESSION: {"user_id":7,"user_name":"Camila Carvalho Lago","user_email":"camila.lago@tiaraju.com.br","user_username":"camila.lago","user_image":null,"user_department":"Garantia da Qualidade","user_position":"Analista","session_id":"8j4e5lg0pbbqa16dlnvmmcqjc8"}
2025-07-30 14:35:07 - [login] INICIO - session_id: 0ae0u9ulvc78i4305pr9joapc8 - {"csrf_tokens":[]}
2025-07-30 14:35:07 - [login] SALVOU SESSION NO BANCO: uvqj8sbc0ucosnlbmnjls1ofu2 - $_SESSION: {"user_id":7,"user_name":"Camila Carvalho Lago","user_email":"camila.lago@tiaraju.com.br","user_username":"camila.lago","user_image":null,"user_department":"Garantia da Qualidade","user_position":"Analista","session_id":"uvqj8sbc0ucosnlbmnjls1ofu2"}
2025-07-30 14:35:22 - [login] INICIO - session_id: qq00makeck5s6qmq3i0078t96s - {"csrf_tokens":[]}
2025-07-30 16:30:31 - [login] INICIO - session_id: 1lmqe36ikv6v4ve2nag7g8pbg1 - {"csrf_tokens":[]}
2025-07-30 16:30:35 - [login] INICIO - session_id: up8hts1mb5d28godpja6l83089 - {"csrf_tokens":[]}
2025-07-30 17:18:14 - [login] INICIO - session_id: umev1ebguiojp2d0cabp1sn1sv - {"csrf_tokens":[]}
2025-07-30 17:18:14 - [login] SALVOU SESSION NO BANCO: jonv6tvrhkidu5ud6ieffcdquh - $_SESSION: {"user_id":1,"user_name":"Manager","user_email":"manager@tiaraju.com.br","user_username":"manager","user_image":"users\/1\/user_687feaf14b4ad.jpg","user_department":"Tecnologia da Informa\u00e7\u00e3o","user_position":"Lider","session_id":"jonv6tvrhkidu5ud6ieffcdquh"}
2025-07-30 18:38:39 - [login] INICIO - session_id: fsnnhvk4d4ko7b6pvmghuse68q - {"csrf_tokens":[]}
2025-07-30 18:38:39 - [login] SALVOU SESSION NO BANCO: rr6qqsqu72qenkcbbdrnjqqea1 - $_SESSION: {"user_id":1,"user_name":"Manager","user_email":"manager@tiaraju.com.br","user_username":"manager","user_image":"users\/1\/user_687feaf14b4ad.jpg","user_department":"Tecnologia da Informa\u00e7\u00e3o","user_position":"Lider","session_id":"rr6qqsqu72qenkcbbdrnjqqea1"}
2025-07-31 07:14:06 - [login] INICIO - session_id: jonv6tvrhkidu5ud6ieffcdquh - {"csrf_tokens":[]}
2025-07-31 07:14:06 - [login] SALVOU SESSION NO BANCO: cce17pdvr4foe08m87mdknlu8s - $_SESSION: {"user_id":1,"user_name":"Manager","user_email":"manager@tiaraju.com.br","user_username":"manager","user_image":"users\/1\/user_687feaf14b4ad.jpg","user_department":"Tecnologia da Informa\u00e7\u00e3o","user_position":"Lider","session_id":"cce17pdvr4foe08m87mdknlu8s"}
2025-08-04 09:02:14 - [login] INICIO - session_id: lksne82t4b1ngl8uls4c0cujrp - {"csrf_tokens":[]}
2025-08-04 09:02:15 - [login] SALVOU SESSION NO BANCO: e7i1mmg3um9d6r61qhbl4jt7hd - $_SESSION: {"user_id":7,"user_name":"Camila Carvalho Lago","user_email":"camila.lago@tiaraju.com.br","user_username":"camila.lago","user_image":null,"user_department":"Garantia da Qualidade","user_position":"Analista","session_id":"e7i1mmg3um9d6r61qhbl4jt7hd"}
2025-08-05 08:03:13 - [login] INICIO - session_id: 4goreblb39oihev8vbmltauec4 - {"csrf_tokens":[]}
2025-08-05 08:03:14 - [login] SALVOU SESSION NO BANCO: i08lrobn9obggsua5kbjftpoia - $_SESSION: {"user_id":7,"user_name":"Camila Carvalho Lago","user_email":"camila.lago@tiaraju.com.br","user_username":"camila.lago","user_image":null,"user_department":"Garantia da Qualidade","user_position":"Analista","session_id":"i08lrobn9obggsua5kbjftpoia"}
2025-08-05 09:23:25 - [login] INICIO - session_id: s9qmcvb7pj90o6c92psr131gv6 - {"csrf_tokens":[]}
2025-08-05 09:23:25 - [login] SALVOU SESSION NO BANCO: 98qtj7b8kajvhn6vgk55n3e6qv - $_SESSION: {"user_id":1,"user_name":"Manager","user_email":"manager@tiaraju.com.br","user_username":"manager","user_image":"users\/1\/user_687feaf14b4ad.jpg","user_department":"Tecnologia da Informa\u00e7\u00e3o","user_position":"Lider","session_id":"98qtj7b8kajvhn6vgk55n3e6qv"}
2025-08-05 15:41:10 - [login] INICIO - session_id: 27opu86iq1vl5o493q0lldl1sk - {"csrf_tokens":[]}
2025-08-05 15:41:10 - [login] SALVOU SESSION NO BANCO: imte5u7iiprhhn682t21tervjg - $_SESSION: {"user_id":2,"user_name":"Rafael Mendes de Oliveira","user_email":"rafael.oliveira@tiaraju.com.br","user_username":"rafael.oliveira","user_image":"users\/2\/user_687fee62305c9.jpg","user_department":"Tecnologia da Informa\u00e7\u00e3o","user_position":"Administrador","session_id":"imte5u7iiprhhn682t21tervjg"}
2025-08-05 15:47:04 - [login] INICIO - session_id: sbj6fq95ohoofrs4sf81k4d6so - {"csrf_tokens":[]}
2025-08-05 15:47:04 - [login] SALVOU SESSION NO BANCO: f92pfqqj2ljkpnjbm1ou1o5ddq - $_SESSION: {"user_id":2,"user_name":"Rafael Mendes de Oliveira","user_email":"rafael.oliveira@tiaraju.com.br","user_username":"rafael.oliveira","user_image":"users\/2\/user_687fee62305c9.jpg","user_department":"Tecnologia da Informa\u00e7\u00e3o","user_position":"Administrador","session_id":"f92pfqqj2ljkpnjbm1ou1o5ddq"}
2025-08-07 10:28:41 - [login] INICIO - session_id: b409gudmiivgaviurff0a6qu53 - {"csrf_tokens":[]}
2025-08-07 10:28:48 - [login] INICIO - session_id: b409gudmiivgaviurff0a6qu53 - {"csrf_tokens":[]}
2025-08-07 10:28:48 - [login] SALVOU SESSION NO BANCO: 5dghjpq4pc33lfvd3bikeih3im - $_SESSION: {"user_id":1,"user_name":"Manager","user_email":"manager@tiaraju.com.br","user_username":"manager","user_image":"users\/1\/user_687feaf14b4ad.jpg","user_department":"Tecnologia da Informa\u00e7\u00e3o","user_position":"Lider","session_id":"5dghjpq4pc33lfvd3bikeih3im"}
2025-08-11 18:50:03 - [login] INICIO - session_id: m20v7afvgh3om06ac3n1509geb - {"csrf_tokens":[]}
2025-08-11 18:50:04 - [login] SALVOU SESSION NO BANCO: bmfc4oi7sbtg1bhs5er4vu4e21 - $_SESSION: {"user_id":1,"user_name":"Manager","user_email":"manager@tiaraju.com.br","user_username":"manager","user_image":"users\/1\/user_687feaf14b4ad.jpg","user_department":"Tecnologia da Informa\u00e7\u00e3o","user_position":"Lider","session_id":"bmfc4oi7sbtg1bhs5er4vu4e21"}
2025-08-12 08:56:56 - [login] INICIO - session_id: vlgmc2qm2e3k57rt384ublgt7r - {"csrf_tokens":[]}
2025-08-12 08:56:58 - [login] SALVOU SESSION NO BANCO: jib3m0uq2aaegkse9tle1d99c9 - $_SESSION: {"user_id":1,"user_name":"Manager","user_email":"manager@tiaraju.com.br","user_username":"manager","user_image":"users\/1\/user_687feaf14b4ad.jpg","user_department":"Tecnologia da Informa\u00e7\u00e3o","user_position":"Lider","session_id":"jib3m0uq2aaegkse9tle1d99c9"}
2025-08-12 15:12:19 - [login] INICIO - session_id: f92pfqqj2ljkpnjbm1ou1o5ddq - {"csrf_tokens":[]}
2025-08-12 15:12:27 - [login] INICIO - session_id: eu00bh5c9fqjqt0ebokhkb5pbl - {"csrf_tokens":[]}
2025-08-12 15:12:27 - [login] SALVOU SESSION NO BANCO: 471csv0unuiqqlr9ek2lnpf3ja - $_SESSION: {"user_id":14,"user_name":"teste1","user_email":"teste1@teste.com","user_username":"teste1","user_image":"users\/14\/user_687fedd8987b0.png","user_department":"Comercial","user_position":"Analista","session_id":"471csv0unuiqqlr9ek2lnpf3ja"}
2025-08-12 19:11:26 - [login] INICIO - session_id: lcqvv2ang0cur9upa18q0shtel - {"csrf_tokens":[]}
2025-08-12 19:11:27 - [login] SALVOU SESSION NO BANCO: e4unnbs04jjqi7ft5veeef89o6 - $_SESSION: {"user_id":1,"user_name":"Manager","user_email":"manager@tiaraju.com.br","user_username":"manager","user_image":"users\/1\/user_687feaf14b4ad.jpg","user_department":"Tecnologia da Informa\u00e7\u00e3o","user_position":"Lider","session_id":"e4unnbs04jjqi7ft5veeef89o6"}
2025-08-13 07:23:35 - [login] INICIO - session_id: udkef7s1vsfu6pkh5b9i6lgag0 - {"csrf_tokens":[]}
2025-08-13 07:23:36 - [login] SALVOU SESSION NO BANCO: u5kmuiog5rgh0k8h4dba4d39vh - $_SESSION: {"user_id":1,"user_name":"Manager","user_email":"manager@tiaraju.com.br","user_username":"manager","user_image":"users\/1\/user_687feaf14b4ad.jpg","user_department":"Tecnologia da Informa\u00e7\u00e3o","user_position":"Lider","session_id":"u5kmuiog5rgh0k8h4dba4d39vh"}
2025-08-13 10:08:55 - [login] INICIO - session_id: 9jm97nojt120o7dgshr9nphpev - {"csrf_tokens":[]}
2025-08-13 10:08:55 - [login] SALVOU SESSION NO BANCO: 679prc827mtcimeno2q1elfiid - $_SESSION: {"user_id":1,"user_name":"Manager","user_email":"manager@tiaraju.com.br","user_username":"manager","user_image":"users\/1\/user_687feaf14b4ad.jpg","user_department":"Tecnologia da Informa\u00e7\u00e3o","user_position":"Lider","session_id":"679prc827mtcimeno2q1elfiid"}
2025-08-13 15:35:24 - [login] INICIO - session_id: 471csv0unuiqqlr9ek2lnpf3ja - {"csrf_tokens":[]}
2025-08-13 15:35:24 - [login] SALVOU SESSION NO BANCO: efgfdv3pu6su3hugrqvgaki6sh - $_SESSION: {"user_id":14,"user_name":"teste1","user_email":"teste1@teste.com","user_username":"teste1","user_image":"users\/14\/user_687fedd8987b0.png","user_department":"Comercial","user_position":"Analista","session_id":"efgfdv3pu6su3hugrqvgaki6sh"}
2025-08-13 16:27:35 - [login] INICIO - session_id: 48q3194ohpuu6hjeucp4qh90k0 - {"csrf_tokens":[]}
2025-08-13 16:27:35 - [login] SALVOU SESSION NO BANCO: g5k8o0o0jggr1jphgfbine50nm - $_SESSION: {"user_id":14,"user_name":"teste1","user_email":"teste1@teste.com","user_username":"teste1","user_image":"users\/14\/user_687fedd8987b0.png","user_department":"Comercial","user_position":"Analista","session_id":"g5k8o0o0jggr1jphgfbine50nm"}
2025-08-13 17:33:03 - [login] INICIO - session_id: qc6nblo62v75pgk3ogmqeelsjv - {"csrf_tokens":[]}
2025-08-13 17:33:03 - [login] SALVOU SESSION NO BANCO: f0b2nvou5f18pgbt6su30hltb3 - $_SESSION: {"user_id":14,"user_name":"teste1","user_email":"teste1@teste.com","user_username":"teste1","user_image":"users\/14\/user_687fedd8987b0.png","user_department":"Comercial","user_position":"Analista","session_id":"f0b2nvou5f18pgbt6su30hltb3"}
2025-08-14 09:43:27 - [login] INICIO - session_id: a7ljb45lisnqq828bpf6a1bqif - {"csrf_tokens":[]}
2025-08-14 09:43:28 - [login] SALVOU SESSION NO BANCO: jimi4letpf59chtb1i2s5v0rp1 - $_SESSION: {"user_id":1,"user_name":"Manager","user_email":"manager@tiaraju.com.br","user_username":"manager","user_image":"users\/1\/user_687feaf14b4ad.jpg","user_department":"Tecnologia da Informa\u00e7\u00e3o","user_position":"Lider","session_id":"jimi4letpf59chtb1i2s5v0rp1"}
2025-08-14 09:49:54 - [login] INICIO - session_id: cefmlp33bjd37u12adfsu12vk0 - {"csrf_tokens":[]}
2025-08-14 09:49:54 - [login] SALVOU SESSION NO BANCO: teucoci1lnlsr00chv6aidi7p6 - $_SESSION: {"user_id":1,"user_name":"Manager","user_email":"manager@tiaraju.com.br","user_username":"manager","user_image":"users\/1\/user_687feaf14b4ad.jpg","user_department":"Tecnologia da Informa\u00e7\u00e3o","user_position":"Lider","session_id":"teucoci1lnlsr00chv6aidi7p6"}
2025-08-14 09:53:42 - [force_password_change] INICIO - session_id: r386327unl27shc0g13mislisq - []
2025-08-14 09:53:49 - [login] INICIO - session_id: r386327unl27shc0g13mislisq - {"csrf_tokens":[]}
2025-08-14 09:53:49 - [login] SALVOU SESSION NO BANCO: 0i47plibpiq6n22c2u1hkfcu81 - $_SESSION: {"user_id":14,"user_name":"teste1","user_email":"teste1@teste.com","user_username":"teste1","user_image":"users\/14\/user_687fedd8987b0.png","user_department":"Comercial","user_position":"Analista","session_id":"0i47plibpiq6n22c2u1hkfcu81"}
2025-08-14 09:55:53 - [login] INICIO - session_id: mf5o73opfgv6lqt2elqafqmdv4 - {"csrf_tokens":[]}
2025-08-14 09:55:53 - [login] SALVOU SESSION NO BANCO: kiluvm43e05ll7md09m13a5adm - $_SESSION: {"user_id":1,"user_name":"Manager","user_email":"manager@tiaraju.com.br","user_username":"manager","user_image":"users\/1\/user_687feaf14b4ad.jpg","user_department":"Tecnologia da Informa\u00e7\u00e3o","user_position":"Lider","session_id":"kiluvm43e05ll7md09m13a5adm"}
2025-08-14 09:57:34 - [login] INICIO - session_id: 7boibvgrt81k3pphd7d0mkqrro - {"csrf_tokens":[]}
2025-08-14 09:57:35 - [login] SALVOU SESSION NO BANCO: o2c70k4381juh88de5m8b3bqk3 - $_SESSION: {"user_id":1,"user_name":"Manager","user_email":"manager@tiaraju.com.br","user_username":"manager","user_image":"users\/1\/user_687feaf14b4ad.jpg","user_department":"Tecnologia da Informa\u00e7\u00e3o","user_position":"Lider","session_id":"o2c70k4381juh88de5m8b3bqk3"}
2025-08-14 09:58:21 - [login] INICIO - session_id: 7fhid4b8jnvk895ljkn36n2pap - {"csrf_tokens":[]}
2025-08-14 09:58:22 - [login] SALVOU SESSION NO BANCO: d78kn23hspipdt86qopipf8pgj - $_SESSION: {"user_id":1,"user_name":"Manager","user_email":"manager@tiaraju.com.br","user_username":"manager","user_image":"users\/1\/user_687feaf14b4ad.jpg","user_department":"Tecnologia da Informa\u00e7\u00e3o","user_position":"Lider","session_id":"d78kn23hspipdt86qopipf8pgj"}
2025-08-14 10:03:42 - [login] INICIO - session_id: od0k762iv6jq0jngjbcag79con - {"csrf_tokens":[]}
2025-08-14 10:03:42 - [login] SALVOU SESSION NO BANCO: ilbp7eom9urlj1nrql2savq0rt - $_SESSION: {"user_id":14,"user_name":"teste1","user_email":"teste1@teste.com","user_username":"teste1","user_image":"users\/14\/user_687fedd8987b0.png","user_department":"Comercial","user_position":"Analista","session_id":"ilbp7eom9urlj1nrql2savq0rt"}
2025-08-14 10:03:58 - [login] INICIO - session_id: lbq3pqc0d97nkcfli1dnbcqpu4 - {"csrf_tokens":[]}
2025-08-14 10:03:59 - [login] SALVOU SESSION NO BANCO: 44cueg8pdjlgbhj81es283op3o - $_SESSION: {"user_id":14,"user_name":"teste1","user_email":"teste1@teste.com","user_username":"teste1","user_image":"users\/14\/user_687fedd8987b0.png","user_department":"Comercial","user_position":"Analista","session_id":"44cueg8pdjlgbhj81es283op3o"}
2025-08-14 10:04:39 - [login] INICIO - session_id: 6k0lmg44d84p36deomrub5qbim - {"csrf_tokens":[]}
2025-08-14 10:04:40 - [login] SALVOU SESSION NO BANCO: 1jmq2jsg4pu4uebpk3ml3c32o6 - $_SESSION: {"user_id":1,"user_name":"Manager","user_email":"manager@tiaraju.com.br","user_username":"manager","user_image":"users\/1\/user_687feaf14b4ad.jpg","user_department":"Tecnologia da Informa\u00e7\u00e3o","user_position":"Lider","session_id":"1jmq2jsg4pu4uebpk3ml3c32o6"}
2025-08-14 10:11:59 - [login] INICIO - session_id: fpedsobql0oajqgoq4hn0iaj60 - {"csrf_tokens":[]}
2025-08-14 10:11:59 - [login] SALVOU SESSION NO BANCO: 2s4jqpseq24g0f97ou7eb6ecra - $_SESSION: {"user_id":1,"user_name":"Manager","user_email":"manager@tiaraju.com.br","user_username":"manager","user_image":"users\/1\/user_687feaf14b4ad.jpg","user_department":"Tecnologia da Informa\u00e7\u00e3o","user_position":"Lider","session_id":"2s4jqpseq24g0f97ou7eb6ecra"}
2025-08-14 10:13:48 - [login] INICIO - session_id: 7o64frivgvggsseiiic20lcrv0 - {"csrf_tokens":[]}
2025-08-14 10:13:48 - [login] SALVOU SESSION NO BANCO: oe2hg3ipevmnuqhum6kqhabk18 - $_SESSION: {"user_id":1,"user_name":"Manager","user_email":"manager@tiaraju.com.br","user_username":"manager","user_image":"users\/1\/user_687feaf14b4ad.jpg","user_department":"Tecnologia da Informa\u00e7\u00e3o","user_position":"Lider","session_id":"oe2hg3ipevmnuqhum6kqhabk18"}
2025-08-14 10:23:20 - [login] INICIO - session_id: h8vffqoq847hs5ef5i6k0rkrcb - {"csrf_tokens":[]}
2025-08-14 10:23:20 - [login] SALVOU SESSION NO BANCO: n63cokce1r351g3h9ovpghdfbl - $_SESSION: {"user_id":1,"user_name":"Manager","user_email":"manager@tiaraju.com.br","user_username":"manager","user_image":"users\/1\/user_687feaf14b4ad.jpg","user_department":"Tecnologia da Informa\u00e7\u00e3o","user_position":"Lider","session_id":"n63cokce1r351g3h9ovpghdfbl"}
2025-08-14 10:30:26 - [login] INICIO - session_id: p272qn4c45io40uvqatsc4vei4 - {"csrf_tokens":[]}
2025-08-14 10:30:26 - [login] SALVOU SESSION NO BANCO: lqdfj03aqd0unnr5v28n5fgti3 - $_SESSION: {"user_id":1,"user_name":"Manager","user_email":"manager@tiaraju.com.br","user_username":"manager","user_image":"users\/1\/user_687feaf14b4ad.jpg","user_department":"Tecnologia da Informa\u00e7\u00e3o","user_position":"Lider","session_id":"lqdfj03aqd0unnr5v28n5fgti3"}
2025-08-14 10:38:57 - [login] INICIO - session_id: jts77961fi4r5pseqr7dg71uh3 - {"csrf_tokens":[]}
2025-08-14 10:38:58 - [login] SALVOU SESSION NO BANCO: 8rfdp19or8ibikqsp7thcf4065 - $_SESSION: {"user_id":1,"user_name":"Manager","user_email":"manager@tiaraju.com.br","user_username":"manager","user_image":"users\/1\/user_687feaf14b4ad.jpg","user_department":"Tecnologia da Informa\u00e7\u00e3o","user_position":"Lider","session_id":"8rfdp19or8ibikqsp7thcf4065"}
2025-08-14 10:43:55 - [login] INICIO - session_id: lojgea1h0u3v9fhoee2hu4cjct - {"csrf_tokens":[]}
2025-08-14 10:43:55 - [login] SALVOU SESSION NO BANCO: rlogcqgqa8h39f4a60q35n6vb6 - $_SESSION: {"user_id":14,"user_name":"teste1","user_email":"teste1@teste.com","user_username":"teste1","user_image":"users\/14\/user_687fedd8987b0.png","user_department":"Comercial","user_position":"Analista","session_id":"rlogcqgqa8h39f4a60q35n6vb6"}
2025-08-14 11:52:45 - [login] INICIO - session_id: 3hm4sdsq3in4re1868pgjk6i89 - {"csrf_tokens":[]}
2025-08-14 11:52:46 - [login] SALVOU SESSION NO BANCO: loq79a9pv39u69j6brm566d69u - $_SESSION: {"user_id":1,"user_name":"Manager","user_email":"manager@tiaraju.com.br","user_username":"manager","user_image":"users\/1\/user_687feaf14b4ad.jpg","user_department":"Tecnologia da Informa\u00e7\u00e3o","user_position":"Lider","session_id":"loq79a9pv39u69j6brm566d69u"}
2025-08-14 15:33:51 - [login] INICIO - session_id: rlogcqgqa8h39f4a60q35n6vb6 - {"csrf_tokens":[]}
2025-08-14 15:33:52 - [login] SALVOU SESSION NO BANCO: khtqqmolg2qs6n27e5nf9fb7h0 - $_SESSION: {"user_id":14,"user_name":"teste1","user_email":"teste1@teste.com","user_username":"teste1","user_image":"users\/14\/user_687fedd8987b0.png","user_department":"Comercial","user_position":"Analista","session_id":"khtqqmolg2qs6n27e5nf9fb7h0"}
2025-08-14 18:55:44 - [login] INICIO - session_id: 0imluq97i6ulmdc1ff62js6kp4 - {"csrf_tokens":[]}
2025-08-14 18:55:50 - [login] INICIO - session_id: n0lnkeg7iqqnck33l5odp97i7q - {"csrf_tokens":[]}
2025-08-14 18:55:51 - [login] SALVOU SESSION NO BANCO: 45rt2n499uv0g2fejiluln9e2l - $_SESSION: {"user_id":1,"user_name":"Manager","user_email":"manager@tiaraju.com.br","user_username":"manager","user_image":"users\/1\/user_687feaf14b4ad.jpg","user_department":"Tecnologia da Informa\u00e7\u00e3o","user_position":"Lider","session_id":"45rt2n499uv0g2fejiluln9e2l"}
2025-08-15 07:09:40 - [login] INICIO - session_id: rbl1dvgk5q1enunco46o3iov73 - {"csrf_tokens":[]}
2025-08-15 07:09:40 - [login] SALVOU SESSION NO BANCO: oistoq3ncgr03m0uloag6c1rac - $_SESSION: {"user_id":1,"user_name":"Manager","user_email":"manager@tiaraju.com.br","user_username":"manager","user_image":"users\/1\/user_687feaf14b4ad.jpg","user_department":"Tecnologia da Informa\u00e7\u00e3o","user_position":"Lider","session_id":"oistoq3ncgr03m0uloag6c1rac"}
2025-08-15 07:55:18 - [login] INICIO - session_id: cvdiiegkg0p54sqhe912keptpn - {"csrf_tokens":[]}
2025-08-15 07:55:27 - [login] INICIO - session_id: k9rgioopdluid8c8ch22b51u0r - {"csrf_tokens":[]}
2025-08-15 07:55:27 - [login] SALVOU SESSION NO BANCO: tmtfq8qua5q3gohi36kspkb40i - $_SESSION: {"user_id":14,"user_name":"teste1","user_email":"teste1@teste.com","user_username":"teste1","user_image":"users\/14\/user_687fedd8987b0.png","user_department":"Comercial","user_position":"Analista","session_id":"tmtfq8qua5q3gohi36kspkb40i"}
2025-08-15 08:49:49 - [login] INICIO - session_id: kniq0m26cps0ie3delfh59oq2o - {"csrf_tokens":[]}
2025-08-15 08:50:08 - [login] INICIO - session_id: 7a9if38jc8o2bsp099jm5udejb - {"csrf_tokens":[]}
2025-08-15 08:51:26 - [login] INICIO - session_id: 307qcjie94bnor5mrtt2trjvac - {"csrf_tokens":[]}
2025-08-15 08:53:16 - [login] INICIO - session_id: 20lkn58h7m3p4n9t8epq5j99m6 - {"csrf_tokens":[]}
2025-08-15 08:53:17 - [login] SALVOU SESSION NO BANCO: 9r8eqii771ialof35gtfof0959 - $_SESSION: {"user_id":3,"user_name":"Wladimir Ribeiro de Souza","user_email":"wladimir.souza@tiaraju.com.br","user_username":"wladimir.souza","user_image":null,"user_department":"Tecnologia da Informa\u00e7\u00e3o","user_position":"Analista","session_id":"9r8eqii771ialof35gtfof0959"}
2025-08-15 09:15:54 - [login] INICIO - session_id: 6o5g1h9f441piuge0tiiqlph4t - {"csrf_tokens":[]}
2025-08-15 09:15:54 - [login] SALVOU SESSION NO BANCO: uqk023k408gblhlbm9i7dkgk07 - $_SESSION: {"user_id":3,"user_name":"Wladimir Ribeiro de Souza","user_email":"wladimir.souza@tiaraju.com.br","user_username":"wladimir.souza","user_image":"users\/3\/user_689f24c2cf330.png","user_department":"Tecnologia da Informa\u00e7\u00e3o","user_position":"Analista","session_id":"uqk023k408gblhlbm9i7dkgk07"}
2025-08-15 09:57:15 - [login] INICIO - session_id: qea68jciqp50fijtpmbtiv6ni6 - {"csrf_tokens":[]}
2025-08-15 09:57:16 - [login] SALVOU SESSION NO BANCO: 37bqvf1rnk7bnrh4npnmb2csrc - $_SESSION: {"user_id":3,"user_name":"Wladimir Ribeiro de Souza","user_email":"wladimir.souza@tiaraju.com.br","user_username":"wladimir.souza","user_image":"users\/3\/user_689f24c2cf330.png","user_department":"Tecnologia da Informa\u00e7\u00e3o","user_position":"Analista","session_id":"37bqvf1rnk7bnrh4npnmb2csrc"}
2025-08-15 11:58:01 - [login] INICIO - session_id: 7m60j317n08mpvf0hfi82mlgmb - {"csrf_tokens":[]}
2025-08-15 11:58:02 - [login] SALVOU SESSION NO BANCO: cnmui0qhv2fi3oeo02vttr81uj - $_SESSION: {"user_id":1,"user_name":"Manager","user_email":"manager@tiaraju.com.br","user_username":"manager","user_image":"users\/1\/user_689f399b90aba.jpg","user_department":"Tecnologia da Informa\u00e7\u00e3o","user_position":"Lider","session_id":"cnmui0qhv2fi3oeo02vttr81uj"}
2025-08-15 15:02:44 - [login] INICIO - session_id: tmtfq8qua5q3gohi36kspkb40i - {"csrf_tokens":[]}
2025-08-15 15:02:51 - [login] INICIO - session_id: ivqvk13u6jpos0p8pafeee4ffu - {"csrf_tokens":[]}
2025-08-15 15:02:51 - [login] SALVOU SESSION NO BANCO: hkjq2kvofi0eos77ib3905gte5 - $_SESSION: {"user_id":14,"user_name":"Teste 1","user_email":"teste1@teste.com","user_username":"teste1","user_image":"users\/14\/user_689f203871b6e.png","user_department":"Comercial","user_position":"Analista","session_id":"hkjq2kvofi0eos77ib3905gte5"}
2025-08-15 16:07:45 - [login] INICIO - session_id: 2675a1vsu0b9mnq64v035gg11r - {"csrf_tokens":[]}
2025-08-15 16:07:48 - [login] SALVOU SESSION NO BANCO: so4b5qcg9tg5u3tfb4c5o4kirh - $_SESSION: {"user_id":1,"user_name":"Manager","user_email":"manager@tiaraju.com.br","user_username":"manager","user_image":"1.jpg","user_department":"Tecnologia da Informa\u00e7\u00e3o","user_position":"Lider","session_id":"so4b5qcg9tg5u3tfb4c5o4kirh"}
2025-08-15 16:08:18 - [login] INICIO - session_id: nu36ph9uh8am2imt27buqs8rc5 - {"csrf_tokens":[]}
2025-08-15 16:08:18 - [login] SALVOU SESSION NO BANCO: pndaoetjes2030qcq5supvdbvj - $_SESSION: {"user_id":14,"user_name":"Teste 1","user_email":"teste1@teste.com","user_username":"teste1","user_image":"img1.png","user_department":"Comercial","user_position":"Analista","session_id":"pndaoetjes2030qcq5supvdbvj"}
2025-08-15 16:46:41 - [login] INICIO - session_id: c2gcen5f2es6dvmsp8nsmecn06 - {"csrf_tokens":[]}
2025-08-15 16:46:41 - [login] SALVOU SESSION NO BANCO: 9ne1d3et7se988tgqa26m8u4ar - $_SESSION: {"user_id":3,"user_name":"Wladimir Ribeiro de Souza","user_email":"wladimir.souza@tiaraju.com.br","user_username":"wladimir.souza","user_image":"users\/3\/user_689f24c2cf330.png","user_department":"Tecnologia da Informa\u00e7\u00e3o","user_position":"Analista","session_id":"9ne1d3et7se988tgqa26m8u4ar"}
2025-08-15 16:49:39 - [login] INICIO - session_id: tj8jue7r51sfup1hgh6hksgt2k - {"csrf_tokens":[]}
2025-08-15 16:49:39 - [login] SALVOU SESSION NO BANCO: r7h6dg9dgq79e0m710rqd455c2 - $_SESSION: {"user_id":3,"user_name":"Wladimir Ribeiro de Souza","user_email":"wladimir.souza@tiaraju.com.br","user_username":"wladimir.souza","user_image":"screenshot-10.png","user_department":"Tecnologia da Informa\u00e7\u00e3o","user_position":"Analista","session_id":"r7h6dg9dgq79e0m710rqd455c2"}
2025-08-15 16:50:47 - [login] INICIO - session_id: 4i47pkcslmul803mbbf1ejm6mm - {"csrf_tokens":[]}
2025-08-15 16:50:48 - [login] SALVOU SESSION NO BANCO: 2c56a8uaqiqpirfmocpeoiec3h - $_SESSION: {"user_id":3,"user_name":"Wladimir Ribeiro de Souza","user_email":"wladimir.souza@tiaraju.com.br","user_username":"wladimir.souza","user_image":"4.jpg","user_department":"Tecnologia da Informa\u00e7\u00e3o","user_position":"Analista","session_id":"2c56a8uaqiqpirfmocpeoiec3h"}
2025-08-15 16:51:43 - [login] INICIO - session_id: 2lcepqn8inimn924r659moc839 - {"csrf_tokens":[]}
2025-08-15 16:51:44 - [login] SALVOU SESSION NO BANCO: ke5tafjg3b1lh3pl3om5bq6q1o - $_SESSION: {"user_id":3,"user_name":"Wladimir Ribeiro de Souza","user_email":"wladimir.souza@tiaraju.com.br","user_username":"wladimir.souza","user_image":"1000037041.jpg","user_department":"Tecnologia da Informa\u00e7\u00e3o","user_position":"Analista","session_id":"ke5tafjg3b1lh3pl3om5bq6q1o"}
2025-08-15 16:55:06 - [login] INICIO - session_id: gf6crsb1tl7a8jbnb3nkjc0711 - {"csrf_tokens":[]}
2025-08-15 16:55:06 - [login] SALVOU SESSION NO BANCO: tscatj53n7cp9krrva0blks85e - $_SESSION: {"user_id":3,"user_name":"Wladimir Ribeiro de Souza","user_email":"wladimir.souza@tiaraju.com.br","user_username":"wladimir.souza","user_image":"screenshot-10.png","user_department":"Tecnologia da Informa\u00e7\u00e3o","user_position":"Analista","session_id":"tscatj53n7cp9krrva0blks85e"}
2025-08-15 19:56:11 - [login] INICIO - session_id: vot9e6v2gr24dmii8i8u8lgo40 - {"csrf_tokens":[]}
2025-08-15 19:56:12 - [login] SALVOU SESSION NO BANCO: 6kum7k7188mt02fut8vgkb2oua - $_SESSION: {"user_id":3,"user_name":"Wladimir Ribeiro de Souza","user_email":"wladimir.souza@tiaraju.com.br","user_username":"wladimir.souza","user_image":"1000037041.jpg","user_department":"Tecnologia da Informa\u00e7\u00e3o","user_position":"Analista","session_id":"6kum7k7188mt02fut8vgkb2oua"}
2025-08-15 17:01:25 - [login] INICIO - session_id: t99jbaerq70tsi4m45maje4e4e - {"csrf_tokens":[]}
2025-08-15 17:01:25 - [login] SALVOU SESSION NO BANCO: ro6u6ftg8d078509a9b6opdf7d - $_SESSION: {"user_id":3,"user_name":"Wladimir Ribeiro de Souza","user_email":"wladimir.souza@tiaraju.com.br","user_username":"wladimir.souza","user_image":"screenshot-10.png","user_department":"Tecnologia da Informa\u00e7\u00e3o","user_position":"Analista","session_id":"ro6u6ftg8d078509a9b6opdf7d"}
2025-08-15 17:05:06 - [login] INICIO - session_id: oss98kg12n2tbtt1f7e4ul5obs - {"csrf_tokens":[]}
2025-08-15 17:05:20 - [login] INICIO - session_id: 8an9u2id5g0qmh7apl44nohv2v - {"csrf_tokens":[]}
2025-08-15 17:05:21 - [login] SALVOU SESSION NO BANCO: p066v3j13s10praclbvt065tas - $_SESSION: {"user_id":3,"user_name":"Wladimir Ribeiro de Souza","user_email":"wladimir.souza@tiaraju.com.br","user_username":"wladimir.souza","user_image":"win-20250815-17-02-43-pro.jpg","user_department":"Tecnologia da Informa\u00e7\u00e3o","user_position":"Analista","session_id":"p066v3j13s10praclbvt065tas"}
2025-08-15 17:06:41 - [login] INICIO - session_id: eqicecmpeehu0bsjjub2mf72oj - {"csrf_tokens":[]}
2025-08-15 17:06:41 - [login] SALVOU SESSION NO BANCO: kgchrcg98q9h39uhp8b9634p7t - $_SESSION: {"user_id":3,"user_name":"Wladimir Ribeiro de Souza","user_email":"wladimir.souza@tiaraju.com.br","user_username":"wladimir.souza","user_image":"img-20250813-wa0024.jpg","user_department":"Tecnologia da Informa\u00e7\u00e3o","user_position":"Analista","session_id":"kgchrcg98q9h39uhp8b9634p7t"}
2025-08-15 17:13:05 - [login] INICIO - session_id: 2d01fprdejac8hdkdvit23pr26 - {"csrf_tokens":[]}
2025-08-15 17:13:05 - [login] SALVOU SESSION NO BANCO: 9qjpr00of92fcrbjoav7i509g2 - $_SESSION: {"user_id":14,"user_name":"Teste 1","user_email":"teste1@teste.com","user_username":"teste1","user_image":"img1.png","user_department":"Comercial","user_position":"Analista","session_id":"9qjpr00of92fcrbjoav7i509g2"}
2025-08-15 17:13:41 - [login] INICIO - session_id: en15nge6oborkkv1tlcelq0omi - {"csrf_tokens":[]}
2025-08-15 17:13:41 - [force_password_change] INICIO - session_id: qpaiclgo5jvvnk44rm3ntemf6c - {"user_id":13,"user_name":"Usu\u00e1rio Teste","user_email":"usuario.teste@teste.com","user_username":"usuario.teste","user_image":"users\/13\/user_687fed1719606.png","user_department":"Assuntos Regulat\u00f3rio","user_position":"Auxiliar","force_password_change":true,"session_id":"qpaiclgo5jvvnk44rm3ntemf6c"}
2025-08-15 17:14:08 - [force_password_change] INICIO - session_id: qpaiclgo5jvvnk44rm3ntemf6c - {"user_id":13,"user_name":"Usu\u00e1rio Teste","user_email":"usuario.teste@teste.com","user_username":"usuario.teste","user_image":"users\/13\/user_687fed1719606.png","user_department":"Assuntos Regulat\u00f3rio","user_position":"Auxiliar","force_password_change":true,"session_id":"qpaiclgo5jvvnk44rm3ntemf6c"}
2025-08-15 17:24:01 - [login] INICIO - session_id: m86bsv253iog3uior929l3elac - {"csrf_tokens":[]}
2025-08-15 17:24:01 - [login] SALVOU SESSION NO BANCO: tqqo0fccj3lm1sicrrius815pv - $_SESSION: {"user_id":3,"user_name":"Wladimir Ribeiro de Souza","user_email":"wladimir.souza@tiaraju.com.br","user_username":"wladimir.souza","user_image":"screenshot-10.png","user_department":"Tecnologia da Informa\u00e7\u00e3o","user_position":"Analista","session_id":"tqqo0fccj3lm1sicrrius815pv"}
2025-08-15 17:32:32 - [login] INICIO - session_id: u10htmd5t03gmlgcjqho1rm5t6 - {"csrf_tokens":[]}
2025-08-15 17:32:32 - [login] SALVOU SESSION NO BANCO: nvcfr6tcvd0oem087vokb1gg5u - $_SESSION: {"user_id":3,"user_name":"Wladimir Ribeiro de Souza","user_email":"wladimir.souza@tiaraju.com.br","user_username":"wladimir.souza","user_image":"screenshot-10.png","user_department":"Tecnologia da Informa\u00e7\u00e3o","user_position":"Analista","session_id":"nvcfr6tcvd0oem087vokb1gg5u"}
2025-08-17 10:16:34 - [login] INICIO - session_id: 8ona22afebmjd6bsmo3ssk851g - {"csrf_tokens":[]}
2025-08-17 10:16:34 - [login] SALVOU SESSION NO BANCO: vos24b46380guc5v0iu09s85nk - $_SESSION: {"user_id":1,"user_name":"Manager","user_email":"manager@tiaraju.com.br","user_username":"manager","user_image":"1.jpg","user_department":"Tecnologia da Informa\u00e7\u00e3o","user_position":"Lider","session_id":"vos24b46380guc5v0iu09s85nk"}
2025-08-17 10:52:24 - [login] INICIO - session_id: 5j1141jbdnr5s3u6apt9s4lckg - {"csrf_tokens":[]}
2025-08-17 10:52:37 - [login] INICIO - session_id: 3bjrcctgl4c02u6rhjpvv6bv67 - {"csrf_tokens":[]}
2025-08-17 10:52:38 - [login] SALVOU SESSION NO BANCO: 4md357cevfe20k1v3957l09j22 - $_SESSION: {"user_id":15,"user_name":"Maria Silva","user_email":"maria@empresa.com","user_username":"maria.silva","user_image":"icon_user.png","user_department":"Assuntos Regulat\u00f3rio 1","user_position":"Analista","session_id":"4md357cevfe20k1v3957l09j22"}
2025-08-18 07:15:12 - [login] INICIO - session_id: so4b5qcg9tg5u3tfb4c5o4kirh - {"csrf_tokens":[]}
2025-08-18 07:15:12 - [login] SALVOU SESSION NO BANCO: ne8v6012rjn9vi7hk34pe2joru - $_SESSION: {"user_id":1,"user_name":"Manager","user_email":"manager@tiaraju.com.br","user_username":"manager","user_image":"1.jpg","user_department":"Tecnologia da Informa\u00e7\u00e3o","user_position":"Lider","session_id":"ne8v6012rjn9vi7hk34pe2joru"}
2025-08-18 08:17:11 - [login] INICIO - session_id: p1tv2b7e6cqoon8tiorj2j79va - {"csrf_tokens":[]}
2025-08-18 08:17:11 - [login] SALVOU SESSION NO BANCO: 42epthnj53s8u36qjp32haa7dq - $_SESSION: {"user_id":3,"user_name":"Wladimir Ribeiro de Souza","user_email":"wladimir.souza@tiaraju.com.br","user_username":"wladimir.souza","user_image":"win-20250815-17-33-33-pro.jpg","user_department":"Tecnologia da Informa\u00e7\u00e3o","user_position":"Analista","session_id":"42epthnj53s8u36qjp32haa7dq"}
